#
# There is insufficient memory for the Java Runtime Environment to continue.
# Native memory allocation (malloc) failed to allocate 32744 bytes for ChunkPool::allocate
# Possible reasons:
#   The system is out of physical RAM or swap space
#   In 32 bit mode, the process size limit was hit
# Possible solutions:
#   Reduce memory load on the system
#   Increase physical memory or swap space
#   Check if swap backing store is full
#   Use 64 bit Java on a 64 bit OS
#   Decrease Java heap size (-Xmx/-Xms)
#   Decrease number of Java threads
#   Decrease Java thread stack sizes (-Xss)
#   Set larger code cache with -XX:ReservedCodeCacheSize=
# This output file may be truncated or incomplete.
#
#  Out of Memory Error (allocation.cpp:273), pid=2176, tid=0x000000000000237c
#
# JRE version: Java(TM) SE Runtime Environment (8.0_181-b13) (build 1.8.0_181-b13)
# Java VM: Java HotSpot(TM) 64-Bit Server VM (25.181-b13 mixed mode windows-amd64 compressed oops)
# Failed to write core dump. Minidumps are not enabled by default on client versions of Windows
#

---------------  T H R E A D  ---------------

Current thread (0x0000000013361000):  JavaThread "C2 CompilerThread0" daemon [_thread_in_native, id=9084, stack(0x0000000014ca0000,0x0000000014da0000)]

Stack: [0x0000000014ca0000,0x0000000014da0000]
[error occurred during error reporting (printing stack bounds), id 0xc0000005]

Native frames: (J=compiled Java code, j=interpreted, Vv=VM code, C=native code)


Current CompileTask:
C2:   3872 1037       4       org.objectweb.asm.ClassReader::a (162 bytes)


---------------  P R O C E S S  ---------------

Java Threads: ( => current thread )
  0x0000000014711800 JavaThread "Service Thread" daemon [_thread_blocked, id=6188, stack(0x0000000014fa0000,0x00000000150a0000)]
  0x00000000146fe000 JavaThread "C1 CompilerThread2" daemon [_thread_blocked, id=14920, stack(0x0000000014ea0000,0x0000000014fa0000)]
  0x00000000146ab000 JavaThread "C2 CompilerThread1" daemon [_thread_in_native, id=1092, stack(0x0000000014da0000,0x0000000014ea0000)]
=>0x0000000013361000 JavaThread "C2 CompilerThread0" daemon [_thread_in_native, id=9084, stack(0x0000000014ca0000,0x0000000014da0000)]
  0x000000001335f000 JavaThread "Attach Listener" daemon [_thread_blocked, id=11396, stack(0x0000000014ba0000,0x0000000014ca0000)]
  0x00000000133ae800 JavaThread "Signal Dispatcher" daemon [_thread_blocked, id=1536, stack(0x0000000014aa0000,0x0000000014ba0000)]
  0x0000000002fee000 JavaThread "Finalizer" daemon [_thread_blocked, id=9796, stack(0x00000000145a0000,0x00000000146a0000)]
  0x0000000002fe3000 JavaThread "Reference Handler" daemon [_thread_blocked, id=13480, stack(0x00000000144a0000,0x00000000145a0000)]
  0x0000000002ef4800 JavaThread "main" [_thread_in_vm, id=6132, stack(0x0000000002df0000,0x0000000002ef0000)]

Other Threads:
  0x0000000013318000 VMThread [stack: 0x00000000143a0000,0x00000000144a0000] [id=4120]
  0x0000000014707000 WatcherThread [stack: 0x00000000150a0000,0x00000000151a0000] [id=6988]

VM state:not at safepoint (normal execution)

VM Mutex/Monitor currently owned by a thread: None

Heap:
 PSYoungGen      total 18944K, used 12654K [0x00000000feb00000, 0x0000000100000000, 0x0000000100000000)
  eden space 16384K, 61% used [0x00000000feb00000,0x00000000ff4de9b0,0x00000000ffb00000)
  from space 2560K, 99% used [0x00000000ffd80000,0x00000000ffffd1a0,0x0000000100000000)
  to   space 2560K, 0% used [0x00000000ffb00000,0x00000000ffb00000,0x00000000ffd80000)
 ParOldGen       total 44032K, used 5521K [0x00000000fc000000, 0x00000000feb00000, 0x00000000feb00000)
  object space 44032K, 12% used [0x00000000fc000000,0x00000000fc564598,0x00000000feb00000)
 Metaspace       used 7914K, capacity 8094K, committed 8192K, reserved 1060864K
  class space    used 932K, capacity 1021K, committed 1024K, reserved 1048576K

Card table byte_map: [0x0000000002910000,0x0000000002940000] byte_map_base: 0x0000000002130000

Marking Bits: (ParMarkBitMap*) 0x0000000060632d00
 Begin Bits: [0x00000000127b0000, 0x00000000128b0000)
 End Bits:   [0x00000000128b0000, 0x00000000129b0000)

Polling page: 0x00000000010c0000

CodeCache: size=245760Kb used=3867Kb max_used=3867Kb free=241892Kb
 bounds [0x0000000002ff0000, 0x00000000033c0000, 0x0000000011ff0000]
 total_blobs=1371 nmethods=1036 adapters=248
 compilation: enabled

Compilation events (10 events):
Event: 3.854 Thread 0x00000000146fe000 1033       3       java.util.ArrayList::addAll (54 bytes)
Event: 3.855 Thread 0x00000000146fe000 nmethod 1033 0x00000000033b3d50 code [0x00000000033b3f00, 0x00000000033b45e8]
Event: 3.856 Thread 0x0000000013361000 1034       4       org.objectweb.asm.MethodWriter::visitMaxs (1146 bytes)
Event: 3.861 Thread 0x0000000013361000 nmethod 1034 0x00000000033b05d0 code [0x00000000033b0720, 0x00000000033b0a98]
Event: 3.863 Thread 0x00000000146fe000 1035       3       java.util.Arrays$ArrayList::toArray (11 bytes)
Event: 3.863 Thread 0x00000000146fe000 nmethod 1035 0x00000000033b3810 code [0x00000000033b3980, 0x00000000033b3c88]
Event: 3.863 Thread 0x0000000013361000 1036       4       org.objectweb.asm.MethodVisitor::visitEnd (15 bytes)
Event: 3.863 Thread 0x0000000013361000 nmethod 1036 0x00000000033b0310 code [0x00000000033b0440, 0x00000000033b04d8]
Event: 3.865 Thread 0x0000000013361000 1037       4       org.objectweb.asm.ClassReader::a (162 bytes)
Event: 3.865 Thread 0x00000000146fe000 1038       3       org.objectweb.asm.tree.MethodNode::accept (916 bytes)

GC Heap History (4 events):
Event: 2.112 GC heap before
{Heap before GC invocations=1 (full 0):
 PSYoungGen      total 18944K, used 16384K [0x00000000feb00000, 0x0000000100000000, 0x0000000100000000)
  eden space 16384K, 100% used [0x00000000feb00000,0x00000000ffb00000,0x00000000ffb00000)
  from space 2560K, 0% used [0x00000000ffd80000,0x00000000ffd80000,0x0000000100000000)
  to   space 2560K, 0% used [0x00000000ffb00000,0x00000000ffb00000,0x00000000ffd80000)
 ParOldGen       total 44032K, used 0K [0x00000000fc000000, 0x00000000feb00000, 0x00000000feb00000)
  object space 44032K, 0% used [0x00000000fc000000,0x00000000fc000000,0x00000000feb00000)
 Metaspace       used 6646K, capacity 6828K, committed 7040K, reserved 1058816K
  class space    used 799K, capacity 856K, committed 896K, reserved 1048576K
Event: 2.125 GC heap after
Heap after GC invocations=1 (full 0):
 PSYoungGen      total 18944K, used 2552K [0x00000000feb00000, 0x0000000100000000, 0x0000000100000000)
  eden space 16384K, 0% used [0x00000000feb00000,0x00000000feb00000,0x00000000ffb00000)
  from space 2560K, 99% used [0x00000000ffb00000,0x00000000ffd7e020,0x00000000ffd80000)
  to   space 2560K, 0% used [0x00000000ffd80000,0x00000000ffd80000,0x0000000100000000)
 ParOldGen       total 44032K, used 1584K [0x00000000fc000000, 0x00000000feb00000, 0x00000000feb00000)
  object space 44032K, 3% used [0x00000000fc000000,0x00000000fc18c180,0x00000000feb00000)
 Metaspace       used 6646K, capacity 6828K, committed 7040K, reserved 1058816K
  class space    used 799K, capacity 856K, committed 896K, reserved 1048576K
}
Event: 2.885 GC heap before
{Heap before GC invocations=2 (full 0):
 PSYoungGen      total 18944K, used 18936K [0x00000000feb00000, 0x0000000100000000, 0x0000000100000000)
  eden space 16384K, 100% used [0x00000000feb00000,0x00000000ffb00000,0x00000000ffb00000)
  from space 2560K, 99% used [0x00000000ffb00000,0x00000000ffd7e020,0x00000000ffd80000)
  to   space 2560K, 0% used [0x00000000ffd80000,0x00000000ffd80000,0x0000000100000000)
 ParOldGen       total 44032K, used 1584K [0x00000000fc000000, 0x00000000feb00000, 0x00000000feb00000)
  object space 44032K, 3% used [0x00000000fc000000,0x00000000fc18c180,0x00000000feb00000)
 Metaspace       used 7863K, capacity 8030K, committed 8192K, reserved 1060864K
  class space    used 932K, capacity 1021K, committed 1024K, reserved 1048576K
Event: 2.926 GC heap after
Heap after GC invocations=2 (full 0):
 PSYoungGen      total 18944K, used 2548K [0x00000000feb00000, 0x0000000100000000, 0x0000000100000000)
  eden space 16384K, 0% used [0x00000000feb00000,0x00000000feb00000,0x00000000ffb00000)
  from space 2560K, 99% used [0x00000000ffd80000,0x00000000ffffd1a0,0x0000000100000000)
  to   space 2560K, 0% used [0x00000000ffb00000,0x00000000ffb00000,0x00000000ffd80000)
 ParOldGen       total 44032K, used 5521K [0x00000000fc000000, 0x00000000feb00000, 0x00000000feb00000)
  object space 44032K, 12% used [0x00000000fc000000,0x00000000fc564598,0x00000000feb00000)
 Metaspace       used 7863K, capacity 8030K, committed 8192K, reserved 1060864K
  class space    used 932K, capacity 1021K, committed 1024K, reserved 1048576K
}

Deoptimization events (10 events):
Event: 2.420 Thread 0x0000000002ef4800 Uncommon trap: reason=class_check action=maybe_recompile pc=0x000000000321f96c method=com.google.common.collect.TransformedIterator.hasNext()Z @ 4
Event: 2.420 Thread 0x0000000002ef4800 Uncommon trap: reason=class_check action=maybe_recompile pc=0x000000000320f998 method=com.google.common.collect.TransformedIterator.next()Ljava/lang/Object; @ 5
Event: 2.420 Thread 0x0000000002ef4800 Uncommon trap: reason=class_check action=maybe_recompile pc=0x000000000320b050 method=com.google.common.collect.Iterators$7.transform(Ljava/lang/Object;)Ljava/lang/Object; @ 5
Event: 2.420 Thread 0x0000000002ef4800 Uncommon trap: reason=class_check action=maybe_recompile pc=0x000000000321f96c method=com.google.common.collect.TransformedIterator.hasNext()Z @ 4
Event: 2.420 Thread 0x0000000002ef4800 Uncommon trap: reason=class_check action=maybe_recompile pc=0x000000000320f998 method=com.google.common.collect.TransformedIterator.next()Ljava/lang/Object; @ 5
Event: 2.420 Thread 0x0000000002ef4800 Uncommon trap: reason=class_check action=maybe_recompile pc=0x000000000320b050 method=com.google.common.collect.Iterators$7.transform(Ljava/lang/Object;)Ljava/lang/Object; @ 5
Event: 2.420 Thread 0x0000000002ef4800 Uncommon trap: reason=class_check action=maybe_recompile pc=0x000000000320f998 method=com.google.common.collect.TransformedIterator.next()Ljava/lang/Object; @ 5
Event: 2.420 Thread 0x0000000002ef4800 Uncommon trap: reason=class_check action=maybe_recompile pc=0x000000000320b050 method=com.google.common.collect.Iterators$7.transform(Ljava/lang/Object;)Ljava/lang/Object; @ 5
Event: 2.728 Thread 0x0000000002ef4800 Uncommon trap: reason=unstable_if action=reinterpret pc=0x00000000032c8e6c method=java.lang.String.<init>([CII)V @ 18
Event: 2.929 Thread 0x0000000002ef4800 Uncommon trap: reason=unstable_if action=reinterpret pc=0x00000000033397d8 method=org.objectweb.asm.Item.a(Lorg/objectweb/asm/Item;)Z @ 345

Classes redefined (0 events):
No events

Internal exceptions (10 events):
Event: 2.150 Thread 0x0000000002ef4800 Implicit null exception at 0x000000000320937d to 0x00000000032097b1
Event: 2.192 Thread 0x0000000002ef4800 Exception <a 'sun/nio/fs/WindowsException'> (0x00000000ff24be50) thrown at [C:\re\workspace\8-2-build-windows-amd64-cygwin\jdk8u181\11358\hotspot\src\share\vm\prims\jni.cpp, line 709]
Event: 2.192 Thread 0x0000000002ef4800 Exception <a 'sun/nio/fs/WindowsException'> (0x00000000ff24c420) thrown at [C:\re\workspace\8-2-build-windows-amd64-cygwin\jdk8u181\11358\hotspot\src\share\vm\prims\jni.cpp, line 709]
Event: 2.192 Thread 0x0000000002ef4800 Exception <a 'sun/nio/fs/WindowsException'> (0x00000000ff24ca18) thrown at [C:\re\workspace\8-2-build-windows-amd64-cygwin\jdk8u181\11358\hotspot\src\share\vm\prims\jni.cpp, line 709]
Event: 2.192 Thread 0x0000000002ef4800 Exception <a 'sun/nio/fs/WindowsException'> (0x00000000ff24d1e8) thrown at [C:\re\workspace\8-2-build-windows-amd64-cygwin\jdk8u181\11358\hotspot\src\share\vm\prims\jni.cpp, line 709]
Event: 2.193 Thread 0x0000000002ef4800 Exception <a 'sun/nio/fs/WindowsException'> (0x00000000ff24d7b8) thrown at [C:\re\workspace\8-2-build-windows-amd64-cygwin\jdk8u181\11358\hotspot\src\share\vm\prims\jni.cpp, line 709]
Event: 2.194 Thread 0x0000000002ef4800 Exception <a 'sun/nio/fs/WindowsException'> (0x00000000ff24df78) thrown at [C:\re\workspace\8-2-build-windows-amd64-cygwin\jdk8u181\11358\hotspot\src\share\vm\prims\jni.cpp, line 709]
Event: 2.209 Thread 0x0000000002ef4800 Exception <a 'sun/nio/fs/WindowsException'> (0x00000000ff2533e0) thrown at [C:\re\workspace\8-2-build-windows-amd64-cygwin\jdk8u181\11358\hotspot\src\share\vm\prims\jni.cpp, line 709]
Event: 2.367 Thread 0x0000000002ef4800 Exception <a 'sun/nio/fs/WindowsException'> (0x00000000ff6474f8) thrown at [C:\re\workspace\8-2-build-windows-amd64-cygwin\jdk8u181\11358\hotspot\src\share\vm\prims\jni.cpp, line 709]
Event: 2.367 Thread 0x0000000002ef4800 Exception <a 'sun/nio/fs/WindowsException'> (0x00000000ff647a50) thrown at [C:\re\workspace\8-2-build-windows-amd64-cygwin\jdk8u181\11358\hotspot\src\share\vm\prims\jni.cpp, line 709]

Events (10 events):
Event: 2.728 Thread 0x0000000002ef4800 Uncommon trap: trap_request=0xffffff65 fr.pc=0x00000000032c8e6c
Event: 2.728 Thread 0x0000000002ef4800 DEOPT PACKING pc=0x00000000032c8e6c sp=0x0000000002eeeac0
Event: 2.728 Thread 0x0000000002ef4800 DEOPT UNPACKING pc=0x000000000303583b sp=0x0000000002eee980 mode 2
Event: 2.885 Executing VM operation: ParallelGCFailedAllocation
Event: 2.926 Executing VM operation: ParallelGCFailedAllocation done
Event: 2.929 Thread 0x0000000002ef4800 Uncommon trap: trap_request=0xffffff65 fr.pc=0x00000000033397d8
Event: 2.929 Thread 0x0000000002ef4800 DEOPT PACKING pc=0x00000000033397d8 sp=0x0000000002eee810
Event: 2.929 Thread 0x0000000002ef4800 DEOPT UNPACKING pc=0x000000000303583b sp=0x0000000002eee7a8 mode 2
Event: 3.470 Thread 0x0000000002ef4800 DEOPT PACKING pc=0x000000000335058e sp=0x0000000002eeebe0
Event: 3.470 Thread 0x0000000002ef4800 DEOPT UNPACKING pc=0x0000000003037890 sp=0x0000000002eee9c0 mode 0


Dynamic libraries:
0x00007ff6bcdb0000 - 0x00007ff6bcde7000 	C:\Program Files\Java\jdk1.8.0_181\bin\java.exe
0x00007ff999e70000 - 0x00007ff99a051000 	C:\WINDOWS\SYSTEM32\ntdll.dll
0x00007ff997760000 - 0x00007ff997812000 	C:\WINDOWS\System32\KERNEL32.DLL
0x00007ff9969c0000 - 0x00007ff996c33000 	C:\WINDOWS\System32\KERNELBASE.dll
0x00007ff999750000 - 0x00007ff9997f1000 	C:\WINDOWS\System32\ADVAPI32.dll
0x00007ff999da0000 - 0x00007ff999e3e000 	C:\WINDOWS\System32\msvcrt.dll
0x00007ff999360000 - 0x00007ff9993bb000 	C:\WINDOWS\System32\sechost.dll
0x00007ff999470000 - 0x00007ff999594000 	C:\WINDOWS\System32\RPCRT4.dll
0x00007ff9991d0000 - 0x00007ff999360000 	C:\WINDOWS\System32\USER32.dll
0x00007ff996290000 - 0x00007ff9962b0000 	C:\WINDOWS\System32\win32u.dll
0x00007ff999720000 - 0x00007ff999748000 	C:\WINDOWS\System32\GDI32.dll
0x00007ff9970b0000 - 0x00007ff997242000 	C:\WINDOWS\System32\gdi32full.dll
0x00007ff996f10000 - 0x00007ff996faf000 	C:\WINDOWS\System32\msvcp_win.dll
0x00007ff996fb0000 - 0x00007ff9970aa000 	C:\WINDOWS\System32\ucrtbase.dll
0x00007ff98d300000 - 0x00007ff98d569000 	C:\WINDOWS\WinSxS\amd64_microsoft.windows.common-controls_6595b64144ccf1df_6.0.17134.285_none_fb4297e330656775\COMCTL32.dll
0x00007ff998ea0000 - 0x00007ff9991c3000 	C:\WINDOWS\System32\combase.dll
0x00007ff996c40000 - 0x00007ff996cba000 	C:\WINDOWS\System32\bcryptPrimitives.dll
0x00007ff999b30000 - 0x00007ff999b5d000 	C:\WINDOWS\System32\IMM32.DLL
0x0000000062820000 - 0x00000000628f2000 	C:\Program Files\Java\jdk1.8.0_181\jre\bin\msvcr100.dll
0x000000005fe10000 - 0x00000000606b2000 	C:\Program Files\Java\jdk1.8.0_181\jre\bin\server\jvm.dll
0x00007ff999800000 - 0x00007ff999808000 	C:\WINDOWS\System32\PSAPI.DLL
0x00007ff993350000 - 0x00007ff993373000 	C:\WINDOWS\SYSTEM32\WINMM.dll
0x00007ff98fb70000 - 0x00007ff98fb79000 	C:\WINDOWS\SYSTEM32\WSOCK32.dll
0x00007ff98fca0000 - 0x00007ff98fcaa000 	C:\WINDOWS\SYSTEM32\VERSION.dll
0x00007ff998dc0000 - 0x00007ff998e2c000 	C:\WINDOWS\System32\WS2_32.dll
0x00007ff9932d0000 - 0x00007ff9932fa000 	C:\WINDOWS\SYSTEM32\winmmbase.dll
0x00007ff996240000 - 0x00007ff996289000 	C:\WINDOWS\System32\cfgmgr32.dll
0x0000000062810000 - 0x000000006281f000 	C:\Program Files\Java\jdk1.8.0_181\jre\bin\verify.dll
0x00000000627e0000 - 0x0000000062809000 	C:\Program Files\Java\jdk1.8.0_181\jre\bin\java.dll
0x00000000612a0000 - 0x00000000612b6000 	C:\Program Files\Java\jdk1.8.0_181\jre\bin\zip.dll
0x00007ff997820000 - 0x00007ff998c60000 	C:\WINDOWS\System32\SHELL32.dll
0x00007ff9993c0000 - 0x00007ff999469000 	C:\WINDOWS\System32\shcore.dll
0x00007ff9962b0000 - 0x00007ff9969bd000 	C:\WINDOWS\System32\windows.storage.dll
0x00007ff9998e0000 - 0x00007ff999931000 	C:\WINDOWS\System32\shlwapi.dll
0x00007ff9961e0000 - 0x00007ff9961f1000 	C:\WINDOWS\System32\kernel.appcore.dll
0x00007ff996200000 - 0x00007ff99621f000 	C:\WINDOWS\System32\profapi.dll
0x00007ff996180000 - 0x00007ff9961cc000 	C:\WINDOWS\System32\powrprof.dll
0x00007ff9961d0000 - 0x00007ff9961da000 	C:\WINDOWS\System32\FLTLIB.DLL
0x00007ff995b90000 - 0x00007ff995ba7000 	C:\WINDOWS\SYSTEM32\CRYPTSP.dll
0x00007ff995560000 - 0x00007ff995593000 	C:\WINDOWS\system32\rsaenh.dll
0x00007ff995cc0000 - 0x00007ff995ce5000 	C:\WINDOWS\SYSTEM32\bcrypt.dll
0x00007ff996080000 - 0x00007ff9960a8000 	C:\WINDOWS\SYSTEM32\USERENV.dll
0x00007ff995bb0000 - 0x00007ff995bbb000 	C:\WINDOWS\SYSTEM32\CRYPTBASE.dll
0x0000000061280000 - 0x000000006129a000 	C:\Program Files\Java\jdk1.8.0_181\jre\bin\net.dll
0x00007ff9959e0000 - 0x00007ff995a46000 	C:\WINDOWS\system32\mswsock.dll
0x00007ff995760000 - 0x00007ff995798000 	C:\WINDOWS\SYSTEM32\IPHLPAPI.DLL
0x00007ff998e90000 - 0x00007ff998e98000 	C:\WINDOWS\System32\NSI.dll
0x00007ff990300000 - 0x00007ff990316000 	C:\WINDOWS\SYSTEM32\dhcpcsvc6.DLL
0x00007ff990750000 - 0x00007ff99076a000 	C:\WINDOWS\SYSTEM32\dhcpcsvc.DLL
0x0000000061260000 - 0x0000000061271000 	C:\Program Files\Java\jdk1.8.0_181\jre\bin\nio.dll

VM Arguments:
jvm_args: -Djava.awt.headless=true -Xmx64M -Dfile.encoding=GBK -Duser.country=CN -Duser.language=zh -Duser.variant 
java_command: com.google.devtools.build.android.desugar.Desugar --input D:\ZNGJ\ZNJT\build\intermediates\transforms\stackFramesFixer\debug\13.jar --output D:\ZNGJ\ZNJT\build\intermediates\transforms\desugar\debug\14.jar --input D:\ZNGJ\ZNJT\build\intermediates\transforms\stackFramesFixer\debug\12.jar --output D:\ZNGJ\ZNJT\build\intermediates\transforms\desugar\debug\13.jar --input D:\ZNGJ\ZNJT\build\intermediates\transforms\stackFramesFixer\debug\4.jar --output D:\ZNGJ\ZNJT\build\intermediates\transforms\desugar\debug\5.jar --input D:\ZNGJ\ZNJT\build\intermediates\transforms\stackFramesFixer\debug\1.jar --output D:\ZNGJ\ZNJT\build\intermediates\transforms\desugar\debug\2.jar --input D:\ZNGJ\ZNJT\build\intermediates\transforms\stackFramesFixer\debug\21.jar --output D:\ZNGJ\ZNJT\build\intermediates\transforms\desugar\debug\22.jar --input D:\ZNGJ\ZNJT\build\intermediates\transforms\stackFramesFixer\debug\11.jar --output D:\ZNGJ\ZNJT\build\intermediates\transforms\desugar\debug\12.jar --input D:\ZNGJ\ZNJT\build\intermediates\transforms\stackFramesFixer\debug\24.jar --output D:\ZNGJ\ZNJT\build\intermediates\transforms\desugar\debug\25.jar --input D:\ZNGJ\ZNJT\build\intermediates\transforms\stackFramesFixer\debug\10.jar --output D:\ZNGJ\ZNJT\build\intermediates\transforms\desugar\debug\11.jar --input D:\ZNGJ\ZNJT\build\intermediates\transforms\stackFramesFixer\debug\17.jar --output D:\ZNGJ\ZNJT\build\intermediates\transforms\desugar\debug\18.jar --classpath_entry D:\ZNGJ\ZNJT\build\intermediates\classes\debug --classpath_entry D:\ZNGJ\ZNJT\build\intermediates\transforms\stackFramesFixer\debug\0.jar --classpath_entry D:\ZNGJ\ZNJT\build\intermediates\transforms\stackFramesFixer\debug\1.jar --classpath_entry D:\ZNGJ\ZNJT\build\intermediates\transforms\stackFramesFixer\debug\2.jar --classpath_entry D:\ZNGJ\ZNJT\build\intermediates\transforms\stackFramesFixer\debug\3.jar --classpath_entry D:\ZNGJ\ZNJT\build\intermediates\transforms\stackFramesFixer\debug\4.jar --classpath_en
java_class_path (initial): C:\Users\ThinkPad\AppData\Local\Temp\desugar_deploy.jar261940988231029253
Launcher Type: SUN_STANDARD

Environment Variables:
JAVA_HOME=C:\Program Files\Java\jdk1.8.0_181
CLASSPATH=.;C:\Program Files\Java\jdk1.8.0_181\lib;C:\Program Files\Java\jdk1.8.0_181\lib\tools.jar
PATH=D:\app\ThinkPad\product\11.2.0\dbhome_1\bin;C:\Program Files (x86)\Common Files\Oracle\Java\javapath;C:\Users\ThinkPad\Downloads\bin;C:\Program Files\Microsoft SQL Server\110\DTS\Binn\;C:\Program Files (x86)\Microsoft SQL Server\110\Tools\Binn\;C:\Program Files\Microsoft SQL Server\110\Tools\Binn\;C:\Program Files (x86)\Microsoft SQL Server\110\Tools\Binn\ManagementStudio\;C:\Program Files (x86)\Microsoft Visual Studio 10.0\Common7\IDE\PrivateAssemblies\;C:\Program Files (x86)\Microsoft SQL Server\110\DTS\Binn\;C:\Program Files\TortoiseSVN\bin;C:\Program Files\TortoiseGit\bin;E:\apache-maven-3.5.3\bin;C:\Program Files\nodejs\;C:\Program Files\Git\cmd;D:\a\platform-tools;E:\springBoot\spring-1.3.0.RELEASE\bin;C:\Program Files\Java\jdk1.8.0_181\bin;C:\Program Files\Java\jdk1.8.0_181\jre\bin;;C:\WINDOWS\system32;C:\WINDOWS;C:\WINDOWS\System32\Wbem;C:\WINDOWS\System32\WindowsPowerShell\v1.0\;C:\WINDOWS\System32\OpenSSH\;C:\Users\ThinkPad\AppData\Local\Microsoft\WindowsApps;C:\Users\ThinkPad\AppData\Roaming\npm;
USERNAME=ThinkPad
OS=Windows_NT
PROCESSOR_IDENTIFIER=Intel64 Family 6 Model 78 Stepping 3, GenuineIntel



---------------  S Y S T E M  ---------------

OS: Windows 10.0 , 64 bit Build 17134 (10.0.17134.1)

CPU:total 4 (initial active 4) (2 cores per cpu, 2 threads per core) family 6 model 78 stepping 3, cmov, cx8, fxsr, mmx, sse, sse2, sse3, ssse3, sse4.1, sse4.2, popcnt, avx, avx2, aes, clmul, erms, rtm, 3dnowpref, lzcnt, ht, tsc, tscinvbit, bmi1, bmi2, adx

Memory: 4k page, physical 8289272k(1129128k free), swap 13409272k(60k free)

vm_info: Java HotSpot(TM) 64-Bit Server VM (25.181-b13) for windows-amd64 JRE (1.8.0_181-b13), built on Jul  7 2018 04:01:33 by "java_re" with MS VC++ 10.0 (VS2010)

time: Mon Sep 17 19:07:02 2018
elapsed time: 3 seconds (0d 0h 0m 3s)

