#
# There is insufficient memory for the Java Runtime Environment to continue.
# Native memory allocation (malloc) failed to allocate 307680 bytes for Chunk::new
# Possible reasons:
#   The system is out of physical RAM or swap space
#   In 32 bit mode, the process size limit was hit
# Possible solutions:
#   Reduce memory load on the system
#   Increase physical memory or swap space
#   Check if swap backing store is full
#   Use 64 bit Java on a 64 bit OS
#   Decrease Java heap size (-Xmx/-Xms)
#   Decrease number of Java threads
#   Decrease Java thread stack sizes (-Xss)
#   Set larger code cache with -XX:ReservedCodeCacheSize=
# This output file may be truncated or incomplete.
#
#  Out of Memory Error (allocation.cpp:390), pid=4608, tid=0x0000000000004354
#
# JRE version: Java(TM) SE Runtime Environment (8.0_181-b13) (build 1.8.0_181-b13)
# Java VM: Java HotSpot(TM) 64-Bit Server VM (25.181-b13 mixed mode windows-amd64 compressed oops)
# Failed to write core dump. Minidumps are not enabled by default on client versions of Windows
#

---------------  T H R E A D  ---------------

Current thread (0x0000000013436000):  JavaThread "C2 CompilerThread0" daemon [_thread_in_native, id=17236, stack(0x0000000014d50000,0x0000000014e50000)]

Stack: [0x0000000014d50000,0x0000000014e50000]
[error occurred during error reporting (printing stack bounds), id 0xc0000005]

Native frames: (J=compiled Java code, j=interpreted, Vv=VM code, C=native code)


Current CompileTask:
C2:   2021  901 %     4       org.objectweb.asm.ClassReader::a @ 645 (3587 bytes)


---------------  P R O C E S S  ---------------

Java Threads: ( => current thread )
  0x00000000147b4000 JavaThread "Service Thread" daemon [_thread_blocked, id=2516, stack(0x0000000015050000,0x0000000015150000)]
  0x00000000147ae000 JavaThread "C1 CompilerThread2" daemon [_thread_blocked, id=15116, stack(0x0000000014f50000,0x0000000015050000)]
  0x0000000013439800 JavaThread "C2 CompilerThread1" daemon [_thread_in_native, id=5048, stack(0x0000000014e50000,0x0000000014f50000)]
=>0x0000000013436000 JavaThread "C2 CompilerThread0" daemon [_thread_in_native, id=17236, stack(0x0000000014d50000,0x0000000014e50000)]
  0x00000000133f1800 JavaThread "Attach Listener" daemon [_thread_blocked, id=1180, stack(0x0000000014c50000,0x0000000014d50000)]
  0x00000000133f0800 JavaThread "Signal Dispatcher" daemon [_thread_blocked, id=14340, stack(0x0000000014b50000,0x0000000014c50000)]
  0x00000000133ca800 JavaThread "Finalizer" daemon [_thread_blocked, id=15316, stack(0x0000000014650000,0x0000000014750000)]
  0x00000000133a9800 JavaThread "Reference Handler" daemon [_thread_blocked, id=16956, stack(0x0000000014550000,0x0000000014650000)]
  0x0000000002f84800 JavaThread "main" [_thread_in_vm, id=1048, stack(0x0000000002e20000,0x0000000002f20000)]

Other Threads:
  0x00000000133a8000 VMThread [stack: 0x0000000014450000,0x0000000014550000] [id=11564]
  0x00000000147d1000 WatcherThread [stack: 0x0000000015150000,0x0000000015250000] [id=15224]

VM state:not at safepoint (normal execution)

VM Mutex/Monitor currently owned by a thread: None

Heap:
 PSYoungGen      total 18944K, used 9103K [0x00000000feb00000, 0x0000000100000000, 0x0000000100000000)
  eden space 16384K, 55% used [0x00000000feb00000,0x00000000ff3e3f48,0x00000000ffb00000)
  from space 2560K, 0% used [0x00000000ffd80000,0x00000000ffd80000,0x0000000100000000)
  to   space 2560K, 0% used [0x00000000ffb00000,0x00000000ffb00000,0x00000000ffd80000)
 ParOldGen       total 39424K, used 6803K [0x00000000fc000000, 0x00000000fe680000, 0x00000000feb00000)
  object space 39424K, 17% used [0x00000000fc000000,0x00000000fc6a4f18,0x00000000fe680000)
 Metaspace       used 7895K, capacity 8030K, committed 8192K, reserved 1058816K
  class space    used 932K, capacity 1021K, committed 1024K, reserved 1048576K

Card table byte_map: [0x0000000000bf0000,0x0000000000c20000] byte_map_base: 0x0000000000410000

Marking Bits: (ParMarkBitMap*) 0x0000000060632d00
 Begin Bits: [0x0000000012840000, 0x0000000012940000)
 End Bits:   [0x0000000012940000, 0x0000000012a40000)

Polling page: 0x00000000007f0000

CodeCache: size=245760Kb used=3712Kb max_used=3722Kb free=242047Kb
 bounds [0x0000000003080000, 0x0000000003430000, 0x0000000012080000]
 total_blobs=1322 nmethods=987 adapters=248
 compilation: enabled

Compilation events (10 events):
Event: 2.014 Thread 0x0000000013439800  974       4       org.objectweb.asm.MethodVisitor::<init> (35 bytes)
Event: 2.015 Thread 0x0000000013439800 nmethod 974 0x0000000003403150 code [0x0000000003403280, 0x0000000003403338]
Event: 2.016 Thread 0x00000000147ae000  982       3       org.objectweb.asm.tree.TryCatchBlockNode::accept (189 bytes)
Event: 2.016 Thread 0x00000000147ae000 nmethod 982 0x0000000003420090 code [0x0000000003420320, 0x00000000034215c8]
Event: 2.017 Thread 0x0000000013439800  983       4       org.objectweb.asm.tree.MethodNode::visitLineNumber (21 bytes)
Event: 2.017 Thread 0x00000000147ae000  984       3       sun.nio.ch.Util::access$000 (4 bytes)
Event: 2.017 Thread 0x00000000147ae000 nmethod 984 0x000000000341b150 code [0x000000000341b2a0, 0x000000000341b3d0]
Event: 2.017 Thread 0x00000000147ae000  985       1       java.nio.channels.spi.AbstractInterruptibleChannel::isOpen (5 bytes)
Event: 2.017 Thread 0x00000000147ae000 nmethod 985 0x000000000341ae90 code [0x000000000341afe0, 0x000000000341b0f0]
Event: 2.018 Thread 0x00000000147ae000  987       3       org.objectweb.asm.tree.MethodNode::visitTryCatchBlock (35 bytes)

GC Heap History (6 events):
Event: 1.247 GC heap before
{Heap before GC invocations=1 (full 0):
 PSYoungGen      total 18944K, used 16384K [0x00000000feb00000, 0x0000000100000000, 0x0000000100000000)
  eden space 16384K, 100% used [0x00000000feb00000,0x00000000ffb00000,0x00000000ffb00000)
  from space 2560K, 0% used [0x00000000ffd80000,0x00000000ffd80000,0x0000000100000000)
  to   space 2560K, 0% used [0x00000000ffb00000,0x00000000ffb00000,0x00000000ffd80000)
 ParOldGen       total 44032K, used 0K [0x00000000fc000000, 0x00000000feb00000, 0x00000000feb00000)
  object space 44032K, 0% used [0x00000000fc000000,0x00000000fc000000,0x00000000feb00000)
 Metaspace       used 6637K, capacity 6764K, committed 7040K, reserved 1056768K
  class space    used 799K, capacity 856K, committed 896K, reserved 1048576K
Event: 1.256 GC heap after
Heap after GC invocations=1 (full 0):
 PSYoungGen      total 18944K, used 2536K [0x00000000feb00000, 0x0000000100000000, 0x0000000100000000)
  eden space 16384K, 0% used [0x00000000feb00000,0x00000000feb00000,0x00000000ffb00000)
  from space 2560K, 99% used [0x00000000ffb00000,0x00000000ffd7a030,0x00000000ffd80000)
  to   space 2560K, 0% used [0x00000000ffd80000,0x00000000ffd80000,0x0000000100000000)
 ParOldGen       total 44032K, used 1636K [0x00000000fc000000, 0x00000000feb00000, 0x00000000feb00000)
  object space 44032K, 3% used [0x00000000fc000000,0x00000000fc1991c8,0x00000000feb00000)
 Metaspace       used 6637K, capacity 6764K, committed 7040K, reserved 1056768K
  class space    used 799K, capacity 856K, committed 896K, reserved 1048576K
}
Event: 1.792 GC heap before
{Heap before GC invocations=2 (full 0):
 PSYoungGen      total 18944K, used 17638K [0x00000000feb00000, 0x0000000100000000, 0x0000000100000000)
  eden space 16384K, 92% used [0x00000000feb00000,0x00000000ff9bf830,0x00000000ffb00000)
  from space 2560K, 99% used [0x00000000ffb00000,0x00000000ffd7a030,0x00000000ffd80000)
  to   space 2560K, 0% used [0x00000000ffd80000,0x00000000ffd80000,0x0000000100000000)
 ParOldGen       total 44032K, used 1636K [0x00000000fc000000, 0x00000000feb00000, 0x00000000feb00000)
  object space 44032K, 3% used [0x00000000fc000000,0x00000000fc1991c8,0x00000000feb00000)
 Metaspace       used 7765K, capacity 7902K, committed 7936K, reserved 1060864K
  class space    used 932K, capacity 1021K, committed 1024K, reserved 1048576K
Event: 1.799 GC heap after
Heap after GC invocations=2 (full 0):
 PSYoungGen      total 18944K, used 2534K [0x00000000feb00000, 0x0000000100000000, 0x0000000100000000)
  eden space 16384K, 0% used [0x00000000feb00000,0x00000000feb00000,0x00000000ffb00000)
  from space 2560K, 99% used [0x00000000ffd80000,0x00000000ffff9ad8,0x0000000100000000)
  to   space 2560K, 0% used [0x00000000ffb00000,0x00000000ffb00000,0x00000000ffd80000)
 ParOldGen       total 44032K, used 5627K [0x00000000fc000000, 0x00000000feb00000, 0x00000000feb00000)
  object space 44032K, 12% used [0x00000000fc000000,0x00000000fc57edc8,0x00000000feb00000)
 Metaspace       used 7765K, capacity 7902K, committed 7936K, reserved 1060864K
  class space    used 932K, capacity 1021K, committed 1024K, reserved 1048576K
}
Event: 1.799 GC heap before
{Heap before GC invocations=3 (full 1):
 PSYoungGen      total 18944K, used 2534K [0x00000000feb00000, 0x0000000100000000, 0x0000000100000000)
  eden space 16384K, 0% used [0x00000000feb00000,0x00000000feb00000,0x00000000ffb00000)
  from space 2560K, 99% used [0x00000000ffd80000,0x00000000ffff9ad8,0x0000000100000000)
  to   space 2560K, 0% used [0x00000000ffb00000,0x00000000ffb00000,0x00000000ffd80000)
 ParOldGen       total 44032K, used 5627K [0x00000000fc000000, 0x00000000feb00000, 0x00000000feb00000)
  object space 44032K, 12% used [0x00000000fc000000,0x00000000fc57edc8,0x00000000feb00000)
 Metaspace       used 7765K, capacity 7902K, committed 7936K, reserved 1060864K
  class space    used 932K, capacity 1021K, committed 1024K, reserved 1048576K
Event: 1.834 GC heap after
Heap after GC invocations=3 (full 1):
 PSYoungGen      total 18944K, used 0K [0x00000000feb00000, 0x0000000100000000, 0x0000000100000000)
  eden space 16384K, 0% used [0x00000000feb00000,0x00000000feb00000,0x00000000ffb00000)
  from space 2560K, 0% used [0x00000000ffd80000,0x00000000ffd80000,0x0000000100000000)
  to   space 2560K, 0% used [0x00000000ffb00000,0x00000000ffb00000,0x00000000ffd80000)
 ParOldGen       total 39424K, used 6803K [0x00000000fc000000, 0x00000000fe680000, 0x00000000feb00000)
  object space 39424K, 17% used [0x00000000fc000000,0x00000000fc6a4f18,0x00000000fe680000)
 Metaspace       used 7765K, capacity 7902K, committed 7936K, reserved 1058816K
  class space    used 932K, capacity 1021K, committed 1024K, reserved 1048576K
}

Deoptimization events (10 events):
Event: 1.593 Thread 0x0000000002f84800 Uncommon trap: reason=class_check action=maybe_recompile pc=0x00000000032a57ec method=com.google.common.collect.TransformedIterator.hasNext()Z @ 4
Event: 1.593 Thread 0x0000000002f84800 Uncommon trap: reason=class_check action=maybe_recompile pc=0x000000000329b2d0 method=com.google.common.collect.Iterators$7.transform(Ljava/lang/Object;)Ljava/lang/Object; @ 5
Event: 1.593 Thread 0x0000000002f84800 Uncommon trap: reason=class_check action=maybe_recompile pc=0x00000000032a57ec method=com.google.common.collect.TransformedIterator.hasNext()Z @ 4
Event: 1.593 Thread 0x0000000002f84800 Uncommon trap: reason=class_check action=maybe_recompile pc=0x00000000032a57ec method=com.google.common.collect.TransformedIterator.hasNext()Z @ 4
Event: 1.593 Thread 0x0000000002f84800 Uncommon trap: reason=class_check action=maybe_recompile pc=0x000000000329b2d0 method=com.google.common.collect.Iterators$7.transform(Ljava/lang/Object;)Ljava/lang/Object; @ 5
Event: 1.593 Thread 0x0000000002f84800 Uncommon trap: reason=class_check action=maybe_recompile pc=0x00000000032a57ec method=com.google.common.collect.TransformedIterator.hasNext()Z @ 4
Event: 1.593 Thread 0x0000000002f84800 Uncommon trap: reason=class_check action=maybe_recompile pc=0x000000000329b2d0 method=com.google.common.collect.Iterators$7.transform(Ljava/lang/Object;)Ljava/lang/Object; @ 5
Event: 1.593 Thread 0x0000000002f84800 Uncommon trap: reason=class_check action=maybe_recompile pc=0x000000000329b2d0 method=com.google.common.collect.Iterators$7.transform(Ljava/lang/Object;)Ljava/lang/Object; @ 5
Event: 1.754 Thread 0x0000000002f84800 Uncommon trap: reason=unstable_if action=reinterpret pc=0x00000000033497f0 method=java.lang.String.<init>([CII)V @ 18
Event: 1.854 Thread 0x0000000002f84800 Uncommon trap: reason=unstable_if action=reinterpret pc=0x000000000334dc74 method=java.lang.String.<init>([CII)V @ 18

Classes redefined (0 events):
No events

Internal exceptions (10 events):
Event: 1.282 Thread 0x0000000002f84800 Implicit null exception at 0x00000000032a2f8c to 0x00000000032a3871
Event: 1.356 Thread 0x0000000002f84800 Exception <a 'sun/nio/fs/WindowsException'> (0x00000000ff247ec8) thrown at [C:\re\workspace\8-2-build-windows-amd64-cygwin\jdk8u181\11358\hotspot\src\share\vm\prims\jni.cpp, line 709]
Event: 1.356 Thread 0x0000000002f84800 Exception <a 'sun/nio/fs/WindowsException'> (0x00000000ff248498) thrown at [C:\re\workspace\8-2-build-windows-amd64-cygwin\jdk8u181\11358\hotspot\src\share\vm\prims\jni.cpp, line 709]
Event: 1.356 Thread 0x0000000002f84800 Exception <a 'sun/nio/fs/WindowsException'> (0x00000000ff248a90) thrown at [C:\re\workspace\8-2-build-windows-amd64-cygwin\jdk8u181\11358\hotspot\src\share\vm\prims\jni.cpp, line 709]
Event: 1.356 Thread 0x0000000002f84800 Exception <a 'sun/nio/fs/WindowsException'> (0x00000000ff249260) thrown at [C:\re\workspace\8-2-build-windows-amd64-cygwin\jdk8u181\11358\hotspot\src\share\vm\prims\jni.cpp, line 709]
Event: 1.356 Thread 0x0000000002f84800 Exception <a 'sun/nio/fs/WindowsException'> (0x00000000ff249830) thrown at [C:\re\workspace\8-2-build-windows-amd64-cygwin\jdk8u181\11358\hotspot\src\share\vm\prims\jni.cpp, line 709]
Event: 1.356 Thread 0x0000000002f84800 Exception <a 'sun/nio/fs/WindowsException'> (0x00000000ff249ff0) thrown at [C:\re\workspace\8-2-build-windows-amd64-cygwin\jdk8u181\11358\hotspot\src\share\vm\prims\jni.cpp, line 709]
Event: 1.382 Thread 0x0000000002f84800 Exception <a 'sun/nio/fs/WindowsException'> (0x00000000ff24f458) thrown at [C:\re\workspace\8-2-build-windows-amd64-cygwin\jdk8u181\11358\hotspot\src\share\vm\prims\jni.cpp, line 709]
Event: 1.528 Thread 0x0000000002f84800 Exception <a 'sun/nio/fs/WindowsException'> (0x00000000ff64db30) thrown at [C:\re\workspace\8-2-build-windows-amd64-cygwin\jdk8u181\11358\hotspot\src\share\vm\prims\jni.cpp, line 709]
Event: 1.528 Thread 0x0000000002f84800 Exception <a 'sun/nio/fs/WindowsException'> (0x00000000ff64e088) thrown at [C:\re\workspace\8-2-build-windows-amd64-cygwin\jdk8u181\11358\hotspot\src\share\vm\prims\jni.cpp, line 709]

Events (10 events):
Event: 1.727 loading class org/objectweb/asm/Handler
Event: 1.727 loading class org/objectweb/asm/Handler done
Event: 1.754 Thread 0x0000000002f84800 Uncommon trap: trap_request=0xffffff65 fr.pc=0x00000000033497f0
Event: 1.754 Thread 0x0000000002f84800 DEOPT PACKING pc=0x00000000033497f0 sp=0x0000000002f1f0a0
Event: 1.754 Thread 0x0000000002f84800 DEOPT UNPACKING pc=0x00000000030c583b sp=0x0000000002f1ef70 mode 2
Event: 1.792 Executing VM operation: CollectForMetadataAllocation
Event: 1.834 Executing VM operation: CollectForMetadataAllocation done
Event: 1.854 Thread 0x0000000002f84800 Uncommon trap: trap_request=0xffffff65 fr.pc=0x000000000334dc74
Event: 1.854 Thread 0x0000000002f84800 DEOPT PACKING pc=0x000000000334dc74 sp=0x0000000002f1ec40
Event: 1.854 Thread 0x0000000002f84800 DEOPT UNPACKING pc=0x00000000030c583b sp=0x0000000002f1eb60 mode 2


Dynamic libraries:
0x00007ff6bcdb0000 - 0x00007ff6bcde7000 	C:\Program Files\Java\jdk1.8.0_181\bin\java.exe
0x00007ff999e70000 - 0x00007ff99a051000 	C:\WINDOWS\SYSTEM32\ntdll.dll
0x00007ff997760000 - 0x00007ff997812000 	C:\WINDOWS\System32\KERNEL32.DLL
0x00007ff9969c0000 - 0x00007ff996c33000 	C:\WINDOWS\System32\KERNELBASE.dll
0x00007ff999750000 - 0x00007ff9997f1000 	C:\WINDOWS\System32\ADVAPI32.dll
0x00007ff999da0000 - 0x00007ff999e3e000 	C:\WINDOWS\System32\msvcrt.dll
0x00007ff999360000 - 0x00007ff9993bb000 	C:\WINDOWS\System32\sechost.dll
0x00007ff999470000 - 0x00007ff999594000 	C:\WINDOWS\System32\RPCRT4.dll
0x00007ff9991d0000 - 0x00007ff999360000 	C:\WINDOWS\System32\USER32.dll
0x00007ff996290000 - 0x00007ff9962b0000 	C:\WINDOWS\System32\win32u.dll
0x00007ff999720000 - 0x00007ff999748000 	C:\WINDOWS\System32\GDI32.dll
0x00007ff9970b0000 - 0x00007ff997242000 	C:\WINDOWS\System32\gdi32full.dll
0x00007ff996f10000 - 0x00007ff996faf000 	C:\WINDOWS\System32\msvcp_win.dll
0x00007ff996fb0000 - 0x00007ff9970aa000 	C:\WINDOWS\System32\ucrtbase.dll
0x00007ff98d300000 - 0x00007ff98d569000 	C:\WINDOWS\WinSxS\amd64_microsoft.windows.common-controls_6595b64144ccf1df_6.0.17134.285_none_fb4297e330656775\COMCTL32.dll
0x00007ff998ea0000 - 0x00007ff9991c3000 	C:\WINDOWS\System32\combase.dll
0x00007ff996c40000 - 0x00007ff996cba000 	C:\WINDOWS\System32\bcryptPrimitives.dll
0x00007ff999b30000 - 0x00007ff999b5d000 	C:\WINDOWS\System32\IMM32.DLL
0x0000000062820000 - 0x00000000628f2000 	C:\Program Files\Java\jdk1.8.0_181\jre\bin\msvcr100.dll
0x000000005fe10000 - 0x00000000606b2000 	C:\Program Files\Java\jdk1.8.0_181\jre\bin\server\jvm.dll
0x00007ff999800000 - 0x00007ff999808000 	C:\WINDOWS\System32\PSAPI.DLL
0x00007ff993350000 - 0x00007ff993373000 	C:\WINDOWS\SYSTEM32\WINMM.dll
0x00007ff98fb70000 - 0x00007ff98fb79000 	C:\WINDOWS\SYSTEM32\WSOCK32.dll
0x00007ff998dc0000 - 0x00007ff998e2c000 	C:\WINDOWS\System32\WS2_32.dll
0x00007ff9932d0000 - 0x00007ff9932fa000 	C:\WINDOWS\SYSTEM32\WINMMBASE.dll
0x00007ff996240000 - 0x00007ff996289000 	C:\WINDOWS\System32\cfgmgr32.dll
0x00007ff98fca0000 - 0x00007ff98fcaa000 	C:\WINDOWS\SYSTEM32\VERSION.dll
0x0000000062810000 - 0x000000006281f000 	C:\Program Files\Java\jdk1.8.0_181\jre\bin\verify.dll
0x00000000627e0000 - 0x0000000062809000 	C:\Program Files\Java\jdk1.8.0_181\jre\bin\java.dll
0x00000000612a0000 - 0x00000000612b6000 	C:\Program Files\Java\jdk1.8.0_181\jre\bin\zip.dll
0x00007ff997820000 - 0x00007ff998c60000 	C:\WINDOWS\System32\SHELL32.dll
0x00007ff9993c0000 - 0x00007ff999469000 	C:\WINDOWS\System32\shcore.dll
0x00007ff9962b0000 - 0x00007ff9969bd000 	C:\WINDOWS\System32\windows.storage.dll
0x00007ff9998e0000 - 0x00007ff999931000 	C:\WINDOWS\System32\shlwapi.dll
0x00007ff9961e0000 - 0x00007ff9961f1000 	C:\WINDOWS\System32\kernel.appcore.dll
0x00007ff996200000 - 0x00007ff99621f000 	C:\WINDOWS\System32\profapi.dll
0x00007ff996180000 - 0x00007ff9961cc000 	C:\WINDOWS\System32\powrprof.dll
0x00007ff9961d0000 - 0x00007ff9961da000 	C:\WINDOWS\System32\FLTLIB.DLL
0x00007ff995b90000 - 0x00007ff995ba7000 	C:\WINDOWS\SYSTEM32\CRYPTSP.dll
0x00007ff995560000 - 0x00007ff995593000 	C:\WINDOWS\system32\rsaenh.dll
0x00007ff995cc0000 - 0x00007ff995ce5000 	C:\WINDOWS\SYSTEM32\bcrypt.dll
0x00007ff996080000 - 0x00007ff9960a8000 	C:\WINDOWS\SYSTEM32\USERENV.dll
0x00007ff995bb0000 - 0x00007ff995bbb000 	C:\WINDOWS\SYSTEM32\CRYPTBASE.dll
0x0000000061280000 - 0x000000006129a000 	C:\Program Files\Java\jdk1.8.0_181\jre\bin\net.dll
0x00007ff9959e0000 - 0x00007ff995a46000 	C:\WINDOWS\system32\mswsock.dll
0x00007ff995760000 - 0x00007ff995798000 	C:\WINDOWS\SYSTEM32\IPHLPAPI.DLL
0x00007ff998e90000 - 0x00007ff998e98000 	C:\WINDOWS\System32\NSI.dll
0x00007ff990300000 - 0x00007ff990316000 	C:\WINDOWS\SYSTEM32\dhcpcsvc6.DLL
0x00007ff990750000 - 0x00007ff99076a000 	C:\WINDOWS\SYSTEM32\dhcpcsvc.DLL
0x0000000061260000 - 0x0000000061271000 	C:\Program Files\Java\jdk1.8.0_181\jre\bin\nio.dll

VM Arguments:
jvm_args: -Djava.awt.headless=true -Xmx64M -Dfile.encoding=GBK -Duser.country=CN -Duser.language=zh -Duser.variant 
java_command: com.google.devtools.build.android.desugar.Desugar --input D:\ZNGJ\ZNJT\build\intermediates\transforms\stackFramesFixer\debug\13.jar --output D:\ZNGJ\ZNJT\build\intermediates\transforms\desugar\debug\15.jar --input D:\ZNGJ\ZNJT\build\intermediates\transforms\stackFramesFixer\debug\2.jar --output D:\ZNGJ\ZNJT\build\intermediates\transforms\desugar\debug\4.jar --input D:\ZNGJ\ZNJT\build\intermediates\transforms\stackFramesFixer\debug\14.jar --output D:\ZNGJ\ZNJT\build\intermediates\transforms\desugar\debug\16.jar --input D:\ZNGJ\ZNJT\build\intermediates\transforms\stackFramesFixer\debug\9.jar --output D:\ZNGJ\ZNJT\build\intermediates\transforms\desugar\debug\11.jar --input D:\ZNGJ\ZNJT\build\intermediates\transforms\stackFramesFixer\debug\11.jar --output D:\ZNGJ\ZNJT\build\intermediates\transforms\desugar\debug\13.jar --input D:\ZNGJ\ZNJT\build\intermediates\transforms\stackFramesFixer\debug\24.jar --output D:\ZNGJ\ZNJT\build\intermediates\transforms\desugar\debug\26.jar --input D:\ZNGJ\ZNJT\build\intermediates\transforms\stackFramesFixer\debug\16.jar --output D:\ZNGJ\ZNJT\build\intermediates\transforms\desugar\debug\18.jar --input D:\ZNGJ\ZNJT\build\intermediates\transforms\stackFramesFixer\debug\0.jar --output D:\ZNGJ\ZNJT\build\intermediates\transforms\desugar\debug\2.jar --input D:\ZNGJ\ZNJT\build\intermediates\classes\debug --output D:\ZNGJ\ZNJT\build\intermediates\transforms\desugar\debug\1 --classpath_entry D:\ZNGJ\idcardcamera\build\intermediates\intermediate-jars\debug\classes.jar --classpath_entry D:\ZNGJ\ZNJT\build\intermediates\classes\debug --classpath_entry D:\ZNGJ\ZNJT\build\intermediates\transforms\stackFramesFixer\debug\0.jar --classpath_entry D:\ZNGJ\ZNJT\build\intermediates\transforms\stackFramesFixer\debug\1.jar --classpath_entry D:\ZNGJ\ZNJT\build\intermediates\transforms\stackFramesFixer\debug\2.jar --classpath_entry D:\ZNGJ\ZNJT\build\intermediates\transforms\stackFramesFixer\debug\3.jar --classpath_entry D:\ZNGJ\ZNJT\build\interm
java_class_path (initial): C:\Users\ThinkPad\AppData\Local\Temp\desugar_deploy.jar261940988231029253
Launcher Type: SUN_STANDARD

Environment Variables:
JAVA_HOME=C:\Program Files\Java\jdk1.8.0_181
CLASSPATH=.;C:\Program Files\Java\jdk1.8.0_181\lib;C:\Program Files\Java\jdk1.8.0_181\lib\tools.jar
PATH=D:\app\ThinkPad\product\11.2.0\dbhome_1\bin;C:\Program Files (x86)\Common Files\Oracle\Java\javapath;C:\Users\ThinkPad\Downloads\bin;C:\Program Files\Microsoft SQL Server\110\DTS\Binn\;C:\Program Files (x86)\Microsoft SQL Server\110\Tools\Binn\;C:\Program Files\Microsoft SQL Server\110\Tools\Binn\;C:\Program Files (x86)\Microsoft SQL Server\110\Tools\Binn\ManagementStudio\;C:\Program Files (x86)\Microsoft Visual Studio 10.0\Common7\IDE\PrivateAssemblies\;C:\Program Files (x86)\Microsoft SQL Server\110\DTS\Binn\;C:\Program Files\TortoiseSVN\bin;C:\Program Files\TortoiseGit\bin;E:\apache-maven-3.5.3\bin;C:\Program Files\nodejs\;C:\Program Files\Git\cmd;D:\a\platform-tools;E:\springBoot\spring-1.3.0.RELEASE\bin;C:\Program Files\Java\jdk1.8.0_181\bin;C:\Program Files\Java\jdk1.8.0_181\jre\bin;;C:\WINDOWS\system32;C:\WINDOWS;C:\WINDOWS\System32\Wbem;C:\WINDOWS\System32\WindowsPowerShell\v1.0\;C:\WINDOWS\System32\OpenSSH\;C:\Users\ThinkPad\AppData\Local\Microsoft\WindowsApps;C:\Users\ThinkPad\AppData\Roaming\npm;
USERNAME=ThinkPad
OS=Windows_NT
PROCESSOR_IDENTIFIER=Intel64 Family 6 Model 78 Stepping 3, GenuineIntel



---------------  S Y S T E M  ---------------

OS: Windows 10.0 , 64 bit Build 17134 (10.0.17134.1)

CPU:total 4 (initial active 4) (2 cores per cpu, 2 threads per core) family 6 model 78 stepping 3, cmov, cx8, fxsr, mmx, sse, sse2, sse3, ssse3, sse4.1, sse4.2, popcnt, avx, avx2, aes, clmul, erms, rtm, 3dnowpref, lzcnt, ht, tsc, tscinvbit, bmi1, bmi2, adx

Memory: 4k page, physical 8289272k(2114028k free), swap 13409272k(4008k free)

vm_info: Java HotSpot(TM) 64-Bit Server VM (25.181-b13) for windows-amd64 JRE (1.8.0_181-b13), built on Jul  7 2018 04:01:33 by "java_re" with MS VC++ 10.0 (VS2010)

time: Mon Sep 17 18:56:44 2018
elapsed time: 2 seconds (0d 0h 0m 2s)

