#
# There is insufficient memory for the Java Runtime Environment to continue.
# Native memory allocation (malloc) failed to allocate 2019536 bytes for Chunk::new
# Possible reasons:
#   The system is out of physical RAM or swap space
#   In 32 bit mode, the process size limit was hit
# Possible solutions:
#   Reduce memory load on the system
#   Increase physical memory or swap space
#   Check if swap backing store is full
#   Use 64 bit Java on a 64 bit OS
#   Decrease Java heap size (-Xmx/-Xms)
#   Decrease number of Java threads
#   Decrease Java thread stack sizes (-Xss)
#   Set larger code cache with -XX:ReservedCodeCacheSize=
# This output file may be truncated or incomplete.
#
#  Out of Memory Error (allocation.cpp:390), pid=15748, tid=0x000000000000164c
#
# JRE version: Java(TM) SE Runtime Environment (8.0_181-b13) (build 1.8.0_181-b13)
# Java VM: Java HotSpot(TM) 64-Bit Server VM (25.181-b13 mixed mode windows-amd64 compressed oops)
# Failed to write core dump. Minidumps are not enabled by default on client versions of Windows
#

---------------  T H R E A D  ---------------

Current thread (0x0000000013748000):  JavaThread "C2 CompilerThread1" daemon [_thread_in_native, id=5708, stack(0x00000000151a0000,0x00000000152a0000)]

Stack: [0x00000000151a0000,0x00000000152a0000]
[error occurred during error reporting (printing stack bounds), id 0xc0000005]

Native frames: (J=compiled Java code, j=interpreted, Vv=VM code, C=native code)


Current CompileTask:
C2:   3995 1211 %     4       org.objectweb.asm.ClassReader::a @ 1480 (3587 bytes)


---------------  P R O C E S S  ---------------

Java Threads: ( => current thread )
  0x000000001377e800 JavaThread "Service Thread" daemon [_thread_blocked, id=15116, stack(0x00000000153a0000,0x00000000154a0000)]
  0x0000000013779000 JavaThread "C1 CompilerThread2" daemon [_thread_blocked, id=4912, stack(0x00000000152a0000,0x00000000153a0000)]
=>0x0000000013748000 JavaThread "C2 CompilerThread1" daemon [_thread_in_native, id=5708, stack(0x00000000151a0000,0x00000000152a0000)]
  0x0000000014ae3800 JavaThread "C2 CompilerThread0" daemon [_thread_in_native, id=388, stack(0x00000000150a0000,0x00000000151a0000)]
  0x0000000013732800 JavaThread "Attach Listener" daemon [_thread_blocked, id=5132, stack(0x0000000014fa0000,0x00000000150a0000)]
  0x0000000013744800 JavaThread "Signal Dispatcher" daemon [_thread_blocked, id=17404, stack(0x0000000014ea0000,0x0000000014fa0000)]
  0x0000000013710000 JavaThread "Finalizer" daemon [_thread_blocked, id=7812, stack(0x00000000149a0000,0x0000000014aa0000)]
  0x00000000033b6000 JavaThread "Reference Handler" daemon [_thread_blocked, id=5588, stack(0x00000000148a0000,0x00000000149a0000)]
  0x00000000032c5000 JavaThread "main" [_thread_in_vm, id=14444, stack(0x00000000031c0000,0x00000000032c0000)]

Other Threads:
  0x00000000136e7000 VMThread [stack: 0x00000000147a0000,0x00000000148a0000] [id=14620]
  0x0000000014b1c000 WatcherThread [stack: 0x00000000154a0000,0x00000000155a0000] [id=6716]

VM state:not at safepoint (normal execution)

VM Mutex/Monitor currently owned by a thread: None

Heap:
 PSYoungGen      total 18944K, used 8763K [0x00000000feb00000, 0x0000000100000000, 0x0000000100000000)
  eden space 16384K, 38% used [0x00000000feb00000,0x00000000ff115d18,0x00000000ffb00000)
  from space 2560K, 98% used [0x00000000ffd80000,0x00000000ffff9190,0x0000000100000000)
  to   space 2560K, 0% used [0x00000000ffb00000,0x00000000ffb00000,0x00000000ffd80000)
 ParOldGen       total 44032K, used 5982K [0x00000000fc000000, 0x00000000feb00000, 0x00000000feb00000)
  object space 44032K, 13% used [0x00000000fc000000,0x00000000fc5d7ba8,0x00000000feb00000)
 Metaspace       used 8051K, capacity 8222K, committed 8448K, reserved 1056768K
  class space    used 934K, capacity 1021K, committed 1024K, reserved 1048576K

Card table byte_map: [0x00000000012b0000,0x00000000012e0000] byte_map_base: 0x0000000000ad0000

Marking Bits: (ParMarkBitMap*) 0x0000000060632d00
 Begin Bits: [0x0000000012b80000, 0x0000000012c80000)
 End Bits:   [0x0000000012c80000, 0x0000000012d80000)

Polling page: 0x0000000001280000

CodeCache: size=245760Kb used=4804Kb max_used=4816Kb free=240955Kb
 bounds [0x00000000033c0000, 0x0000000003880000, 0x00000000123c0000]
 total_blobs=1603 nmethods=1267 adapters=248
 compilation: enabled

Compilation events (10 events):
Event: 3.969 Thread 0x0000000014ae3800 nmethod 1240 0x00000000038751d0 code [0x00000000038753e0, 0x0000000003876598]
Event: 3.969 Thread 0x0000000014ae3800 1242       4       org.objectweb.asm.ClassReader::<init> (257 bytes)
Event: 3.973 Thread 0x0000000013779000 1269       3       sun.nio.fs.WindowsFileSystemProvider::getFileAttributeView (118 bytes)
Event: 3.973 Thread 0x0000000013779000 nmethod 1269 0x0000000003873710 code [0x00000000038739a0, 0x00000000038749a8]
Event: 3.975 Thread 0x0000000014ae3800 nmethod 1242 0x0000000003877950 code [0x0000000003877b80, 0x0000000003877fd8]
Event: 3.975 Thread 0x0000000014ae3800 1270       4       java.util.HashMap::resize (359 bytes)
Event: 3.984 Thread 0x0000000014ae3800 nmethod 1270 0x00000000038782d0 code [0x0000000003878460, 0x00000000038789b8]
Event: 3.984 Thread 0x0000000014ae3800 1249       4       org.objectweb.asm.ByteVector::<init> (13 bytes)
Event: 3.985 Thread 0x0000000014ae3800 nmethod 1249 0x000000000384d150 code [0x000000000384d2a0, 0x000000000384d3b8]
Event: 3.985 Thread 0x0000000014ae3800 1241       4       org.objectweb.asm.tree.FrameNode::accept (173 bytes)

GC Heap History (8 events):
Event: 1.306 GC heap before
{Heap before GC invocations=1 (full 0):
 PSYoungGen      total 18944K, used 16384K [0x00000000feb00000, 0x0000000100000000, 0x0000000100000000)
  eden space 16384K, 100% used [0x00000000feb00000,0x00000000ffb00000,0x00000000ffb00000)
  from space 2560K, 0% used [0x00000000ffd80000,0x00000000ffd80000,0x0000000100000000)
  to   space 2560K, 0% used [0x00000000ffb00000,0x00000000ffb00000,0x00000000ffd80000)
 ParOldGen       total 44032K, used 0K [0x00000000fc000000, 0x00000000feb00000, 0x00000000feb00000)
  object space 44032K, 0% used [0x00000000fc000000,0x00000000fc000000,0x00000000feb00000)
 Metaspace       used 6637K, capacity 6764K, committed 7040K, reserved 1056768K
  class space    used 799K, capacity 856K, committed 896K, reserved 1048576K
Event: 1.331 GC heap after
Heap after GC invocations=1 (full 0):
 PSYoungGen      total 18944K, used 2536K [0x00000000feb00000, 0x0000000100000000, 0x0000000100000000)
  eden space 16384K, 0% used [0x00000000feb00000,0x00000000feb00000,0x00000000ffb00000)
  from space 2560K, 99% used [0x00000000ffb00000,0x00000000ffd7a030,0x00000000ffd80000)
  to   space 2560K, 0% used [0x00000000ffd80000,0x00000000ffd80000,0x0000000100000000)
 ParOldGen       total 44032K, used 1618K [0x00000000fc000000, 0x00000000feb00000, 0x00000000feb00000)
  object space 44032K, 3% used [0x00000000fc000000,0x00000000fc194a70,0x00000000feb00000)
 Metaspace       used 6637K, capacity 6764K, committed 7040K, reserved 1056768K
  class space    used 799K, capacity 856K, committed 896K, reserved 1048576K
}
Event: 2.166 GC heap before
{Heap before GC invocations=2 (full 0):
 PSYoungGen      total 18944K, used 18920K [0x00000000feb00000, 0x0000000100000000, 0x0000000100000000)
  eden space 16384K, 100% used [0x00000000feb00000,0x00000000ffb00000,0x00000000ffb00000)
  from space 2560K, 99% used [0x00000000ffb00000,0x00000000ffd7a030,0x00000000ffd80000)
  to   space 2560K, 0% used [0x00000000ffd80000,0x00000000ffd80000,0x0000000100000000)
 ParOldGen       total 44032K, used 1618K [0x00000000fc000000, 0x00000000feb00000, 0x00000000feb00000)
  object space 44032K, 3% used [0x00000000fc000000,0x00000000fc194a70,0x00000000feb00000)
 Metaspace       used 7805K, capacity 7966K, committed 8192K, reserved 1056768K
  class space    used 933K, capacity 1021K, committed 1024K, reserved 1048576K
Event: 2.174 GC heap after
Heap after GC invocations=2 (full 0):
 PSYoungGen      total 18944K, used 2548K [0x00000000feb00000, 0x0000000100000000, 0x0000000100000000)
  eden space 16384K, 0% used [0x00000000feb00000,0x00000000feb00000,0x00000000ffb00000)
  from space 2560K, 99% used [0x00000000ffd80000,0x00000000ffffd1a0,0x0000000100000000)
  to   space 2560K, 0% used [0x00000000ffb00000,0x00000000ffb00000,0x00000000ffd80000)
 ParOldGen       total 44032K, used 5676K [0x00000000fc000000, 0x00000000feb00000, 0x00000000feb00000)
  object space 44032K, 12% used [0x00000000fc000000,0x00000000fc58b120,0x00000000feb00000)
 Metaspace       used 7805K, capacity 7966K, committed 8192K, reserved 1056768K
  class space    used 933K, capacity 1021K, committed 1024K, reserved 1048576K
}
Event: 2.789 GC heap before
{Heap before GC invocations=3 (full 0):
 PSYoungGen      total 18944K, used 18932K [0x00000000feb00000, 0x0000000100000000, 0x0000000100000000)
  eden space 16384K, 100% used [0x00000000feb00000,0x00000000ffb00000,0x00000000ffb00000)
  from space 2560K, 99% used [0x00000000ffd80000,0x00000000ffffd1a0,0x0000000100000000)
  to   space 2560K, 0% used [0x00000000ffb00000,0x00000000ffb00000,0x00000000ffd80000)
 ParOldGen       total 44032K, used 5676K [0x00000000fc000000, 0x00000000feb00000, 0x00000000feb00000)
  object space 44032K, 12% used [0x00000000fc000000,0x00000000fc58b120,0x00000000feb00000)
 Metaspace       used 7922K, capacity 8158K, committed 8192K, reserved 1056768K
  class space    used 933K, capacity 1021K, committed 1024K, reserved 1048576K
Event: 2.896 GC heap after
Heap after GC invocations=3 (full 0):
 PSYoungGen      total 18944K, used 2550K [0x00000000feb00000, 0x0000000100000000, 0x0000000100000000)
  eden space 16384K, 0% used [0x00000000feb00000,0x00000000feb00000,0x00000000ffb00000)
  from space 2560K, 99% used [0x00000000ffb00000,0x00000000ffd7dad8,0x00000000ffd80000)
  to   space 2560K, 0% used [0x00000000ffd80000,0x00000000ffd80000,0x0000000100000000)
 ParOldGen       total 44032K, used 5782K [0x00000000fc000000, 0x00000000feb00000, 0x00000000feb00000)
  object space 44032K, 13% used [0x00000000fc000000,0x00000000fc5a5ba8,0x00000000feb00000)
 Metaspace       used 7922K, capacity 8158K, committed 8192K, reserved 1056768K
  class space    used 933K, capacity 1021K, committed 1024K, reserved 1048576K
}
Event: 3.629 GC heap before
{Heap before GC invocations=4 (full 0):
 PSYoungGen      total 18944K, used 18934K [0x00000000feb00000, 0x0000000100000000, 0x0000000100000000)
  eden space 16384K, 100% used [0x00000000feb00000,0x00000000ffb00000,0x00000000ffb00000)
  from space 2560K, 99% used [0x00000000ffb00000,0x00000000ffd7dad8,0x00000000ffd80000)
  to   space 2560K, 0% used [0x00000000ffd80000,0x00000000ffd80000,0x0000000100000000)
 ParOldGen       total 44032K, used 5782K [0x00000000fc000000, 0x00000000feb00000, 0x00000000feb00000)
  object space 44032K, 13% used [0x00000000fc000000,0x00000000fc5a5ba8,0x00000000feb00000)
 Metaspace       used 8026K, capacity 8158K, committed 8192K, reserved 1056768K
  class space    used 934K, capacity 1021K, committed 1024K, reserved 1048576K
Event: 3.910 GC heap after
Heap after GC invocations=4 (full 0):
 PSYoungGen      total 18944K, used 2532K [0x00000000feb00000, 0x0000000100000000, 0x0000000100000000)
  eden space 16384K, 0% used [0x00000000feb00000,0x00000000feb00000,0x00000000ffb00000)
  from space 2560K, 98% used [0x00000000ffd80000,0x00000000ffff9190,0x0000000100000000)
  to   space 2560K, 0% used [0x00000000ffb00000,0x00000000ffb00000,0x00000000ffd80000)
 ParOldGen       total 44032K, used 5982K [0x00000000fc000000, 0x00000000feb00000, 0x00000000feb00000)
  object space 44032K, 13% used [0x00000000fc000000,0x00000000fc5d7ba8,0x00000000feb00000)
 Metaspace       used 8026K, capacity 8158K, committed 8192K, reserved 1056768K
  class space    used 934K, capacity 1021K, committed 1024K, reserved 1048576K
}

Deoptimization events (10 events):
Event: 2.074 Thread 0x00000000032c5000 Uncommon trap: reason=unstable_if action=reinterpret pc=0x00000000035e6b9c method=java.util.zip.ZipFile$ZipEntryIterator.hasNext()Z @ 25
Event: 2.187 Thread 0x00000000032c5000 Uncommon trap: reason=unstable_if action=reinterpret pc=0x00000000036ec0f8 method=org.objectweb.asm.Item.a(Lorg/objectweb/asm/Item;)Z @ 251
Event: 2.306 Thread 0x00000000032c5000 Uncommon trap: reason=unstable_if action=reinterpret pc=0x0000000003735338 method=org.objectweb.asm.Type.getArgumentsAndReturnSizes(Ljava/lang/String;)I @ 118
Event: 2.505 Thread 0x00000000032c5000 Uncommon trap: reason=unstable_if action=reinterpret pc=0x0000000003785984 method=org.objectweb.asm.Type.getArgumentsAndReturnSizes(Ljava/lang/String;)I @ 100
Event: 2.517 Thread 0x00000000032c5000 Uncommon trap: reason=unstable_if action=reinterpret pc=0x000000000376b974 method=org.objectweb.asm.tree.MethodNode.getLabelNodes([Ljava/lang/Object;)[Ljava/lang/Object; @ 24
Event: 2.588 Thread 0x00000000032c5000 Uncommon trap: reason=null_check action=make_not_entrant pc=0x000000000378f840 method=com.google.devtools.build.android.desugar.InterfaceDesugaring$InterfaceInvocationRewriter.visitMethodInsn(ILjava/lang/String;Ljava/lang/String;Ljava/lang/String;Z)V @ 10
Event: 2.945 Thread 0x00000000032c5000 Uncommon trap: reason=unstable_if action=reinterpret pc=0x0000000003757134 method=org.objectweb.asm.MethodWriter.visitVarInsn(II)V @ 148
Event: 3.923 Thread 0x00000000032c5000 Uncommon trap: reason=unstable_if action=reinterpret pc=0x000000000381f174 method=org.objectweb.asm.ClassReader.b(Lorg/objectweb/asm/ClassVisitor;Lorg/objectweb/asm/Context;I)I @ 388
Event: 3.945 Thread 0x00000000032c5000 Uncommon trap: reason=unstable_if action=reinterpret pc=0x00000000037eaba0 method=org.objectweb.asm.Type.getArgumentsAndReturnSizes(Ljava/lang/String;)I @ 112
Event: 3.946 Thread 0x00000000032c5000 Uncommon trap: reason=unstable_if action=reinterpret pc=0x00000000037ab59c method=org.objectweb.asm.Type.getArgumentsAndReturnSizes(Ljava/lang/String;)I @ 112

Classes redefined (0 events):
No events

Internal exceptions (10 events):
Event: 2.078 Thread 0x00000000032c5000 Exception <a 'sun/nio/fs/WindowsException'> (0x00000000ff9df6e8) thrown at [C:\re\workspace\8-2-build-windows-amd64-cygwin\jdk8u181\11358\hotspot\src\share\vm\prims\jni.cpp, line 709]
Event: 2.588 Thread 0x00000000032c5000 Implicit null exception at 0x000000000378eedc to 0x000000000378f821
Event: 2.782 Thread 0x00000000032c5000 Exception <a 'sun/nio/fs/WindowsException'> (0x00000000ffa97090) thrown at [C:\re\workspace\8-2-build-windows-amd64-cygwin\jdk8u181\11358\hotspot\src\share\vm\prims\jni.cpp, line 709]
Event: 2.782 Thread 0x00000000032c5000 Exception <a 'sun/nio/fs/WindowsException'> (0x00000000ffa97568) thrown at [C:\re\workspace\8-2-build-windows-amd64-cygwin\jdk8u181\11358\hotspot\src\share\vm\prims\jni.cpp, line 709]
Event: 2.950 Thread 0x00000000032c5000 Exception <a 'sun/nio/fs/WindowsException'> (0x00000000fed8c8b0) thrown at [C:\re\workspace\8-2-build-windows-amd64-cygwin\jdk8u181\11358\hotspot\src\share\vm\prims\jni.cpp, line 709]
Event: 2.951 Thread 0x00000000032c5000 Exception <a 'sun/nio/fs/WindowsException'> (0x00000000fed8cd88) thrown at [C:\re\workspace\8-2-build-windows-amd64-cygwin\jdk8u181\11358\hotspot\src\share\vm\prims\jni.cpp, line 709]
Event: 3.922 Thread 0x00000000032c5000 Exception <a 'sun/nio/fs/WindowsException'> (0x00000000febf63b8) thrown at [C:\re\workspace\8-2-build-windows-amd64-cygwin\jdk8u181\11358\hotspot\src\share\vm\prims\jni.cpp, line 709]
Event: 3.922 Thread 0x00000000032c5000 Exception <a 'sun/nio/fs/WindowsException'> (0x00000000febf6890) thrown at [C:\re\workspace\8-2-build-windows-amd64-cygwin\jdk8u181\11358\hotspot\src\share\vm\prims\jni.cpp, line 709]
Event: 3.972 Thread 0x00000000032c5000 Exception <a 'sun/nio/fs/WindowsException'> (0x00000000ff09c5e0) thrown at [C:\re\workspace\8-2-build-windows-amd64-cygwin\jdk8u181\11358\hotspot\src\share\vm\prims\jni.cpp, line 709]
Event: 3.972 Thread 0x00000000032c5000 Exception <a 'sun/nio/fs/WindowsException'> (0x00000000ff09cab8) thrown at [C:\re\workspace\8-2-build-windows-amd64-cygwin\jdk8u181\11358\hotspot\src\share\vm\prims\jni.cpp, line 709]

Events (10 events):
Event: 3.938 Thread 0x00000000032c5000 DEOPT PACKING pc=0x00000000037647f7 sp=0x00000000032bf3c0
Event: 3.938 Thread 0x00000000032c5000 DEOPT UNPACKING pc=0x0000000003407890 sp=0x00000000032bf0d8 mode 0
Event: 3.945 Thread 0x00000000032c5000 DEOPT PACKING pc=0x00000000036a0118 sp=0x00000000032bec60
Event: 3.945 Thread 0x00000000032c5000 DEOPT UNPACKING pc=0x0000000003407890 sp=0x00000000032bec10 mode 0
Event: 3.945 Thread 0x00000000032c5000 Uncommon trap: trap_request=0xffffff65 fr.pc=0x00000000037eaba0
Event: 3.945 Thread 0x00000000032c5000 DEOPT PACKING pc=0x00000000037eaba0 sp=0x00000000032bec80
Event: 3.945 Thread 0x00000000032c5000 DEOPT UNPACKING pc=0x000000000340583b sp=0x00000000032bebd8 mode 2
Event: 3.946 Thread 0x00000000032c5000 Uncommon trap: trap_request=0xffffff65 fr.pc=0x00000000037ab59c
Event: 3.946 Thread 0x00000000032c5000 DEOPT PACKING pc=0x00000000037ab59c sp=0x00000000032be840
Event: 3.946 Thread 0x00000000032c5000 DEOPT UNPACKING pc=0x000000000340583b sp=0x00000000032be7d0 mode 2


Dynamic libraries:
0x00007ff6bcdb0000 - 0x00007ff6bcde7000 	C:\Program Files\Java\jdk1.8.0_181\bin\java.exe
0x00007ff999e70000 - 0x00007ff99a051000 	C:\WINDOWS\SYSTEM32\ntdll.dll
0x00007ff997760000 - 0x00007ff997812000 	C:\WINDOWS\System32\KERNEL32.DLL
0x00007ff9969c0000 - 0x00007ff996c33000 	C:\WINDOWS\System32\KERNELBASE.dll
0x00007ff999750000 - 0x00007ff9997f1000 	C:\WINDOWS\System32\ADVAPI32.dll
0x00007ff999da0000 - 0x00007ff999e3e000 	C:\WINDOWS\System32\msvcrt.dll
0x00007ff999360000 - 0x00007ff9993bb000 	C:\WINDOWS\System32\sechost.dll
0x00007ff999470000 - 0x00007ff999594000 	C:\WINDOWS\System32\RPCRT4.dll
0x00007ff9991d0000 - 0x00007ff999360000 	C:\WINDOWS\System32\USER32.dll
0x00007ff996290000 - 0x00007ff9962b0000 	C:\WINDOWS\System32\win32u.dll
0x00007ff999720000 - 0x00007ff999748000 	C:\WINDOWS\System32\GDI32.dll
0x00007ff9970b0000 - 0x00007ff997242000 	C:\WINDOWS\System32\gdi32full.dll
0x00007ff996f10000 - 0x00007ff996faf000 	C:\WINDOWS\System32\msvcp_win.dll
0x00007ff996fb0000 - 0x00007ff9970aa000 	C:\WINDOWS\System32\ucrtbase.dll
0x00007ff98d300000 - 0x00007ff98d569000 	C:\WINDOWS\WinSxS\amd64_microsoft.windows.common-controls_6595b64144ccf1df_6.0.17134.285_none_fb4297e330656775\COMCTL32.dll
0x00007ff998ea0000 - 0x00007ff9991c3000 	C:\WINDOWS\System32\combase.dll
0x00007ff996c40000 - 0x00007ff996cba000 	C:\WINDOWS\System32\bcryptPrimitives.dll
0x00007ff999b30000 - 0x00007ff999b5d000 	C:\WINDOWS\System32\IMM32.DLL
0x0000000062820000 - 0x00000000628f2000 	C:\Program Files\Java\jdk1.8.0_181\jre\bin\msvcr100.dll
0x000000005fe10000 - 0x00000000606b2000 	C:\Program Files\Java\jdk1.8.0_181\jre\bin\server\jvm.dll
0x00007ff999800000 - 0x00007ff999808000 	C:\WINDOWS\System32\PSAPI.DLL
0x00007ff98fb70000 - 0x00007ff98fb79000 	C:\WINDOWS\SYSTEM32\WSOCK32.dll
0x00007ff998dc0000 - 0x00007ff998e2c000 	C:\WINDOWS\System32\WS2_32.dll
0x00007ff98fca0000 - 0x00007ff98fcaa000 	C:\WINDOWS\SYSTEM32\VERSION.dll
0x00007ff993350000 - 0x00007ff993373000 	C:\WINDOWS\SYSTEM32\WINMM.dll
0x00007ff9932d0000 - 0x00007ff9932fa000 	C:\WINDOWS\SYSTEM32\winmmbase.dll
0x00007ff996240000 - 0x00007ff996289000 	C:\WINDOWS\System32\cfgmgr32.dll
0x0000000062810000 - 0x000000006281f000 	C:\Program Files\Java\jdk1.8.0_181\jre\bin\verify.dll
0x00000000627e0000 - 0x0000000062809000 	C:\Program Files\Java\jdk1.8.0_181\jre\bin\java.dll
0x00000000612a0000 - 0x00000000612b6000 	C:\Program Files\Java\jdk1.8.0_181\jre\bin\zip.dll
0x00007ff997820000 - 0x00007ff998c60000 	C:\WINDOWS\System32\SHELL32.dll
0x00007ff9993c0000 - 0x00007ff999469000 	C:\WINDOWS\System32\shcore.dll
0x00007ff9962b0000 - 0x00007ff9969bd000 	C:\WINDOWS\System32\windows.storage.dll
0x00007ff9998e0000 - 0x00007ff999931000 	C:\WINDOWS\System32\shlwapi.dll
0x00007ff9961e0000 - 0x00007ff9961f1000 	C:\WINDOWS\System32\kernel.appcore.dll
0x00007ff996200000 - 0x00007ff99621f000 	C:\WINDOWS\System32\profapi.dll
0x00007ff996180000 - 0x00007ff9961cc000 	C:\WINDOWS\System32\powrprof.dll
0x00007ff9961d0000 - 0x00007ff9961da000 	C:\WINDOWS\System32\FLTLIB.DLL
0x00007ff995b90000 - 0x00007ff995ba7000 	C:\WINDOWS\SYSTEM32\CRYPTSP.dll
0x00007ff995560000 - 0x00007ff995593000 	C:\WINDOWS\system32\rsaenh.dll
0x00007ff995cc0000 - 0x00007ff995ce5000 	C:\WINDOWS\SYSTEM32\bcrypt.dll
0x00007ff996080000 - 0x00007ff9960a8000 	C:\WINDOWS\SYSTEM32\USERENV.dll
0x00007ff995bb0000 - 0x00007ff995bbb000 	C:\WINDOWS\SYSTEM32\CRYPTBASE.dll
0x0000000061280000 - 0x000000006129a000 	C:\Program Files\Java\jdk1.8.0_181\jre\bin\net.dll
0x00007ff9959e0000 - 0x00007ff995a46000 	C:\WINDOWS\system32\mswsock.dll
0x00007ff995760000 - 0x00007ff995798000 	C:\WINDOWS\SYSTEM32\IPHLPAPI.DLL
0x00007ff998e90000 - 0x00007ff998e98000 	C:\WINDOWS\System32\NSI.dll
0x00007ff990300000 - 0x00007ff990316000 	C:\WINDOWS\SYSTEM32\dhcpcsvc6.DLL
0x00007ff990750000 - 0x00007ff99076a000 	C:\WINDOWS\SYSTEM32\dhcpcsvc.DLL
0x0000000061260000 - 0x0000000061271000 	C:\Program Files\Java\jdk1.8.0_181\jre\bin\nio.dll

VM Arguments:
jvm_args: -Djava.awt.headless=true -Xmx64M -Dfile.encoding=GBK -Duser.country=CN -Duser.language=zh -Duser.variant 
java_command: com.google.devtools.build.android.desugar.Desugar --input D:\ZNGJ\idcardcamera\build\intermediates\intermediate-jars\debug\classes.jar --output D:\ZNGJ\ZNJT\build\intermediates\transforms\desugar\debug\0.jar --input D:\ZNGJ\ZNJT\build\intermediates\transforms\stackFramesFixer\debug\13.jar --output D:\ZNGJ\ZNJT\build\intermediates\transforms\desugar\debug\15.jar --input D:\ZNGJ\ZNJT\build\intermediates\transforms\stackFramesFixer\debug\2.jar --output D:\ZNGJ\ZNJT\build\intermediates\transforms\desugar\debug\4.jar --input D:\ZNGJ\ZNJT\build\intermediates\transforms\stackFramesFixer\debug\4.jar --output D:\ZNGJ\ZNJT\build\intermediates\transforms\desugar\debug\6.jar --input D:\ZNGJ\ZNJT\build\intermediates\transforms\stackFramesFixer\debug\21.jar --output D:\ZNGJ\ZNJT\build\intermediates\transforms\desugar\debug\23.jar --input D:\ZNGJ\ZNJT\build\intermediates\transforms\stackFramesFixer\debug\3.jar --output D:\ZNGJ\ZNJT\build\intermediates\transforms\desugar\debug\5.jar --input D:\ZNGJ\ZNJT\build\intermediates\transforms\stackFramesFixer\debug\27.jar --output D:\ZNGJ\ZNJT\build\intermediates\transforms\desugar\debug\29.jar --input D:\ZNGJ\ZNJT\build\intermediates\transforms\stackFramesFixer\debug\17.jar --output D:\ZNGJ\ZNJT\build\intermediates\transforms\desugar\debug\19.jar --input D:\ZNGJ\ZNJT\build\intermediates\transforms\stackFramesFixer\debug\18.jar --output D:\ZNGJ\ZNJT\build\intermediates\transforms\desugar\debug\20.jar --classpath_entry D:\ZNGJ\idcardcamera\build\intermediates\intermediate-jars\debug\classes.jar --classpath_entry D:\ZNGJ\ZNJT\build\intermediates\classes\debug --classpath_entry D:\ZNGJ\ZNJT\build\intermediates\transforms\stackFramesFixer\debug\0.jar --classpath_entry D:\ZNGJ\ZNJT\build\intermediates\transforms\stackFramesFixer\debug\1.jar --classpath_entry D:\ZNGJ\ZNJT\build\intermediates\transforms\stackFramesFixer\debug\2.jar --classpath_entry D:\ZNGJ\ZNJT\build\intermediates\transforms\stackFramesFixer\debug\3.jar --classpat
java_class_path (initial): C:\Users\ThinkPad\AppData\Local\Temp\desugar_deploy.jar261940988231029253
Launcher Type: SUN_STANDARD

Environment Variables:
JAVA_HOME=C:\Program Files\Java\jdk1.8.0_181
CLASSPATH=.;C:\Program Files\Java\jdk1.8.0_181\lib;C:\Program Files\Java\jdk1.8.0_181\lib\tools.jar
PATH=D:\app\ThinkPad\product\11.2.0\dbhome_1\bin;C:\Program Files (x86)\Common Files\Oracle\Java\javapath;C:\Users\ThinkPad\Downloads\bin;C:\Program Files\Microsoft SQL Server\110\DTS\Binn\;C:\Program Files (x86)\Microsoft SQL Server\110\Tools\Binn\;C:\Program Files\Microsoft SQL Server\110\Tools\Binn\;C:\Program Files (x86)\Microsoft SQL Server\110\Tools\Binn\ManagementStudio\;C:\Program Files (x86)\Microsoft Visual Studio 10.0\Common7\IDE\PrivateAssemblies\;C:\Program Files (x86)\Microsoft SQL Server\110\DTS\Binn\;C:\Program Files\TortoiseSVN\bin;C:\Program Files\TortoiseGit\bin;E:\apache-maven-3.5.3\bin;C:\Program Files\nodejs\;C:\Program Files\Git\cmd;D:\a\platform-tools;E:\springBoot\spring-1.3.0.RELEASE\bin;C:\Program Files\Java\jdk1.8.0_181\bin;C:\Program Files\Java\jdk1.8.0_181\jre\bin;;C:\WINDOWS\system32;C:\WINDOWS;C:\WINDOWS\System32\Wbem;C:\WINDOWS\System32\WindowsPowerShell\v1.0\;C:\WINDOWS\System32\OpenSSH\;C:\Users\ThinkPad\AppData\Local\Microsoft\WindowsApps;C:\Users\ThinkPad\AppData\Roaming\npm;
USERNAME=ThinkPad
OS=Windows_NT
PROCESSOR_IDENTIFIER=Intel64 Family 6 Model 78 Stepping 3, GenuineIntel



---------------  S Y S T E M  ---------------

OS: Windows 10.0 , 64 bit Build 17134 (10.0.17134.1)

CPU:total 4 (initial active 4) (2 cores per cpu, 2 threads per core) family 6 model 78 stepping 3, cmov, cx8, fxsr, mmx, sse, sse2, sse3, ssse3, sse4.1, sse4.2, popcnt, avx, avx2, aes, clmul, erms, rtm, 3dnowpref, lzcnt, ht, tsc, tscinvbit, bmi1, bmi2, adx

Memory: 4k page, physical 8289272k(1668228k free), swap 13409272k(5268k free)

vm_info: Java HotSpot(TM) 64-Bit Server VM (25.181-b13) for windows-amd64 JRE (1.8.0_181-b13), built on Jul  7 2018 04:01:33 by "java_re" with MS VC++ 10.0 (VS2010)

time: Mon Sep 17 18:03:32 2018
elapsed time: 3 seconds (0d 0h 0m 3s)

