#
# There is insufficient memory for the Java Runtime Environment to continue.
# Native memory allocation (malloc) failed to allocate 1407744 bytes for Chunk::new
# Possible reasons:
#   The system is out of physical RAM or swap space
#   In 32 bit mode, the process size limit was hit
# Possible solutions:
#   Reduce memory load on the system
#   Increase physical memory or swap space
#   Check if swap backing store is full
#   Use 64 bit Java on a 64 bit OS
#   Decrease Java heap size (-Xmx/-Xms)
#   Decrease number of Java threads
#   Decrease Java thread stack sizes (-Xss)
#   Set larger code cache with -XX:ReservedCodeCacheSize=
# This output file may be truncated or incomplete.
#
#  Out of Memory Error (allocation.cpp:390), pid=11488, tid=0x00000000000016bc
#
# JRE version: Java(TM) SE Runtime Environment (8.0_181-b13) (build 1.8.0_181-b13)
# Java VM: Java HotSpot(TM) 64-Bit Server VM (25.181-b13 mixed mode windows-amd64 compressed oops)
# Failed to write core dump. Minidumps are not enabled by default on client versions of Windows
#

---------------  T H R E A D  ---------------

Current thread (0x0000000013256000):  JavaThread "C2 CompilerThread1" daemon [_thread_in_native, id=5820, stack(0x0000000014ce0000,0x0000000014de0000)]

Stack: [0x0000000014ce0000,0x0000000014de0000]
[error occurred during error reporting (printing stack bounds), id 0xc0000005]

Native frames: (J=compiled Java code, j=interpreted, Vv=VM code, C=native code)


Current CompileTask:
C2:   4194 1087       4       org.objectweb.asm.ClassReader::a (3587 bytes)


---------------  P R O C E S S  ---------------

Java Threads: ( => current thread )
  0x0000000014647800 JavaThread "Service Thread" daemon [_thread_blocked, id=15128, stack(0x0000000014ee0000,0x0000000014fe0000)]
  0x000000001328d800 JavaThread "C1 CompilerThread2" daemon [_thread_blocked, id=15796, stack(0x0000000014de0000,0x0000000014ee0000)]
=>0x0000000013256000 JavaThread "C2 CompilerThread1" daemon [_thread_in_native, id=5820, stack(0x0000000014ce0000,0x0000000014de0000)]
  0x0000000013241000 JavaThread "C2 CompilerThread0" daemon [_thread_blocked, id=10684, stack(0x0000000014be0000,0x0000000014ce0000)]
  0x000000001323f000 JavaThread "Attach Listener" daemon [_thread_blocked, id=16880, stack(0x0000000014ae0000,0x0000000014be0000)]
  0x0000000014623000 JavaThread "Signal Dispatcher" daemon [_thread_blocked, id=8976, stack(0x00000000149e0000,0x0000000014ae0000)]
  0x0000000002ec8800 JavaThread "Finalizer" daemon [_thread_blocked, id=7716, stack(0x0000000014480000,0x0000000014580000)]
  0x0000000002ec5000 JavaThread "Reference Handler" daemon [_thread_blocked, id=16304, stack(0x0000000014380000,0x0000000014480000)]
  0x0000000002dd5000 JavaThread "main" [_thread_blocked, id=5048, stack(0x0000000002c70000,0x0000000002d70000)]

Other Threads:
  0x00000000131f7000 VMThread [stack: 0x0000000014280000,0x0000000014380000] [id=15820]
  0x000000001467a000 WatcherThread [stack: 0x0000000014fe0000,0x00000000150e0000] [id=2420]

VM state:at safepoint (normal execution)

VM Mutex/Monitor currently owned by a thread:  ([mutex/lock_event])
[0x0000000002dd27d0] Threads_lock - owner thread: 0x00000000131f7000
[0x0000000002dd1c50] Heap_lock - owner thread: 0x0000000002dd5000

Heap:
 PSYoungGen      total 18944K, used 18916K [0x00000000feb00000, 0x0000000100000000, 0x0000000100000000)
  eden space 16384K, 100% used [0x00000000feb00000,0x00000000ffb00000,0x00000000ffb00000)
  from space 2560K, 98% used [0x00000000ffd80000,0x00000000ffff9190,0x0000000100000000)
  to   space 2560K, 99% used [0x00000000ffb00000,0x00000000ffd7d180,0x00000000ffd80000)
 ParOldGen       total 44032K, used 5806K [0x00000000fc000000, 0x00000000feb00000, 0x00000000feb00000)
  object space 44032K, 13% used [0x00000000fc000000,0x00000000fc5aba58,0x00000000feb00000)
 Metaspace       used 7949K, capacity 8174K, committed 8192K, reserved 1056768K
  class space    used 933K, capacity 1021K, committed 1024K, reserved 1048576K

Card table byte_map: [0x0000000000bf0000,0x0000000000c20000] byte_map_base: 0x0000000000410000

Marking Bits: (ParMarkBitMap*) 0x0000000060632d00
 Begin Bits: [0x0000000012690000, 0x0000000012790000)
 End Bits:   [0x0000000012790000, 0x0000000012890000)

Polling page: 0x00000000007f0000

CodeCache: size=245760Kb used=4149Kb max_used=4151Kb free=241610Kb
 bounds [0x0000000002ed0000, 0x00000000032f0000, 0x0000000011ed0000]
 total_blobs=1447 nmethods=1111 adapters=248
 compilation: enabled

Compilation events (10 events):
Event: 3.910 Thread 0x000000001328d800 nmethod 1108 0x00000000032dd150 code [0x00000000032dd340, 0x00000000032ddbb8]
Event: 4.155 Thread 0x000000001328d800 1109       3       java.util.LinkedHashMap$LinkedHashIterator::hasNext (13 bytes)
Event: 4.156 Thread 0x000000001328d800 nmethod 1109 0x00000000032b7490 code [0x00000000032b75e0, 0x00000000032b7790]
Event: 4.161 Thread 0x0000000013241000 1110       4       com.google.common.collect.TransformedIterator::next (14 bytes)
Event: 4.163 Thread 0x000000001328d800 1111       3       org.objectweb.asm.ClassReader::a (500 bytes)
Event: 4.163 Thread 0x0000000013241000 nmethod 1110 0x00000000032b6f90 code [0x00000000032b7100, 0x00000000032b7228]
Event: 4.163 Thread 0x0000000013241000 1112       4       org.objectweb.asm.MethodWriter::visitFieldInsn (256 bytes)
Event: 4.164 Thread 0x000000001328d800 nmethod 1111 0x00000000032ded50 code [0x00000000032defa0, 0x00000000032e0188]
Event: 4.165 Thread 0x000000001328d800 1114       3       org.objectweb.asm.ClassWriter::c (39 bytes)
Event: 4.165 Thread 0x000000001328d800 nmethod 1114 0x00000000032de790 code [0x00000000032de920, 0x00000000032dec08]

GC Heap History (5 events):
Event: 1.263 GC heap before
{Heap before GC invocations=1 (full 0):
 PSYoungGen      total 18944K, used 16384K [0x00000000feb00000, 0x0000000100000000, 0x0000000100000000)
  eden space 16384K, 100% used [0x00000000feb00000,0x00000000ffb00000,0x00000000ffb00000)
  from space 2560K, 0% used [0x00000000ffd80000,0x00000000ffd80000,0x0000000100000000)
  to   space 2560K, 0% used [0x00000000ffb00000,0x00000000ffb00000,0x00000000ffd80000)
 ParOldGen       total 44032K, used 0K [0x00000000fc000000, 0x00000000feb00000, 0x00000000feb00000)
  object space 44032K, 0% used [0x00000000fc000000,0x00000000fc000000,0x00000000feb00000)
 Metaspace       used 6642K, capacity 6844K, committed 7040K, reserved 1056768K
  class space    used 799K, capacity 856K, committed 896K, reserved 1048576K
Event: 1.281 GC heap after
Heap after GC invocations=1 (full 0):
 PSYoungGen      total 18944K, used 2536K [0x00000000feb00000, 0x0000000100000000, 0x0000000100000000)
  eden space 16384K, 0% used [0x00000000feb00000,0x00000000feb00000,0x00000000ffb00000)
  from space 2560K, 99% used [0x00000000ffb00000,0x00000000ffd7a030,0x00000000ffd80000)
  to   space 2560K, 0% used [0x00000000ffd80000,0x00000000ffd80000,0x0000000100000000)
 ParOldGen       total 44032K, used 1571K [0x00000000fc000000, 0x00000000feb00000, 0x00000000feb00000)
  object space 44032K, 3% used [0x00000000fc000000,0x00000000fc188c28,0x00000000feb00000)
 Metaspace       used 6642K, capacity 6844K, committed 7040K, reserved 1056768K
  class space    used 799K, capacity 856K, committed 896K, reserved 1048576K
}
Event: 2.337 GC heap before
{Heap before GC invocations=2 (full 0):
 PSYoungGen      total 18944K, used 18920K [0x00000000feb00000, 0x0000000100000000, 0x0000000100000000)
  eden space 16384K, 100% used [0x00000000feb00000,0x00000000ffb00000,0x00000000ffb00000)
  from space 2560K, 99% used [0x00000000ffb00000,0x00000000ffd7a030,0x00000000ffd80000)
  to   space 2560K, 0% used [0x00000000ffd80000,0x00000000ffd80000,0x0000000100000000)
 ParOldGen       total 44032K, used 1571K [0x00000000fc000000, 0x00000000feb00000, 0x00000000feb00000)
  object space 44032K, 3% used [0x00000000fc000000,0x00000000fc188c28,0x00000000feb00000)
 Metaspace       used 7829K, capacity 7982K, committed 8192K, reserved 1056768K
  class space    used 933K, capacity 1021K, committed 1024K, reserved 1048576K
Event: 2.446 GC heap after
Heap after GC invocations=2 (full 0):
 PSYoungGen      total 18944K, used 2532K [0x00000000feb00000, 0x0000000100000000, 0x0000000100000000)
  eden space 16384K, 0% used [0x00000000feb00000,0x00000000feb00000,0x00000000ffb00000)
  from space 2560K, 98% used [0x00000000ffd80000,0x00000000ffff9190,0x0000000100000000)
  to   space 2560K, 0% used [0x00000000ffb00000,0x00000000ffb00000,0x00000000ffd80000)
 ParOldGen       total 44032K, used 5595K [0x00000000fc000000, 0x00000000feb00000, 0x00000000feb00000)
  object space 44032K, 12% used [0x00000000fc000000,0x00000000fc576fe0,0x00000000feb00000)
 Metaspace       used 7829K, capacity 7982K, committed 8192K, reserved 1056768K
  class space    used 933K, capacity 1021K, committed 1024K, reserved 1048576K
}
Event: 4.165 GC heap before
{Heap before GC invocations=3 (full 0):
 PSYoungGen      total 18944K, used 18916K [0x00000000feb00000, 0x0000000100000000, 0x0000000100000000)
  eden space 16384K, 100% used [0x00000000feb00000,0x00000000ffb00000,0x00000000ffb00000)
  from space 2560K, 98% used [0x00000000ffd80000,0x00000000ffff9190,0x0000000100000000)
  to   space 2560K, 0% used [0x00000000ffb00000,0x00000000ffb00000,0x00000000ffd80000)
 ParOldGen       total 44032K, used 5595K [0x00000000fc000000, 0x00000000feb00000, 0x00000000feb00000)
  object space 44032K, 12% used [0x00000000fc000000,0x00000000fc576fe0,0x00000000feb00000)
 Metaspace       used 7949K, capacity 8174K, committed 8192K, reserved 1056768K
  class space    used 933K, capacity 1021K, committed 1024K, reserved 1048576K

Deoptimization events (10 events):
Event: 1.969 Thread 0x0000000002dd5000 Uncommon trap: reason=class_check action=maybe_recompile pc=0x0000000003106aac method=com.google.common.collect.TransformedIterator.hasNext()Z @ 4
Event: 1.969 Thread 0x0000000002dd5000 Uncommon trap: reason=class_check action=maybe_recompile pc=0x00000000030f2790 method=com.google.common.collect.Iterators$7.transform(Ljava/lang/Object;)Ljava/lang/Object; @ 5
Event: 1.969 Thread 0x0000000002dd5000 Uncommon trap: reason=class_check action=maybe_recompile pc=0x00000000030f2790 method=com.google.common.collect.Iterators$7.transform(Ljava/lang/Object;)Ljava/lang/Object; @ 5
Event: 2.490 Thread 0x0000000002dd5000 Uncommon trap: reason=unstable_if action=reinterpret pc=0x00000000032014b8 method=org.objectweb.asm.Item.a(Lorg/objectweb/asm/Item;)Z @ 251
Event: 2.906 Thread 0x0000000002dd5000 Uncommon trap: reason=unstable_if action=reinterpret pc=0x0000000003274378 method=org.objectweb.asm.Type.getArgumentsAndReturnSizes(Ljava/lang/String;)I @ 118
Event: 3.450 Thread 0x0000000002dd5000 Uncommon trap: reason=unstable_if action=reinterpret pc=0x0000000003293dc4 method=org.objectweb.asm.Type.getArgumentsAndReturnSizes(Ljava/lang/String;)I @ 100
Event: 3.655 Thread 0x0000000002dd5000 Uncommon trap: reason=null_check action=make_not_entrant pc=0x00000000032a86a0 method=com.google.devtools.build.android.desugar.InterfaceDesugaring$InterfaceInvocationRewriter.visitMethodInsn(ILjava/lang/String;Ljava/lang/String;Ljava/lang/String;Z)V @ 10
Event: 3.735 Thread 0x0000000002dd5000 Uncommon trap: reason=unstable_if action=reinterpret pc=0x000000000327efb4 method=org.objectweb.asm.tree.MethodNode.getLabelNodes([Ljava/lang/Object;)[Ljava/lang/Object; @ 24
Event: 4.161 Thread 0x0000000002dd5000 Uncommon trap: reason=unstable_if action=reinterpret pc=0x00000000032ad1b4 method=org.objectweb.asm.ClassReader.a(IZZLorg/objectweb/asm/Context;)I @ 15
Event: 4.164 Thread 0x0000000002dd5000 Uncommon trap: reason=unstable_if action=reinterpret pc=0x00000000032b45a0 method=com.google.common.collect.AbstractMultimap.containsEntry(Ljava/lang/Object;Ljava/lang/Object;)Z @ 15

Classes redefined (0 events):
No events

Internal exceptions (10 events):
Event: 1.541 Thread 0x0000000002dd5000 Exception <a 'sun/nio/fs/WindowsException'> (0x00000000ff24ab50) thrown at [C:\re\workspace\8-2-build-windows-amd64-cygwin\jdk8u181\11358\hotspot\src\share\vm\prims\jni.cpp, line 709]
Event: 1.541 Thread 0x0000000002dd5000 Exception <a 'sun/nio/fs/WindowsException'> (0x00000000ff24b310) thrown at [C:\re\workspace\8-2-build-windows-amd64-cygwin\jdk8u181\11358\hotspot\src\share\vm\prims\jni.cpp, line 709]
Event: 1.647 Thread 0x0000000002dd5000 Exception <a 'sun/nio/fs/WindowsException'> (0x00000000ff250778) thrown at [C:\re\workspace\8-2-build-windows-amd64-cygwin\jdk8u181\11358\hotspot\src\share\vm\prims\jni.cpp, line 709]
Event: 1.899 Thread 0x0000000002dd5000 Exception <a 'sun/nio/fs/WindowsException'> (0x00000000ff64e598) thrown at [C:\re\workspace\8-2-build-windows-amd64-cygwin\jdk8u181\11358\hotspot\src\share\vm\prims\jni.cpp, line 709]
Event: 1.899 Thread 0x0000000002dd5000 Exception <a 'sun/nio/fs/WindowsException'> (0x00000000ff64eaf0) thrown at [C:\re\workspace\8-2-build-windows-amd64-cygwin\jdk8u181\11358\hotspot\src\share\vm\prims\jni.cpp, line 709]
Event: 2.309 Thread 0x0000000002dd5000 Exception <a 'sun/nio/fs/WindowsException'> (0x00000000ff9e5d88) thrown at [C:\re\workspace\8-2-build-windows-amd64-cygwin\jdk8u181\11358\hotspot\src\share\vm\prims\jni.cpp, line 709]
Event: 2.310 Thread 0x0000000002dd5000 Exception <a 'sun/nio/fs/WindowsException'> (0x00000000ff9e6260) thrown at [C:\re\workspace\8-2-build-windows-amd64-cygwin\jdk8u181\11358\hotspot\src\share\vm\prims\jni.cpp, line 709]
Event: 3.655 Thread 0x0000000002dd5000 Implicit null exception at 0x00000000032a8372 to 0x00000000032a8681
Event: 4.159 Thread 0x0000000002dd5000 Exception <a 'sun/nio/fs/WindowsException'> (0x00000000ffa9e900) thrown at [C:\re\workspace\8-2-build-windows-amd64-cygwin\jdk8u181\11358\hotspot\src\share\vm\prims\jni.cpp, line 709]
Event: 4.159 Thread 0x0000000002dd5000 Exception <a 'sun/nio/fs/WindowsException'> (0x00000000ffa9edd8) thrown at [C:\re\workspace\8-2-build-windows-amd64-cygwin\jdk8u181\11358\hotspot\src\share\vm\prims\jni.cpp, line 709]

Events (10 events):
Event: 3.869 Thread 0x0000000002dd5000 DEOPT UNPACKING pc=0x0000000002f17890 sp=0x0000000002d6ed30 mode 0
Event: 3.892 Thread 0x0000000002dd5000 DEOPT PACKING pc=0x00000000031b551d sp=0x0000000002d6ed80
Event: 3.892 Thread 0x0000000002dd5000 DEOPT UNPACKING pc=0x0000000002f17890 sp=0x0000000002d6ed30 mode 0
Event: 4.161 Thread 0x0000000002dd5000 Uncommon trap: trap_request=0xffffff65 fr.pc=0x00000000032ad1b4
Event: 4.161 Thread 0x0000000002dd5000 DEOPT PACKING pc=0x00000000032ad1b4 sp=0x0000000002d6ed20
Event: 4.161 Thread 0x0000000002dd5000 DEOPT UNPACKING pc=0x0000000002f1583b sp=0x0000000002d6eca0 mode 2
Event: 4.164 Thread 0x0000000002dd5000 Uncommon trap: trap_request=0xffffff65 fr.pc=0x00000000032b45a0
Event: 4.164 Thread 0x0000000002dd5000 DEOPT PACKING pc=0x00000000032b45a0 sp=0x0000000002d6ee40
Event: 4.164 Thread 0x0000000002dd5000 DEOPT UNPACKING pc=0x0000000002f1583b sp=0x0000000002d6eca8 mode 2
Event: 4.165 Executing VM operation: ParallelGCFailedAllocation


Dynamic libraries:
0x00007ff6bcdb0000 - 0x00007ff6bcde7000 	C:\Program Files\Java\jdk1.8.0_181\bin\java.exe
0x00007ff999e70000 - 0x00007ff99a051000 	C:\WINDOWS\SYSTEM32\ntdll.dll
0x00007ff997760000 - 0x00007ff997812000 	C:\WINDOWS\System32\KERNEL32.DLL
0x00007ff9969c0000 - 0x00007ff996c33000 	C:\WINDOWS\System32\KERNELBASE.dll
0x00007ff999750000 - 0x00007ff9997f1000 	C:\WINDOWS\System32\ADVAPI32.dll
0x00007ff999da0000 - 0x00007ff999e3e000 	C:\WINDOWS\System32\msvcrt.dll
0x00007ff999360000 - 0x00007ff9993bb000 	C:\WINDOWS\System32\sechost.dll
0x00007ff999470000 - 0x00007ff999594000 	C:\WINDOWS\System32\RPCRT4.dll
0x00007ff9991d0000 - 0x00007ff999360000 	C:\WINDOWS\System32\USER32.dll
0x00007ff996290000 - 0x00007ff9962b0000 	C:\WINDOWS\System32\win32u.dll
0x00007ff999720000 - 0x00007ff999748000 	C:\WINDOWS\System32\GDI32.dll
0x00007ff9970b0000 - 0x00007ff997242000 	C:\WINDOWS\System32\gdi32full.dll
0x00007ff996f10000 - 0x00007ff996faf000 	C:\WINDOWS\System32\msvcp_win.dll
0x00007ff996fb0000 - 0x00007ff9970aa000 	C:\WINDOWS\System32\ucrtbase.dll
0x00007ff98d300000 - 0x00007ff98d569000 	C:\WINDOWS\WinSxS\amd64_microsoft.windows.common-controls_6595b64144ccf1df_6.0.17134.285_none_fb4297e330656775\COMCTL32.dll
0x00007ff998ea0000 - 0x00007ff9991c3000 	C:\WINDOWS\System32\combase.dll
0x00007ff996c40000 - 0x00007ff996cba000 	C:\WINDOWS\System32\bcryptPrimitives.dll
0x00007ff999b30000 - 0x00007ff999b5d000 	C:\WINDOWS\System32\IMM32.DLL
0x0000000062820000 - 0x00000000628f2000 	C:\Program Files\Java\jdk1.8.0_181\jre\bin\msvcr100.dll
0x000000005fe10000 - 0x00000000606b2000 	C:\Program Files\Java\jdk1.8.0_181\jre\bin\server\jvm.dll
0x00007ff999800000 - 0x00007ff999808000 	C:\WINDOWS\System32\PSAPI.DLL
0x00007ff98fb70000 - 0x00007ff98fb79000 	C:\WINDOWS\SYSTEM32\WSOCK32.dll
0x00007ff998dc0000 - 0x00007ff998e2c000 	C:\WINDOWS\System32\WS2_32.dll
0x00007ff993350000 - 0x00007ff993373000 	C:\WINDOWS\SYSTEM32\WINMM.dll
0x00007ff9932d0000 - 0x00007ff9932fa000 	C:\WINDOWS\SYSTEM32\WINMMBASE.dll
0x00007ff98fca0000 - 0x00007ff98fcaa000 	C:\WINDOWS\SYSTEM32\VERSION.dll
0x00007ff996240000 - 0x00007ff996289000 	C:\WINDOWS\System32\cfgmgr32.dll
0x0000000062810000 - 0x000000006281f000 	C:\Program Files\Java\jdk1.8.0_181\jre\bin\verify.dll
0x00000000627e0000 - 0x0000000062809000 	C:\Program Files\Java\jdk1.8.0_181\jre\bin\java.dll
0x00000000612a0000 - 0x00000000612b6000 	C:\Program Files\Java\jdk1.8.0_181\jre\bin\zip.dll
0x00007ff997820000 - 0x00007ff998c60000 	C:\WINDOWS\System32\SHELL32.dll
0x00007ff9993c0000 - 0x00007ff999469000 	C:\WINDOWS\System32\shcore.dll
0x00007ff9962b0000 - 0x00007ff9969bd000 	C:\WINDOWS\System32\windows.storage.dll
0x00007ff9998e0000 - 0x00007ff999931000 	C:\WINDOWS\System32\shlwapi.dll
0x00007ff9961e0000 - 0x00007ff9961f1000 	C:\WINDOWS\System32\kernel.appcore.dll
0x00007ff996200000 - 0x00007ff99621f000 	C:\WINDOWS\System32\profapi.dll
0x00007ff996180000 - 0x00007ff9961cc000 	C:\WINDOWS\System32\powrprof.dll
0x00007ff9961d0000 - 0x00007ff9961da000 	C:\WINDOWS\System32\FLTLIB.DLL
0x00007ff995b90000 - 0x00007ff995ba7000 	C:\WINDOWS\SYSTEM32\CRYPTSP.dll
0x00007ff995560000 - 0x00007ff995593000 	C:\WINDOWS\system32\rsaenh.dll
0x00007ff995cc0000 - 0x00007ff995ce5000 	C:\WINDOWS\SYSTEM32\bcrypt.dll
0x00007ff996080000 - 0x00007ff9960a8000 	C:\WINDOWS\SYSTEM32\USERENV.dll
0x00007ff995bb0000 - 0x00007ff995bbb000 	C:\WINDOWS\SYSTEM32\CRYPTBASE.dll
0x0000000061280000 - 0x000000006129a000 	C:\Program Files\Java\jdk1.8.0_181\jre\bin\net.dll
0x00007ff9959e0000 - 0x00007ff995a46000 	C:\WINDOWS\system32\mswsock.dll
0x00007ff995760000 - 0x00007ff995798000 	C:\WINDOWS\SYSTEM32\IPHLPAPI.DLL
0x00007ff998e90000 - 0x00007ff998e98000 	C:\WINDOWS\System32\NSI.dll
0x00007ff990300000 - 0x00007ff990316000 	C:\WINDOWS\SYSTEM32\dhcpcsvc6.DLL
0x00007ff990750000 - 0x00007ff99076a000 	C:\WINDOWS\SYSTEM32\dhcpcsvc.DLL
0x0000000061260000 - 0x0000000061271000 	C:\Program Files\Java\jdk1.8.0_181\jre\bin\nio.dll

VM Arguments:
jvm_args: -Djava.awt.headless=true -Xmx64M -Dfile.encoding=GBK -Duser.country=CN -Duser.language=zh -Duser.variant 
java_command: com.google.devtools.build.android.desugar.Desugar --input D:\ZNGJ\idcardcamera\build\intermediates\intermediate-jars\debug\classes.jar --output D:\ZNGJ\ZNJT\build\intermediates\transforms\desugar\debug\0.jar --input D:\ZNGJ\ZNJT\build\intermediates\transforms\stackFramesFixer\debug\13.jar --output D:\ZNGJ\ZNJT\build\intermediates\transforms\desugar\debug\15.jar --input D:\ZNGJ\ZNJT\build\intermediates\transforms\stackFramesFixer\debug\2.jar --output D:\ZNGJ\ZNJT\build\intermediates\transforms\desugar\debug\4.jar --input D:\ZNGJ\ZNJT\build\intermediates\transforms\stackFramesFixer\debug\20.jar --output D:\ZNGJ\ZNJT\build\intermediates\transforms\desugar\debug\22.jar --input D:\ZNGJ\ZNJT\build\intermediates\transforms\stackFramesFixer\debug\9.jar --output D:\ZNGJ\ZNJT\build\intermediates\transforms\desugar\debug\11.jar --input D:\ZNGJ\ZNJT\build\intermediates\transforms\stackFramesFixer\debug\1.jar --output D:\ZNGJ\ZNJT\build\intermediates\transforms\desugar\debug\3.jar --input D:\ZNGJ\ZNJT\build\intermediates\transforms\stackFramesFixer\debug\6.jar --output D:\ZNGJ\ZNJT\build\intermediates\transforms\desugar\debug\8.jar --input D:\ZNGJ\ZNJT\build\intermediates\transforms\stackFramesFixer\debug\28.jar --output D:\ZNGJ\ZNJT\build\intermediates\transforms\desugar\debug\30.jar --input D:\ZNGJ\ZNJT\build\intermediates\transforms\stackFramesFixer\debug\29.jar --output D:\ZNGJ\ZNJT\build\intermediates\transforms\desugar\debug\31.jar --classpath_entry D:\ZNGJ\idcardcamera\build\intermediates\intermediate-jars\debug\classes.jar --classpath_entry D:\ZNGJ\ZNJT\build\intermediates\classes\debug --classpath_entry D:\ZNGJ\ZNJT\build\intermediates\transforms\stackFramesFixer\debug\0.jar --classpath_entry D:\ZNGJ\ZNJT\build\intermediates\transforms\stackFramesFixer\debug\1.jar --classpath_entry D:\ZNGJ\ZNJT\build\intermediates\transforms\stackFramesFixer\debug\2.jar --classpath_entry D:\ZNGJ\ZNJT\build\intermediates\transforms\stackFramesFixer\debug\3.jar --classpath
java_class_path (initial): C:\Users\ThinkPad\AppData\Local\Temp\desugar_deploy.jar261940988231029253
Launcher Type: SUN_STANDARD

Environment Variables:
JAVA_HOME=C:\Program Files\Java\jdk1.8.0_181
CLASSPATH=.;C:\Program Files\Java\jdk1.8.0_181\lib;C:\Program Files\Java\jdk1.8.0_181\lib\tools.jar
PATH=D:\app\ThinkPad\product\11.2.0\dbhome_1\bin;C:\Program Files (x86)\Common Files\Oracle\Java\javapath;C:\Users\ThinkPad\Downloads\bin;C:\Program Files\Microsoft SQL Server\110\DTS\Binn\;C:\Program Files (x86)\Microsoft SQL Server\110\Tools\Binn\;C:\Program Files\Microsoft SQL Server\110\Tools\Binn\;C:\Program Files (x86)\Microsoft SQL Server\110\Tools\Binn\ManagementStudio\;C:\Program Files (x86)\Microsoft Visual Studio 10.0\Common7\IDE\PrivateAssemblies\;C:\Program Files (x86)\Microsoft SQL Server\110\DTS\Binn\;C:\Program Files\TortoiseSVN\bin;C:\Program Files\TortoiseGit\bin;E:\apache-maven-3.5.3\bin;C:\Program Files\nodejs\;C:\Program Files\Git\cmd;D:\a\platform-tools;E:\springBoot\spring-1.3.0.RELEASE\bin;C:\Program Files\Java\jdk1.8.0_181\bin;C:\Program Files\Java\jdk1.8.0_181\jre\bin;;C:\WINDOWS\system32;C:\WINDOWS;C:\WINDOWS\System32\Wbem;C:\WINDOWS\System32\WindowsPowerShell\v1.0\;C:\WINDOWS\System32\OpenSSH\;C:\Users\ThinkPad\AppData\Local\Microsoft\WindowsApps;C:\Users\ThinkPad\AppData\Roaming\npm;
USERNAME=ThinkPad
OS=Windows_NT
PROCESSOR_IDENTIFIER=Intel64 Family 6 Model 78 Stepping 3, GenuineIntel



---------------  S Y S T E M  ---------------

OS: Windows 10.0 , 64 bit Build 17134 (10.0.17134.1)

CPU:total 4 (initial active 4) (2 cores per cpu, 2 threads per core) family 6 model 78 stepping 3, cmov, cx8, fxsr, mmx, sse, sse2, sse3, ssse3, sse4.1, sse4.2, popcnt, avx, avx2, aes, clmul, erms, rtm, 3dnowpref, lzcnt, ht, tsc, tscinvbit, bmi1, bmi2, adx

Memory: 4k page, physical 8289272k(1680492k free), swap 13409272k(3320k free)

vm_info: Java HotSpot(TM) 64-Bit Server VM (25.181-b13) for windows-amd64 JRE (1.8.0_181-b13), built on Jul  7 2018 04:01:33 by "java_re" with MS VC++ 10.0 (VS2010)

time: Mon Sep 17 18:58:00 2018
elapsed time: 4 seconds (0d 0h 0m 4s)

