#
# There is insufficient memory for the Java Runtime Environment to continue.
# Native memory allocation (malloc) failed to allocate 32744 bytes for ChunkPool::allocate
# Possible reasons:
#   The system is out of physical RAM or swap space
#   In 32 bit mode, the process size limit was hit
# Possible solutions:
#   Reduce memory load on the system
#   Increase physical memory or swap space
#   Check if swap backing store is full
#   Use 64 bit Java on a 64 bit OS
#   Decrease Java heap size (-Xmx/-Xms)
#   Decrease number of Java threads
#   Decrease Java thread stack sizes (-Xss)
#   Set larger code cache with -XX:ReservedCodeCacheSize=
# This output file may be truncated or incomplete.
#
#  Out of Memory Error (allocation.cpp:273), pid=17132, tid=0x00000000000017f4
#
# JRE version: Java(TM) SE Runtime Environment (8.0_181-b13) (build 1.8.0_181-b13)
# Java VM: Java HotSpot(TM) 64-Bit Server VM (25.181-b13 mixed mode windows-amd64 compressed oops)
# Failed to write core dump. Minidumps are not enabled by default on client versions of Windows
#

---------------  T H R E A D  ---------------

Current thread (0x0000000013b69000):  JavaThread "C1 CompilerThread2" daemon [_thread_in_native, id=6132, stack(0x00000000156d0000,0x00000000157d0000)]

Stack: [0x00000000156d0000,0x00000000157d0000]
[error occurred during error reporting (printing stack bounds), id 0xc0000005]

Native frames: (J=compiled Java code, j=interpreted, Vv=VM code, C=native code)


Current CompileTask:
C1:   2082  789       3       org.objectweb.asm.ClassReader::a (3587 bytes)


---------------  P R O C E S S  ---------------

Java Threads: ( => current thread )
  0x0000000014f3f000 JavaThread "Service Thread" daemon [_thread_blocked, id=7732, stack(0x00000000157d0000,0x00000000158d0000)]
=>0x0000000013b69000 JavaThread "C1 CompilerThread2" daemon [_thread_in_native, id=6132, stack(0x00000000156d0000,0x00000000157d0000)]
  0x0000000013b38800 JavaThread "C2 CompilerThread1" daemon [_thread_blocked, id=15152, stack(0x00000000155d0000,0x00000000156d0000)]
  0x0000000014f13800 JavaThread "C2 CompilerThread0" daemon [_thread_in_native, id=14732, stack(0x00000000154d0000,0x00000000155d0000)]
  0x0000000013b24800 JavaThread "Attach Listener" daemon [_thread_blocked, id=16600, stack(0x00000000153d0000,0x00000000154d0000)]
  0x0000000013b0d000 JavaThread "Signal Dispatcher" daemon [_thread_blocked, id=368, stack(0x00000000152d0000,0x00000000153d0000)]
  0x0000000013b00000 JavaThread "Finalizer" daemon [_thread_blocked, id=15900, stack(0x0000000014d60000,0x0000000014e60000)]
  0x0000000003786000 JavaThread "Reference Handler" daemon [_thread_blocked, id=1796, stack(0x0000000014c60000,0x0000000014d60000)]
  0x0000000003694800 JavaThread "main" [_thread_in_Java, id=15616, stack(0x0000000003590000,0x0000000003690000)]

Other Threads:
  0x0000000013ad7800 VMThread [stack: 0x0000000014b60000,0x0000000014c60000] [id=17232]
  0x0000000014f4d000 WatcherThread [stack: 0x00000000158d0000,0x00000000159d0000] [id=16840]

VM state:not at safepoint (normal execution)

VM Mutex/Monitor currently owned by a thread:  ([mutex/lock_event])
[0x00000000036930e0] MethodData_lock - owner thread: 0x0000000000000000

Heap:
 PSYoungGen      total 18944K, used 17962K [0x00000000feb00000, 0x0000000100000000, 0x0000000100000000)
  eden space 16384K, 94% used [0x00000000feb00000,0x00000000ffa10958,0x00000000ffb00000)
  from space 2560K, 99% used [0x00000000ffb00000,0x00000000ffd7a030,0x00000000ffd80000)
  to   space 2560K, 0% used [0x00000000ffd80000,0x00000000ffd80000,0x0000000100000000)
 ParOldGen       total 44032K, used 1562K [0x00000000fc000000, 0x00000000feb00000, 0x00000000feb00000)
  object space 44032K, 3% used [0x00000000fc000000,0x00000000fc1869f8,0x00000000feb00000)
 Metaspace       used 7737K, capacity 7918K, committed 7936K, reserved 1056768K
  class space    used 930K, capacity 1021K, committed 1024K, reserved 1048576K

Card table byte_map: [0x00000000030d0000,0x0000000003100000] byte_map_base: 0x00000000028f0000

Marking Bits: (ParMarkBitMap*) 0x0000000060632d00
 Begin Bits: [0x0000000012f50000, 0x0000000013050000)
 End Bits:   [0x0000000013050000, 0x0000000013150000)

Polling page: 0x0000000000fe0000

CodeCache: size=245760Kb used=2917Kb max_used=2929Kb free=242842Kb
 bounds [0x0000000003790000, 0x0000000003a70000, 0x0000000012790000]
 total_blobs=1124 nmethods=789 adapters=248
 compilation: enabled

Compilation events (10 events):
Event: 2.068 Thread 0x0000000013b69000 nmethod 781 0x0000000003a5e990 code [0x0000000003a5eae0, 0x0000000003a5ebd0]
Event: 2.068 Thread 0x0000000013b69000  782       1       org.objectweb.asm.tree.InsnList::size (5 bytes)
Event: 2.068 Thread 0x0000000013b69000 nmethod 782 0x0000000003a5a310 code [0x0000000003a5a460, 0x0000000003a5a570]
Event: 2.068 Thread 0x0000000013b69000  786       3       org.objectweb.asm.ClassReader::readShort (27 bytes)
Event: 2.069 Thread 0x0000000013b69000 nmethod 786 0x0000000003a59f10 code [0x0000000003a5a060, 0x0000000003a5a210]
Event: 2.069 Thread 0x0000000013b69000  788       3       org.objectweb.asm.MethodVisitor::visitLocalVariable (24 bytes)
Event: 2.069 Thread 0x0000000013b69000 nmethod 788 0x0000000003a59a50 code [0x0000000003a59bc0, 0x0000000003a59e28]
Event: 2.069 Thread 0x0000000013b69000  789       3       org.objectweb.asm.ClassReader::a (3587 bytes)
Event: 2.075 Thread 0x0000000014f13800 nmethod 785 0x0000000003a6c610 code [0x0000000003a6c760, 0x0000000003a6cc98]
Event: 2.075 Thread 0x0000000014f13800  798       4       org.objectweb.asm.ByteVector::putUTF8 (142 bytes)

GC Heap History (2 events):
Event: 1.289 GC heap before
{Heap before GC invocations=1 (full 0):
 PSYoungGen      total 18944K, used 16384K [0x00000000feb00000, 0x0000000100000000, 0x0000000100000000)
  eden space 16384K, 100% used [0x00000000feb00000,0x00000000ffb00000,0x00000000ffb00000)
  from space 2560K, 0% used [0x00000000ffd80000,0x00000000ffd80000,0x0000000100000000)
  to   space 2560K, 0% used [0x00000000ffb00000,0x00000000ffb00000,0x00000000ffd80000)
 ParOldGen       total 44032K, used 0K [0x00000000fc000000, 0x00000000feb00000, 0x00000000feb00000)
  object space 44032K, 0% used [0x00000000fc000000,0x00000000fc000000,0x00000000feb00000)
 Metaspace       used 6628K, capacity 6780K, committed 7040K, reserved 1056768K
  class space    used 799K, capacity 856K, committed 896K, reserved 1048576K
Event: 1.314 GC heap after
Heap after GC invocations=1 (full 0):
 PSYoungGen      total 18944K, used 2536K [0x00000000feb00000, 0x0000000100000000, 0x0000000100000000)
  eden space 16384K, 0% used [0x00000000feb00000,0x00000000feb00000,0x00000000ffb00000)
  from space 2560K, 99% used [0x00000000ffb00000,0x00000000ffd7a030,0x00000000ffd80000)
  to   space 2560K, 0% used [0x00000000ffd80000,0x00000000ffd80000,0x0000000100000000)
 ParOldGen       total 44032K, used 1562K [0x00000000fc000000, 0x00000000feb00000, 0x00000000feb00000)
  object space 44032K, 3% used [0x00000000fc000000,0x00000000fc1869f8,0x00000000feb00000)
 Metaspace       used 6628K, capacity 6780K, committed 7040K, reserved 1056768K
  class space    used 799K, capacity 856K, committed 896K, reserved 1048576K
}

Deoptimization events (10 events):
Event: 1.798 Thread 0x0000000003694800 Uncommon trap: reason=class_check action=maybe_recompile pc=0x00000000039aea50 method=com.google.common.collect.Iterators$7.transform(Ljava/lang/Object;)Ljava/lang/Object; @ 5
Event: 1.798 Thread 0x0000000003694800 Uncommon trap: reason=class_check action=maybe_recompile pc=0x00000000039c166c method=com.google.common.collect.TransformedIterator.hasNext()Z @ 4
Event: 1.798 Thread 0x0000000003694800 Uncommon trap: reason=class_check action=maybe_recompile pc=0x00000000039c166c method=com.google.common.collect.TransformedIterator.hasNext()Z @ 4
Event: 1.798 Thread 0x0000000003694800 Uncommon trap: reason=class_check action=maybe_recompile pc=0x00000000039c5198 method=com.google.common.collect.TransformedIterator.next()Ljava/lang/Object; @ 5
Event: 1.798 Thread 0x0000000003694800 Uncommon trap: reason=class_check action=maybe_recompile pc=0x00000000039aea50 method=com.google.common.collect.Iterators$7.transform(Ljava/lang/Object;)Ljava/lang/Object; @ 5
Event: 1.798 Thread 0x0000000003694800 Uncommon trap: reason=class_check action=maybe_recompile pc=0x00000000039c166c method=com.google.common.collect.TransformedIterator.hasNext()Z @ 4
Event: 1.798 Thread 0x0000000003694800 Uncommon trap: reason=class_check action=maybe_recompile pc=0x00000000039c5198 method=com.google.common.collect.TransformedIterator.next()Ljava/lang/Object; @ 5
Event: 1.798 Thread 0x0000000003694800 Uncommon trap: reason=class_check action=maybe_recompile pc=0x00000000039aea50 method=com.google.common.collect.Iterators$7.transform(Ljava/lang/Object;)Ljava/lang/Object; @ 5
Event: 1.798 Thread 0x0000000003694800 Uncommon trap: reason=class_check action=maybe_recompile pc=0x00000000039c5198 method=com.google.common.collect.TransformedIterator.next()Ljava/lang/Object; @ 5
Event: 1.798 Thread 0x0000000003694800 Uncommon trap: reason=class_check action=maybe_recompile pc=0x00000000039aea50 method=com.google.common.collect.Iterators$7.transform(Ljava/lang/Object;)Ljava/lang/Object; @ 5

Classes redefined (0 events):
No events

Internal exceptions (10 events):
Event: 1.396 Thread 0x0000000003694800 Exception <a 'sun/nio/fs/WindowsException'> (0x00000000ff248bf8) thrown at [C:\re\workspace\8-2-build-windows-amd64-cygwin\jdk8u181\11358\hotspot\src\share\vm\prims\jni.cpp, line 709]
Event: 1.396 Thread 0x0000000003694800 Exception <a 'sun/nio/fs/WindowsException'> (0x00000000ff2491f0) thrown at [C:\re\workspace\8-2-build-windows-amd64-cygwin\jdk8u181\11358\hotspot\src\share\vm\prims\jni.cpp, line 709]
Event: 1.396 Thread 0x0000000003694800 Exception <a 'sun/nio/fs/WindowsException'> (0x00000000ff2499c0) thrown at [C:\re\workspace\8-2-build-windows-amd64-cygwin\jdk8u181\11358\hotspot\src\share\vm\prims\jni.cpp, line 709]
Event: 1.396 Thread 0x0000000003694800 Exception <a 'sun/nio/fs/WindowsException'> (0x00000000ff249f90) thrown at [C:\re\workspace\8-2-build-windows-amd64-cygwin\jdk8u181\11358\hotspot\src\share\vm\prims\jni.cpp, line 709]
Event: 1.397 Thread 0x0000000003694800 Exception <a 'sun/nio/fs/WindowsException'> (0x00000000ff24a750) thrown at [C:\re\workspace\8-2-build-windows-amd64-cygwin\jdk8u181\11358\hotspot\src\share\vm\prims\jni.cpp, line 709]
Event: 1.520 Thread 0x0000000003694800 Exception <a 'sun/nio/fs/WindowsException'> (0x00000000ff24fbb8) thrown at [C:\re\workspace\8-2-build-windows-amd64-cygwin\jdk8u181\11358\hotspot\src\share\vm\prims\jni.cpp, line 709]
Event: 1.689 Thread 0x0000000003694800 Exception <a 'sun/nio/fs/WindowsException'> (0x00000000ff64e008) thrown at [C:\re\workspace\8-2-build-windows-amd64-cygwin\jdk8u181\11358\hotspot\src\share\vm\prims\jni.cpp, line 709]
Event: 1.689 Thread 0x0000000003694800 Exception <a 'sun/nio/fs/WindowsException'> (0x00000000ff64e560) thrown at [C:\re\workspace\8-2-build-windows-amd64-cygwin\jdk8u181\11358\hotspot\src\share\vm\prims\jni.cpp, line 709]
Event: 2.002 Thread 0x0000000003694800 Exception <a 'sun/nio/fs/WindowsException'> (0x00000000ff8a60a8) thrown at [C:\re\workspace\8-2-build-windows-amd64-cygwin\jdk8u181\11358\hotspot\src\share\vm\prims\jni.cpp, line 709]
Event: 2.003 Thread 0x0000000003694800 Exception <a 'sun/nio/fs/WindowsException'> (0x00000000ff8a6580) thrown at [C:\re\workspace\8-2-build-windows-amd64-cygwin\jdk8u181\11358\hotspot\src\share\vm\prims\jni.cpp, line 709]

Events (10 events):
Event: 1.959 loading class org/objectweb/asm/tree/InsnList
Event: 1.959 loading class org/objectweb/asm/tree/InsnList done
Event: 1.981 loading class org/objectweb/asm/Opcodes
Event: 1.981 loading class org/objectweb/asm/Opcodes done
Event: 1.984 loading class org/objectweb/asm/tree/LocalVariableNode
Event: 1.984 loading class org/objectweb/asm/tree/LocalVariableNode done
Event: 1.985 loading class org/objectweb/asm/Edge
Event: 1.985 loading class org/objectweb/asm/Edge done
Event: 2.000 loading class java/util/Vector$Itr
Event: 2.000 loading class java/util/Vector$Itr done


Dynamic libraries:
0x00007ff6bcdb0000 - 0x00007ff6bcde7000 	C:\Program Files\Java\jdk1.8.0_181\bin\java.exe
0x00007ff999e70000 - 0x00007ff99a051000 	C:\WINDOWS\SYSTEM32\ntdll.dll
0x00007ff997760000 - 0x00007ff997812000 	C:\WINDOWS\System32\KERNEL32.DLL
0x00007ff9969c0000 - 0x00007ff996c33000 	C:\WINDOWS\System32\KERNELBASE.dll
0x00007ff999750000 - 0x00007ff9997f1000 	C:\WINDOWS\System32\ADVAPI32.dll
0x00007ff999da0000 - 0x00007ff999e3e000 	C:\WINDOWS\System32\msvcrt.dll
0x00007ff999360000 - 0x00007ff9993bb000 	C:\WINDOWS\System32\sechost.dll
0x00007ff999470000 - 0x00007ff999594000 	C:\WINDOWS\System32\RPCRT4.dll
0x00007ff9991d0000 - 0x00007ff999360000 	C:\WINDOWS\System32\USER32.dll
0x00007ff996290000 - 0x00007ff9962b0000 	C:\WINDOWS\System32\win32u.dll
0x00007ff999720000 - 0x00007ff999748000 	C:\WINDOWS\System32\GDI32.dll
0x00007ff9970b0000 - 0x00007ff997242000 	C:\WINDOWS\System32\gdi32full.dll
0x00007ff996f10000 - 0x00007ff996faf000 	C:\WINDOWS\System32\msvcp_win.dll
0x00007ff996fb0000 - 0x00007ff9970aa000 	C:\WINDOWS\System32\ucrtbase.dll
0x00007ff98d300000 - 0x00007ff98d569000 	C:\WINDOWS\WinSxS\amd64_microsoft.windows.common-controls_6595b64144ccf1df_6.0.17134.285_none_fb4297e330656775\COMCTL32.dll
0x00007ff998ea0000 - 0x00007ff9991c3000 	C:\WINDOWS\System32\combase.dll
0x00007ff996c40000 - 0x00007ff996cba000 	C:\WINDOWS\System32\bcryptPrimitives.dll
0x00007ff999b30000 - 0x00007ff999b5d000 	C:\WINDOWS\System32\IMM32.DLL
0x0000000062820000 - 0x00000000628f2000 	C:\Program Files\Java\jdk1.8.0_181\jre\bin\msvcr100.dll
0x000000005fe10000 - 0x00000000606b2000 	C:\Program Files\Java\jdk1.8.0_181\jre\bin\server\jvm.dll
0x00007ff999800000 - 0x00007ff999808000 	C:\WINDOWS\System32\PSAPI.DLL
0x00007ff98fb70000 - 0x00007ff98fb79000 	C:\WINDOWS\SYSTEM32\WSOCK32.dll
0x00007ff998dc0000 - 0x00007ff998e2c000 	C:\WINDOWS\System32\WS2_32.dll
0x00007ff993350000 - 0x00007ff993373000 	C:\WINDOWS\SYSTEM32\WINMM.dll
0x00007ff98fca0000 - 0x00007ff98fcaa000 	C:\WINDOWS\SYSTEM32\VERSION.dll
0x00007ff9932d0000 - 0x00007ff9932fa000 	C:\WINDOWS\SYSTEM32\winmmbase.dll
0x00007ff996240000 - 0x00007ff996289000 	C:\WINDOWS\System32\cfgmgr32.dll
0x0000000062810000 - 0x000000006281f000 	C:\Program Files\Java\jdk1.8.0_181\jre\bin\verify.dll
0x00000000627e0000 - 0x0000000062809000 	C:\Program Files\Java\jdk1.8.0_181\jre\bin\java.dll
0x00000000612a0000 - 0x00000000612b6000 	C:\Program Files\Java\jdk1.8.0_181\jre\bin\zip.dll
0x00007ff997820000 - 0x00007ff998c60000 	C:\WINDOWS\System32\SHELL32.dll
0x00007ff9993c0000 - 0x00007ff999469000 	C:\WINDOWS\System32\shcore.dll
0x00007ff9962b0000 - 0x00007ff9969bd000 	C:\WINDOWS\System32\windows.storage.dll
0x00007ff9998e0000 - 0x00007ff999931000 	C:\WINDOWS\System32\shlwapi.dll
0x00007ff9961e0000 - 0x00007ff9961f1000 	C:\WINDOWS\System32\kernel.appcore.dll
0x00007ff996200000 - 0x00007ff99621f000 	C:\WINDOWS\System32\profapi.dll
0x00007ff996180000 - 0x00007ff9961cc000 	C:\WINDOWS\System32\powrprof.dll
0x00007ff9961d0000 - 0x00007ff9961da000 	C:\WINDOWS\System32\FLTLIB.DLL
0x00007ff995b90000 - 0x00007ff995ba7000 	C:\WINDOWS\SYSTEM32\CRYPTSP.dll
0x00007ff995560000 - 0x00007ff995593000 	C:\WINDOWS\system32\rsaenh.dll
0x00007ff995cc0000 - 0x00007ff995ce5000 	C:\WINDOWS\SYSTEM32\bcrypt.dll
0x00007ff996080000 - 0x00007ff9960a8000 	C:\WINDOWS\SYSTEM32\USERENV.dll
0x00007ff995bb0000 - 0x00007ff995bbb000 	C:\WINDOWS\SYSTEM32\CRYPTBASE.dll
0x0000000061280000 - 0x000000006129a000 	C:\Program Files\Java\jdk1.8.0_181\jre\bin\net.dll
0x00007ff9959e0000 - 0x00007ff995a46000 	C:\WINDOWS\system32\mswsock.dll
0x00007ff995760000 - 0x00007ff995798000 	C:\WINDOWS\SYSTEM32\IPHLPAPI.DLL
0x00007ff998e90000 - 0x00007ff998e98000 	C:\WINDOWS\System32\NSI.dll
0x00007ff990300000 - 0x00007ff990316000 	C:\WINDOWS\SYSTEM32\dhcpcsvc6.DLL
0x00007ff990750000 - 0x00007ff99076a000 	C:\WINDOWS\SYSTEM32\dhcpcsvc.DLL
0x0000000061260000 - 0x0000000061271000 	C:\Program Files\Java\jdk1.8.0_181\jre\bin\nio.dll

VM Arguments:
jvm_args: -Djava.awt.headless=true -Xmx64M -Dfile.encoding=GBK -Duser.country=CN -Duser.language=zh -Duser.variant 
java_command: com.google.devtools.build.android.desugar.Desugar --input D:\ZNGJ\ZNJT\build\intermediates\transforms\stackFramesFixer\debug\31.jar --output D:\ZNGJ\ZNJT\build\intermediates\transforms\desugar\debug\33.jar --input D:\ZNGJ\ZNJT\build\intermediates\transforms\stackFramesFixer\debug\12.jar --output D:\ZNGJ\ZNJT\build\intermediates\transforms\desugar\debug\14.jar --input D:\ZNGJ\ZNJT\build\intermediates\transforms\stackFramesFixer\debug\21.jar --output D:\ZNGJ\ZNJT\build\intermediates\transforms\desugar\debug\23.jar --input D:\ZNGJ\ZNJT\build\intermediates\transforms\stackFramesFixer\debug\23.jar --output D:\ZNGJ\ZNJT\build\intermediates\transforms\desugar\debug\25.jar --input D:\ZNGJ\ZNJT\build\intermediates\transforms\stackFramesFixer\debug\27.jar --output D:\ZNGJ\ZNJT\build\intermediates\transforms\desugar\debug\29.jar --input D:\ZNGJ\ZNJT\build\intermediates\transforms\stackFramesFixer\debug\28.jar --output D:\ZNGJ\ZNJT\build\intermediates\transforms\desugar\debug\30.jar --input D:\ZNGJ\ZNJT\build\intermediates\transforms\stackFramesFixer\debug\29.jar --output D:\ZNGJ\ZNJT\build\intermediates\transforms\desugar\debug\31.jar --input D:\ZNGJ\ZNJT\build\intermediates\transforms\stackFramesFixer\debug\30.jar --output D:\ZNGJ\ZNJT\build\intermediates\transforms\desugar\debug\32.jar --input D:\ZNGJ\ZNJT\build\intermediates\transforms\stackFramesFixer\debug\18.jar --output D:\ZNGJ\ZNJT\build\intermediates\transforms\desugar\debug\20.jar --classpath_entry D:\ZNGJ\idcardcamera\build\intermediates\intermediate-jars\debug\classes.jar --classpath_entry D:\ZNGJ\ZNJT\build\intermediates\classes\debug --classpath_entry D:\ZNGJ\ZNJT\build\intermediates\transforms\stackFramesFixer\debug\0.jar --classpath_entry D:\ZNGJ\ZNJT\build\intermediates\transforms\stackFramesFixer\debug\1.jar --classpath_entry D:\ZNGJ\ZNJT\build\intermediates\transforms\stackFramesFixer\debug\2.jar --classpath_entry D:\ZNGJ\ZNJT\build\intermediates\transforms\stackFramesFixer\debug\3.jar --clas
java_class_path (initial): C:\Users\ThinkPad\AppData\Local\Temp\desugar_deploy.jar261940988231029253
Launcher Type: SUN_STANDARD

Environment Variables:
JAVA_HOME=C:\Program Files\Java\jdk1.8.0_181
CLASSPATH=.;C:\Program Files\Java\jdk1.8.0_181\lib;C:\Program Files\Java\jdk1.8.0_181\lib\tools.jar
PATH=D:\app\ThinkPad\product\11.2.0\dbhome_1\bin;C:\Program Files (x86)\Common Files\Oracle\Java\javapath;C:\Users\ThinkPad\Downloads\bin;C:\Program Files\Microsoft SQL Server\110\DTS\Binn\;C:\Program Files (x86)\Microsoft SQL Server\110\Tools\Binn\;C:\Program Files\Microsoft SQL Server\110\Tools\Binn\;C:\Program Files (x86)\Microsoft SQL Server\110\Tools\Binn\ManagementStudio\;C:\Program Files (x86)\Microsoft Visual Studio 10.0\Common7\IDE\PrivateAssemblies\;C:\Program Files (x86)\Microsoft SQL Server\110\DTS\Binn\;C:\Program Files\TortoiseSVN\bin;C:\Program Files\TortoiseGit\bin;E:\apache-maven-3.5.3\bin;C:\Program Files\nodejs\;C:\Program Files\Git\cmd;D:\a\platform-tools;E:\springBoot\spring-1.3.0.RELEASE\bin;C:\Program Files\Java\jdk1.8.0_181\bin;C:\Program Files\Java\jdk1.8.0_181\jre\bin;;C:\WINDOWS\system32;C:\WINDOWS;C:\WINDOWS\System32\Wbem;C:\WINDOWS\System32\WindowsPowerShell\v1.0\;C:\WINDOWS\System32\OpenSSH\;C:\Users\ThinkPad\AppData\Local\Microsoft\WindowsApps;C:\Users\ThinkPad\AppData\Roaming\npm;
USERNAME=ThinkPad
OS=Windows_NT
PROCESSOR_IDENTIFIER=Intel64 Family 6 Model 78 Stepping 3, GenuineIntel



---------------  S Y S T E M  ---------------

OS: Windows 10.0 , 64 bit Build 17134 (10.0.17134.1)

CPU:total 4 (initial active 4) (2 cores per cpu, 2 threads per core) family 6 model 78 stepping 3, cmov, cx8, fxsr, mmx, sse, sse2, sse3, ssse3, sse4.1, sse4.2, popcnt, avx, avx2, aes, clmul, erms, rtm, 3dnowpref, lzcnt, ht, tsc, tscinvbit, bmi1, bmi2, adx

Memory: 4k page, physical 8289272k(2109684k free), swap 13409272k(1536k free)

vm_info: Java HotSpot(TM) 64-Bit Server VM (25.181-b13) for windows-amd64 JRE (1.8.0_181-b13), built on Jul  7 2018 04:01:33 by "java_re" with MS VC++ 10.0 (VS2010)

time: Mon Sep 17 18:56:44 2018
elapsed time: 2 seconds (0d 0h 0m 2s)

