#
# There is insufficient memory for the Java Runtime Environment to continue.
# Native memory allocation (malloc) failed to allocate 32744 bytes for ChunkPool::allocate
# Possible reasons:
#   The system is out of physical RAM or swap space
#   In 32 bit mode, the process size limit was hit
# Possible solutions:
#   Reduce memory load on the system
#   Increase physical memory or swap space
#   Check if swap backing store is full
#   Use 64 bit Java on a 64 bit OS
#   Decrease Java heap size (-Xmx/-Xms)
#   Decrease number of Java threads
#   Decrease Java thread stack sizes (-Xss)
#   Set larger code cache with -XX:ReservedCodeCacheSize=
# This output file may be truncated or incomplete.
#
#  Out of Memory Error (allocation.cpp:273), pid=3368, tid=0x000000000000048c
#
# JRE version: Java(TM) SE Runtime Environment (8.0_181-b13) (build 1.8.0_181-b13)
# Java VM: Java HotSpot(TM) 64-Bit Server VM (25.181-b13 mixed mode windows-amd64 compressed oops)
# Failed to write core dump. Minidumps are not enabled by default on client versions of Windows
#

---------------  T H R E A D  ---------------

Current thread (0x0000000014a89800):  JavaThread "C2 CompilerThread1" daemon [_thread_in_native, id=1164, stack(0x0000000015130000,0x0000000015230000)]

Stack: [0x0000000015130000,0x0000000015230000]
[error occurred during error reporting (printing stack bounds), id 0xc0000005]

Native frames: (J=compiled Java code, j=interpreted, Vv=VM code, C=native code)


Current CompileTask:
C2:   6711 1307       4       org.objectweb.asm.tree.MethodNode::accept (916 bytes)


---------------  P R O C E S S  ---------------

Java Threads: ( => current thread )
  0x0000000014a9f000 JavaThread "Service Thread" daemon [_thread_blocked, id=14148, stack(0x0000000015330000,0x0000000015430000)]
  0x0000000014a99000 JavaThread "C1 CompilerThread2" daemon [_thread_blocked, id=16744, stack(0x0000000015230000,0x0000000015330000)]
=>0x0000000014a89800 JavaThread "C2 CompilerThread1" daemon [_thread_in_native, id=1164, stack(0x0000000015130000,0x0000000015230000)]
  0x00000000136d1000 JavaThread "C2 CompilerThread0" daemon [_thread_in_native, id=972, stack(0x0000000015030000,0x0000000015130000)]
  0x00000000136cf000 JavaThread "Attach Listener" daemon [_thread_blocked, id=16260, stack(0x0000000014f30000,0x0000000015030000)]
  0x000000001371e800 JavaThread "Signal Dispatcher" daemon [_thread_blocked, id=15332, stack(0x0000000014e30000,0x0000000014f30000)]
  0x000000000335e000 JavaThread "Finalizer" daemon [_thread_blocked, id=2284, stack(0x0000000014930000,0x0000000014a30000)]
  0x0000000003353000 JavaThread "Reference Handler" daemon [_thread_blocked, id=14700, stack(0x0000000014830000,0x0000000014930000)]
  0x0000000003264800 JavaThread "main" [_thread_in_native, id=13508, stack(0x0000000003160000,0x0000000003260000)]

Other Threads:
  0x0000000013688000 VMThread [stack: 0x0000000014730000,0x0000000014830000] [id=9188]
  0x0000000014aca000 WatcherThread [stack: 0x0000000015430000,0x0000000015530000] [id=16004]

VM state:not at safepoint (normal execution)

VM Mutex/Monitor currently owned by a thread: None

Heap:
 PSYoungGen      total 18944K, used 10676K [0x00000000feb00000, 0x0000000100000000, 0x0000000100000000)
  eden space 16384K, 49% used [0x00000000feb00000,0x00000000ff2f36c0,0x00000000ffb00000)
  from space 2560K, 99% used [0x00000000ffb00000,0x00000000ffd79ac8,0x00000000ffd80000)
  to   space 2560K, 0% used [0x00000000ffd80000,0x00000000ffd80000,0x0000000100000000)
 ParOldGen       total 44032K, used 6020K [0x00000000fc000000, 0x00000000feb00000, 0x00000000feb00000)
  object space 44032K, 13% used [0x00000000fc000000,0x00000000fc5e1350,0x00000000feb00000)
 Metaspace       used 8084K, capacity 8302K, committed 8448K, reserved 1056768K
  class space    used 936K, capacity 1021K, committed 1024K, reserved 1048576K

Card table byte_map: [0x0000000001210000,0x0000000001240000] byte_map_base: 0x0000000000a30000

Marking Bits: (ParMarkBitMap*) 0x0000000060632d00
 Begin Bits: [0x0000000012b20000, 0x0000000012c20000)
 End Bits:   [0x0000000012c20000, 0x0000000012d20000)

Polling page: 0x0000000000bf0000

CodeCache: size=245760Kb used=5633Kb max_used=5649Kb free=240126Kb
 bounds [0x0000000003360000, 0x00000000038f0000, 0x0000000012360000]
 total_blobs=1643 nmethods=1307 adapters=248
 compilation: enabled

Compilation events (10 events):
Event: 6.566 Thread 0x0000000014a89800 nmethod 1294% 0x00000000038ca590 code [0x00000000038ca700, 0x00000000038cb4b8]
Event: 6.566 Thread 0x0000000014a89800 1302       4       org.objectweb.asm.MethodWriter::visitVarInsn (300 bytes)
Event: 6.567 Thread 0x0000000014a99000 1308  s    3       sun.misc.URLClassPath::getNextLoader (88 bytes)
Event: 6.567 Thread 0x0000000014a99000 nmethod 1308 0x00000000038e27d0 code [0x00000000038e29a0, 0x00000000038e3328]
Event: 6.574 Thread 0x0000000014a99000 1310       1       org.objectweb.asm.tree.AnnotationNode::visitEnd (1 bytes)
Event: 6.574 Thread 0x0000000014a99000 nmethod 1310 0x00000000038d6150 code [0x00000000038d62a0, 0x00000000038d63b0]
Event: 6.575 Thread 0x0000000014a89800 nmethod 1302 0x00000000038e0550 code [0x00000000038e06c0, 0x00000000038e0de8]
Event: 6.575 Thread 0x0000000014a89800 1309       4       org.objectweb.asm.MethodWriter::visitLocalVariable (223 bytes)
Event: 6.601 Thread 0x0000000014a89800 nmethod 1309 0x00000000038e8110 code [0x00000000038e8380, 0x00000000038e9768]
Event: 6.601 Thread 0x0000000014a89800 1307       4       org.objectweb.asm.tree.MethodNode::accept (916 bytes)

GC Heap History (10 events):
Event: 1.098 GC heap before
{Heap before GC invocations=1 (full 0):
 PSYoungGen      total 18944K, used 16384K [0x00000000feb00000, 0x0000000100000000, 0x0000000100000000)
  eden space 16384K, 100% used [0x00000000feb00000,0x00000000ffb00000,0x00000000ffb00000)
  from space 2560K, 0% used [0x00000000ffd80000,0x00000000ffd80000,0x0000000100000000)
  to   space 2560K, 0% used [0x00000000ffb00000,0x00000000ffb00000,0x00000000ffd80000)
 ParOldGen       total 44032K, used 0K [0x00000000fc000000, 0x00000000feb00000, 0x00000000feb00000)
  object space 44032K, 0% used [0x00000000fc000000,0x00000000fc000000,0x00000000feb00000)
 Metaspace       used 6643K, capacity 6844K, committed 7040K, reserved 1056768K
  class space    used 799K, capacity 856K, committed 896K, reserved 1048576K
Event: 1.145 GC heap after
Heap after GC invocations=1 (full 0):
 PSYoungGen      total 18944K, used 2536K [0x00000000feb00000, 0x0000000100000000, 0x0000000100000000)
  eden space 16384K, 0% used [0x00000000feb00000,0x00000000feb00000,0x00000000ffb00000)
  from space 2560K, 99% used [0x00000000ffb00000,0x00000000ffd7a030,0x00000000ffd80000)
  to   space 2560K, 0% used [0x00000000ffd80000,0x00000000ffd80000,0x0000000100000000)
 ParOldGen       total 44032K, used 1576K [0x00000000fc000000, 0x00000000feb00000, 0x00000000feb00000)
  object space 44032K, 3% used [0x00000000fc000000,0x00000000fc18a100,0x00000000feb00000)
 Metaspace       used 6643K, capacity 6844K, committed 7040K, reserved 1056768K
  class space    used 799K, capacity 856K, committed 896K, reserved 1048576K
}
Event: 1.911 GC heap before
{Heap before GC invocations=2 (full 0):
 PSYoungGen      total 18944K, used 18920K [0x00000000feb00000, 0x0000000100000000, 0x0000000100000000)
  eden space 16384K, 100% used [0x00000000feb00000,0x00000000ffb00000,0x00000000ffb00000)
  from space 2560K, 99% used [0x00000000ffb00000,0x00000000ffd7a030,0x00000000ffd80000)
  to   space 2560K, 0% used [0x00000000ffd80000,0x00000000ffd80000,0x0000000100000000)
 ParOldGen       total 44032K, used 1576K [0x00000000fc000000, 0x00000000feb00000, 0x00000000feb00000)
  object space 44032K, 3% used [0x00000000fc000000,0x00000000fc18a100,0x00000000feb00000)
 Metaspace       used 7783K, capacity 7982K, committed 8192K, reserved 1056768K
  class space    used 931K, capacity 1021K, committed 1024K, reserved 1048576K
Event: 1.918 GC heap after
Heap after GC invocations=2 (full 0):
 PSYoungGen      total 18944K, used 2532K [0x00000000feb00000, 0x0000000100000000, 0x0000000100000000)
  eden space 16384K, 0% used [0x00000000feb00000,0x00000000feb00000,0x00000000ffb00000)
  from space 2560K, 98% used [0x00000000ffd80000,0x00000000ffff91b0,0x0000000100000000)
  to   space 2560K, 0% used [0x00000000ffb00000,0x00000000ffb00000,0x00000000ffd80000)
 ParOldGen       total 44032K, used 5628K [0x00000000fc000000, 0x00000000feb00000, 0x00000000feb00000)
  object space 44032K, 12% used [0x00000000fc000000,0x00000000fc57f340,0x00000000feb00000)
 Metaspace       used 7783K, capacity 7982K, committed 8192K, reserved 1056768K
  class space    used 931K, capacity 1021K, committed 1024K, reserved 1048576K
}
Event: 3.482 GC heap before
{Heap before GC invocations=3 (full 0):
 PSYoungGen      total 18944K, used 18916K [0x00000000feb00000, 0x0000000100000000, 0x0000000100000000)
  eden space 16384K, 100% used [0x00000000feb00000,0x00000000ffb00000,0x00000000ffb00000)
  from space 2560K, 98% used [0x00000000ffd80000,0x00000000ffff91b0,0x0000000100000000)
  to   space 2560K, 0% used [0x00000000ffb00000,0x00000000ffb00000,0x00000000ffd80000)
 ParOldGen       total 44032K, used 5628K [0x00000000fc000000, 0x00000000feb00000, 0x00000000feb00000)
  object space 44032K, 12% used [0x00000000fc000000,0x00000000fc57f340,0x00000000feb00000)
 Metaspace       used 7998K, capacity 8174K, committed 8192K, reserved 1056768K
  class space    used 933K, capacity 1021K, committed 1024K, reserved 1048576K
Event: 3.632 GC heap after
Heap after GC invocations=3 (full 0):
 PSYoungGen      total 18944K, used 2534K [0x00000000feb00000, 0x0000000100000000, 0x0000000100000000)
  eden space 16384K, 0% used [0x00000000feb00000,0x00000000feb00000,0x00000000ffb00000)
  from space 2560K, 99% used [0x00000000ffb00000,0x00000000ffd79ae8,0x00000000ffd80000)
  to   space 2560K, 0% used [0x00000000ffd80000,0x00000000ffd80000,0x0000000100000000)
 ParOldGen       total 44032K, used 5812K [0x00000000fc000000, 0x00000000feb00000, 0x00000000feb00000)
  object space 44032K, 13% used [0x00000000fc000000,0x00000000fc5ad350,0x00000000feb00000)
 Metaspace       used 7998K, capacity 8174K, committed 8192K, reserved 1056768K
  class space    used 933K, capacity 1021K, committed 1024K, reserved 1048576K
}
Event: 5.157 GC heap before
{Heap before GC invocations=4 (full 0):
 PSYoungGen      total 18944K, used 18918K [0x00000000feb00000, 0x0000000100000000, 0x0000000100000000)
  eden space 16384K, 100% used [0x00000000feb00000,0x00000000ffb00000,0x00000000ffb00000)
  from space 2560K, 99% used [0x00000000ffb00000,0x00000000ffd79ae8,0x00000000ffd80000)
  to   space 2560K, 0% used [0x00000000ffd80000,0x00000000ffd80000,0x0000000100000000)
 ParOldGen       total 44032K, used 5812K [0x00000000fc000000, 0x00000000feb00000, 0x00000000feb00000)
  object space 44032K, 13% used [0x00000000fc000000,0x00000000fc5ad350,0x00000000feb00000)
 Metaspace       used 8048K, capacity 8174K, committed 8192K, reserved 1056768K
  class space    used 935K, capacity 1021K, committed 1024K, reserved 1048576K
Event: 5.326 GC heap after
Heap after GC invocations=4 (full 0):
 PSYoungGen      total 18944K, used 2534K [0x00000000feb00000, 0x0000000100000000, 0x0000000100000000)
  eden space 16384K, 0% used [0x00000000feb00000,0x00000000feb00000,0x00000000ffb00000)
  from space 2560K, 99% used [0x00000000ffd80000,0x00000000ffff9ae8,0x0000000100000000)
  to   space 2560K, 0% used [0x00000000ffb00000,0x00000000ffb00000,0x00000000ffd80000)
 ParOldGen       total 44032K, used 5956K [0x00000000fc000000, 0x00000000feb00000, 0x00000000feb00000)
  object space 44032K, 13% used [0x00000000fc000000,0x00000000fc5d1350,0x00000000feb00000)
 Metaspace       used 8048K, capacity 8174K, committed 8192K, reserved 1056768K
  class space    used 935K, capacity 1021K, committed 1024K, reserved 1048576K
}
Event: 6.399 GC heap before
{Heap before GC invocations=5 (full 0):
 PSYoungGen      total 18944K, used 18918K [0x00000000feb00000, 0x0000000100000000, 0x0000000100000000)
  eden space 16384K, 100% used [0x00000000feb00000,0x00000000ffb00000,0x00000000ffb00000)
  from space 2560K, 99% used [0x00000000ffd80000,0x00000000ffff9ae8,0x0000000100000000)
  to   space 2560K, 0% used [0x00000000ffb00000,0x00000000ffb00000,0x00000000ffd80000)
 ParOldGen       total 44032K, used 5956K [0x00000000fc000000, 0x00000000feb00000, 0x00000000feb00000)
  object space 44032K, 13% used [0x00000000fc000000,0x00000000fc5d1350,0x00000000feb00000)
 Metaspace       used 8075K, capacity 8302K, committed 8448K, reserved 1056768K
  class space    used 935K, capacity 1021K, committed 1024K, reserved 1048576K
Event: 6.536 GC heap after
Heap after GC invocations=5 (full 0):
 PSYoungGen      total 18944K, used 2534K [0x00000000feb00000, 0x0000000100000000, 0x0000000100000000)
  eden space 16384K, 0% used [0x00000000feb00000,0x00000000feb00000,0x00000000ffb00000)
  from space 2560K, 99% used [0x00000000ffb00000,0x00000000ffd79ac8,0x00000000ffd80000)
  to   space 2560K, 0% used [0x00000000ffd80000,0x00000000ffd80000,0x0000000100000000)
 ParOldGen       total 44032K, used 6020K [0x00000000fc000000, 0x00000000feb00000, 0x00000000feb00000)
  object space 44032K, 13% used [0x00000000fc000000,0x00000000fc5e1350,0x00000000feb00000)
 Metaspace       used 8075K, capacity 8302K, committed 8448K, reserved 1056768K
  class space    used 935K, capacity 1021K, committed 1024K, reserved 1048576K
}

Deoptimization events (10 events):
Event: 4.258 Thread 0x0000000003264800 Uncommon trap: reason=unstable_if action=reinterpret pc=0x000000000372d420 method=org.objectweb.asm.MethodWriter.visitVarInsn(II)V @ 136
Event: 4.258 Thread 0x0000000003264800 Uncommon trap: reason=unstable_if action=reinterpret pc=0x000000000381979c method=org.objectweb.asm.MethodWriter.visitLocalVariable(Ljava/lang/String;Ljava/lang/String;Ljava/lang/String;Lorg/objectweb/asm/Label;Lorg/objectweb/asm/Label;I)V @ 196
Event: 5.077 Thread 0x0000000003264800 Uncommon trap: reason=unstable_if action=reinterpret pc=0x000000000381cd88 method=org.objectweb.asm.ClassReader.b(Lorg/objectweb/asm/ClassVisitor;Lorg/objectweb/asm/Context;I)I @ 1053
Event: 5.098 Thread 0x0000000003264800 Uncommon trap: reason=unstable_if action=reinterpret pc=0x00000000038359b0 method=org.objectweb.asm.Type.getArgumentsAndReturnSizes(Ljava/lang/String;)I @ 118
Event: 5.333 Thread 0x0000000003264800 Uncommon trap: reason=unloaded action=reinterpret pc=0x000000000383e564 method=org.objectweb.asm.ClassReader.readConst(I[C)Ljava/lang/Object; @ 107
Event: 5.446 Thread 0x0000000003264800 Uncommon trap: reason=unstable_if action=reinterpret pc=0x0000000003643da0 method=org.objectweb.asm.ClassReader.a(II[C)Ljava/lang/String; @ 77
Event: 5.447 Thread 0x0000000003264800 Uncommon trap: reason=unstable_if action=reinterpret pc=0x00000000036a32e0 method=org.objectweb.asm.ByteVector.putUTF8(Ljava/lang/String;)Lorg/objectweb/asm/ByteVector; @ 98
Event: 5.851 Thread 0x0000000003264800 Uncommon trap: reason=unstable_if action=reinterpret pc=0x00000000038b8d14 method=org.objectweb.asm.MethodWriter.visitVarInsn(II)V @ 148
Event: 5.859 Thread 0x0000000003264800 Uncommon trap: reason=unstable_if action=reinterpret pc=0x00000000037d0df0 method=com.google.common.collect.AbstractMultimap.containsEntry(Ljava/lang/Object;Ljava/lang/Object;)Z @ 15
Event: 6.381 Thread 0x0000000003264800 Uncommon trap: reason=unstable_if action=reinterpret pc=0x0000000003754b58 method=com.google.devtools.build.android.desugar.ObjectsRequireNonNullMethodRewriter$ObjectsMethodInlinerMethodVisitor.visitMethodInsn(ILjava/lang/String;Ljava/lang/String;Ljava/la

Classes redefined (0 events):
No events

Internal exceptions (10 events):
Event: 1.237 Thread 0x0000000003264800 Exception <a 'sun/nio/fs/WindowsException'> (0x00000000ff2482f8) thrown at [C:\re\workspace\8-2-build-windows-amd64-cygwin\jdk8u181\11358\hotspot\src\share\vm\prims\jni.cpp, line 709]
Event: 1.302 Thread 0x0000000003264800 Exception <a 'sun/nio/fs/WindowsException'> (0x00000000ff24d760) thrown at [C:\re\workspace\8-2-build-windows-amd64-cygwin\jdk8u181\11358\hotspot\src\share\vm\prims\jni.cpp, line 709]
Event: 1.607 Thread 0x0000000003264800 Exception <a 'sun/nio/fs/WindowsException'> (0x00000000ff64abd8) thrown at [C:\re\workspace\8-2-build-windows-amd64-cygwin\jdk8u181\11358\hotspot\src\share\vm\prims\jni.cpp, line 709]
Event: 1.607 Thread 0x0000000003264800 Exception <a 'sun/nio/fs/WindowsException'> (0x00000000ff64b130) thrown at [C:\re\workspace\8-2-build-windows-amd64-cygwin\jdk8u181\11358\hotspot\src\share\vm\prims\jni.cpp, line 709]
Event: 1.825 Thread 0x0000000003264800 Exception <a 'sun/nio/fs/WindowsException'> (0x00000000ff8c91f8) thrown at [C:\re\workspace\8-2-build-windows-amd64-cygwin\jdk8u181\11358\hotspot\src\share\vm\prims\jni.cpp, line 709]
Event: 1.826 Thread 0x0000000003264800 Exception <a 'sun/nio/fs/WindowsException'> (0x00000000ff8c96d0) thrown at [C:\re\workspace\8-2-build-windows-amd64-cygwin\jdk8u181\11358\hotspot\src\share\vm\prims\jni.cpp, line 709]
Event: 3.369 Thread 0x0000000003264800 Implicit null exception at 0x00000000037d1d8b to 0x00000000037d25c9
Event: 3.369 Thread 0x0000000003264800 Implicit null exception at 0x00000000037542a0 to 0x0000000003754495
Event: 5.063 Thread 0x0000000003264800 Exception <a 'sun/nio/fs/WindowsException'> (0x00000000ff80d138) thrown at [C:\re\workspace\8-2-build-windows-amd64-cygwin\jdk8u181\11358\hotspot\src\share\vm\prims\jni.cpp, line 709]
Event: 5.064 Thread 0x0000000003264800 Exception <a 'sun/nio/fs/WindowsException'> (0x00000000ff80d610) thrown at [C:\re\workspace\8-2-build-windows-amd64-cygwin\jdk8u181\11358\hotspot\src\share\vm\prims\jni.cpp, line 709]

Events (10 events):
Event: 6.381 Thread 0x0000000003264800 DEOPT PACKING pc=0x0000000003754b58 sp=0x000000000325eaa0
Event: 6.381 Thread 0x0000000003264800 DEOPT UNPACKING pc=0x00000000033a583b sp=0x000000000325ea38 mode 2
Event: 6.399 Executing VM operation: ParallelGCFailedAllocation
Event: 6.536 Executing VM operation: ParallelGCFailedAllocation done
Event: 6.566 loading class com/google/devtools/build/android/desugar/FieldInfo
Event: 6.567 loading class com/google/devtools/build/android/desugar/FieldInfo done
Event: 6.567 loading class com/google/devtools/build/android/desugar/AutoValue_FieldInfo
Event: 6.568 loading class com/google/devtools/build/android/desugar/AutoValue_FieldInfo done
Event: 6.568 loading class com/google/devtools/build/android/desugar/Java7Compatibility$InlineOneMethod
Event: 6.568 loading class com/google/devtools/build/android/desugar/Java7Compatibility$InlineOneMethod done


Dynamic libraries:
0x00007ff6bcdb0000 - 0x00007ff6bcde7000 	C:\Program Files\Java\jdk1.8.0_181\bin\java.exe
0x00007ff999e70000 - 0x00007ff99a051000 	C:\WINDOWS\SYSTEM32\ntdll.dll
0x00007ff997760000 - 0x00007ff997812000 	C:\WINDOWS\System32\KERNEL32.DLL
0x00007ff9969c0000 - 0x00007ff996c33000 	C:\WINDOWS\System32\KERNELBASE.dll
0x00007ff999750000 - 0x00007ff9997f1000 	C:\WINDOWS\System32\ADVAPI32.dll
0x00007ff999da0000 - 0x00007ff999e3e000 	C:\WINDOWS\System32\msvcrt.dll
0x00007ff999360000 - 0x00007ff9993bb000 	C:\WINDOWS\System32\sechost.dll
0x00007ff999470000 - 0x00007ff999594000 	C:\WINDOWS\System32\RPCRT4.dll
0x00007ff9991d0000 - 0x00007ff999360000 	C:\WINDOWS\System32\USER32.dll
0x00007ff996290000 - 0x00007ff9962b0000 	C:\WINDOWS\System32\win32u.dll
0x00007ff999720000 - 0x00007ff999748000 	C:\WINDOWS\System32\GDI32.dll
0x00007ff9970b0000 - 0x00007ff997242000 	C:\WINDOWS\System32\gdi32full.dll
0x00007ff996f10000 - 0x00007ff996faf000 	C:\WINDOWS\System32\msvcp_win.dll
0x00007ff996fb0000 - 0x00007ff9970aa000 	C:\WINDOWS\System32\ucrtbase.dll
0x00007ff98d300000 - 0x00007ff98d569000 	C:\WINDOWS\WinSxS\amd64_microsoft.windows.common-controls_6595b64144ccf1df_6.0.17134.285_none_fb4297e330656775\COMCTL32.dll
0x00007ff998ea0000 - 0x00007ff9991c3000 	C:\WINDOWS\System32\combase.dll
0x00007ff996c40000 - 0x00007ff996cba000 	C:\WINDOWS\System32\bcryptPrimitives.dll
0x00007ff999b30000 - 0x00007ff999b5d000 	C:\WINDOWS\System32\IMM32.DLL
0x0000000062820000 - 0x00000000628f2000 	C:\Program Files\Java\jdk1.8.0_181\jre\bin\msvcr100.dll
0x000000005fe10000 - 0x00000000606b2000 	C:\Program Files\Java\jdk1.8.0_181\jre\bin\server\jvm.dll
0x00007ff999800000 - 0x00007ff999808000 	C:\WINDOWS\System32\PSAPI.DLL
0x00007ff98fb70000 - 0x00007ff98fb79000 	C:\WINDOWS\SYSTEM32\WSOCK32.dll
0x00007ff998dc0000 - 0x00007ff998e2c000 	C:\WINDOWS\System32\WS2_32.dll
0x00007ff993350000 - 0x00007ff993373000 	C:\WINDOWS\SYSTEM32\WINMM.dll
0x00007ff98fca0000 - 0x00007ff98fcaa000 	C:\WINDOWS\SYSTEM32\VERSION.dll
0x00007ff9932d0000 - 0x00007ff9932fa000 	C:\WINDOWS\SYSTEM32\WINMMBASE.dll
0x00007ff996240000 - 0x00007ff996289000 	C:\WINDOWS\System32\cfgmgr32.dll
0x0000000062810000 - 0x000000006281f000 	C:\Program Files\Java\jdk1.8.0_181\jre\bin\verify.dll
0x00000000627e0000 - 0x0000000062809000 	C:\Program Files\Java\jdk1.8.0_181\jre\bin\java.dll
0x00000000612a0000 - 0x00000000612b6000 	C:\Program Files\Java\jdk1.8.0_181\jre\bin\zip.dll
0x00007ff997820000 - 0x00007ff998c60000 	C:\WINDOWS\System32\SHELL32.dll
0x00007ff9993c0000 - 0x00007ff999469000 	C:\WINDOWS\System32\shcore.dll
0x00007ff9962b0000 - 0x00007ff9969bd000 	C:\WINDOWS\System32\windows.storage.dll
0x00007ff9998e0000 - 0x00007ff999931000 	C:\WINDOWS\System32\shlwapi.dll
0x00007ff9961e0000 - 0x00007ff9961f1000 	C:\WINDOWS\System32\kernel.appcore.dll
0x00007ff996200000 - 0x00007ff99621f000 	C:\WINDOWS\System32\profapi.dll
0x00007ff996180000 - 0x00007ff9961cc000 	C:\WINDOWS\System32\powrprof.dll
0x00007ff9961d0000 - 0x00007ff9961da000 	C:\WINDOWS\System32\FLTLIB.DLL
0x00007ff995b90000 - 0x00007ff995ba7000 	C:\WINDOWS\SYSTEM32\CRYPTSP.dll
0x00007ff995560000 - 0x00007ff995593000 	C:\WINDOWS\system32\rsaenh.dll
0x00007ff995cc0000 - 0x00007ff995ce5000 	C:\WINDOWS\SYSTEM32\bcrypt.dll
0x00007ff996080000 - 0x00007ff9960a8000 	C:\WINDOWS\SYSTEM32\USERENV.dll
0x00007ff995bb0000 - 0x00007ff995bbb000 	C:\WINDOWS\SYSTEM32\CRYPTBASE.dll
0x0000000061280000 - 0x000000006129a000 	C:\Program Files\Java\jdk1.8.0_181\jre\bin\net.dll
0x00007ff9959e0000 - 0x00007ff995a46000 	C:\WINDOWS\system32\mswsock.dll
0x00007ff995760000 - 0x00007ff995798000 	C:\WINDOWS\SYSTEM32\IPHLPAPI.DLL
0x00007ff998e90000 - 0x00007ff998e98000 	C:\WINDOWS\System32\NSI.dll
0x00007ff990300000 - 0x00007ff990316000 	C:\WINDOWS\SYSTEM32\dhcpcsvc6.DLL
0x00007ff990750000 - 0x00007ff99076a000 	C:\WINDOWS\SYSTEM32\dhcpcsvc.DLL
0x0000000061260000 - 0x0000000061271000 	C:\Program Files\Java\jdk1.8.0_181\jre\bin\nio.dll

VM Arguments:
jvm_args: -Djava.awt.headless=true -Xmx64M -Dfile.encoding=GBK -Duser.country=CN -Duser.language=zh -Duser.variant 
java_command: com.google.devtools.build.android.desugar.Desugar --input D:\ZNGJ\ZNJT\build\intermediates\transforms\stackFramesFixer\debug\25.jar --output D:\ZNGJ\ZNJT\build\intermediates\transforms\desugar\debug\27.jar --input D:\ZNGJ\ZNJT\build\intermediates\transforms\stackFramesFixer\debug\3.jar --output D:\ZNGJ\ZNJT\build\intermediates\transforms\desugar\debug\5.jar --input D:\ZNGJ\ZNJT\build\intermediates\transforms\stackFramesFixer\debug\24.jar --output D:\ZNGJ\ZNJT\build\intermediates\transforms\desugar\debug\26.jar --input D:\ZNGJ\ZNJT\build\intermediates\transforms\stackFramesFixer\debug\16.jar --output D:\ZNGJ\ZNJT\build\intermediates\transforms\desugar\debug\18.jar --input D:\ZNGJ\ZNJT\build\intermediates\transforms\stackFramesFixer\debug\27.jar --output D:\ZNGJ\ZNJT\build\intermediates\transforms\desugar\debug\29.jar --input D:\ZNGJ\ZNJT\build\intermediates\transforms\stackFramesFixer\debug\28.jar --output D:\ZNGJ\ZNJT\build\intermediates\transforms\desugar\debug\30.jar --input D:\ZNGJ\ZNJT\build\intermediates\transforms\stackFramesFixer\debug\29.jar --output D:\ZNGJ\ZNJT\build\intermediates\transforms\desugar\debug\31.jar --input D:\ZNGJ\ZNJT\build\intermediates\transforms\stackFramesFixer\debug\30.jar --output D:\ZNGJ\ZNJT\build\intermediates\transforms\desugar\debug\32.jar --input D:\ZNGJ\ZNJT\build\intermediates\transforms\stackFramesFixer\debug\17.jar --output D:\ZNGJ\ZNJT\build\intermediates\transforms\desugar\debug\19.jar --classpath_entry D:\ZNGJ\idcardcamera\build\intermediates\intermediate-jars\debug\classes.jar --classpath_entry D:\ZNGJ\ZNJT\build\intermediates\classes\debug --classpath_entry D:\ZNGJ\ZNJT\build\intermediates\transforms\stackFramesFixer\debug\0.jar --classpath_entry D:\ZNGJ\ZNJT\build\intermediates\transforms\stackFramesFixer\debug\1.jar --classpath_entry D:\ZNGJ\ZNJT\build\intermediates\transforms\stackFramesFixer\debug\2.jar --classpath_entry D:\ZNGJ\ZNJT\build\intermediates\transforms\stackFramesFixer\debug\3.jar --classp
java_class_path (initial): C:\Users\ThinkPad\AppData\Local\Temp\desugar_deploy.jar261940988231029253
Launcher Type: SUN_STANDARD

Environment Variables:
JAVA_HOME=C:\Program Files\Java\jdk1.8.0_181
CLASSPATH=.;C:\Program Files\Java\jdk1.8.0_181\lib;C:\Program Files\Java\jdk1.8.0_181\lib\tools.jar
PATH=D:\app\ThinkPad\product\11.2.0\dbhome_1\bin;C:\Program Files (x86)\Common Files\Oracle\Java\javapath;C:\Users\ThinkPad\Downloads\bin;C:\Program Files\Microsoft SQL Server\110\DTS\Binn\;C:\Program Files (x86)\Microsoft SQL Server\110\Tools\Binn\;C:\Program Files\Microsoft SQL Server\110\Tools\Binn\;C:\Program Files (x86)\Microsoft SQL Server\110\Tools\Binn\ManagementStudio\;C:\Program Files (x86)\Microsoft Visual Studio 10.0\Common7\IDE\PrivateAssemblies\;C:\Program Files (x86)\Microsoft SQL Server\110\DTS\Binn\;C:\Program Files\TortoiseSVN\bin;C:\Program Files\TortoiseGit\bin;E:\apache-maven-3.5.3\bin;C:\Program Files\nodejs\;C:\Program Files\Git\cmd;D:\a\platform-tools;E:\springBoot\spring-1.3.0.RELEASE\bin;C:\Program Files\Java\jdk1.8.0_181\bin;C:\Program Files\Java\jdk1.8.0_181\jre\bin;;C:\WINDOWS\system32;C:\WINDOWS;C:\WINDOWS\System32\Wbem;C:\WINDOWS\System32\WindowsPowerShell\v1.0\;C:\WINDOWS\System32\OpenSSH\;C:\Users\ThinkPad\AppData\Local\Microsoft\WindowsApps;C:\Users\ThinkPad\AppData\Roaming\npm;
USERNAME=ThinkPad
OS=Windows_NT
PROCESSOR_IDENTIFIER=Intel64 Family 6 Model 78 Stepping 3, GenuineIntel



---------------  S Y S T E M  ---------------

OS: Windows 10.0 , 64 bit Build 17134 (10.0.17134.1)

CPU:total 4 (initial active 4) (2 cores per cpu, 2 threads per core) family 6 model 78 stepping 3, cmov, cx8, fxsr, mmx, sse, sse2, sse3, ssse3, sse4.1, sse4.2, popcnt, avx, avx2, aes, clmul, erms, rtm, 3dnowpref, lzcnt, ht, tsc, tscinvbit, bmi1, bmi2, adx

Memory: 4k page, physical 8289272k(1357592k free), swap 13409272k(1480k free)

vm_info: Java HotSpot(TM) 64-Bit Server VM (25.181-b13) for windows-amd64 JRE (1.8.0_181-b13), built on Jul  7 2018 04:01:33 by "java_re" with MS VC++ 10.0 (VS2010)

time: Mon Sep 17 18:28:02 2018
elapsed time: 6 seconds (0d 0h 0m 6s)

