#
# There is insufficient memory for the Java Runtime Environment to continue.
# Native memory allocation (malloc) failed to allocate 32744 bytes for ChunkPool::allocate
# Possible reasons:
#   The system is out of physical RAM or swap space
#   In 32 bit mode, the process size limit was hit
# Possible solutions:
#   Reduce memory load on the system
#   Increase physical memory or swap space
#   Check if swap backing store is full
#   Use 64 bit Java on a 64 bit OS
#   Decrease Java heap size (-Xmx/-Xms)
#   Decrease number of Java threads
#   Decrease Java thread stack sizes (-Xss)
#   Set larger code cache with -XX:ReservedCodeCacheSize=
# This output file may be truncated or incomplete.
#
#  Out of Memory Error (allocation.cpp:273), pid=9796, tid=0x00000000000014e4
#
# JRE version: Java(TM) SE Runtime Environment (8.0_181-b13) (build 1.8.0_181-b13)
# Java VM: Java HotSpot(TM) 64-Bit Server VM (25.181-b13 mixed mode windows-amd64 compressed oops)
# Failed to write core dump. Minidumps are not enabled by default on client versions of Windows
#

---------------  T H R E A D  ---------------

Current thread (0x0000000013147000):  JavaThread "C2 CompilerThread1" daemon [_thread_in_native, id=5348, stack(0x0000000014bd0000,0x0000000014cd0000)]

Stack: [0x0000000014bd0000,0x0000000014cd0000]
[error occurred during error reporting (printing stack bounds), id 0xc0000005]

Native frames: (J=compiled Java code, j=interpreted, Vv=VM code, C=native code)


Current CompileTask:
C2:   4231  990       4       org.objectweb.asm.ClassReader::a (3587 bytes)


---------------  P R O C E S S  ---------------

Java Threads: ( => current thread )
  0x0000000014537800 JavaThread "Service Thread" daemon [_thread_blocked, id=15456, stack(0x0000000014dd0000,0x0000000014ed0000)]
  0x000000001317d800 JavaThread "C1 CompilerThread2" daemon [_thread_blocked, id=15496, stack(0x0000000014cd0000,0x0000000014dd0000)]
=>0x0000000013147000 JavaThread "C2 CompilerThread1" daemon [_thread_in_native, id=5348, stack(0x0000000014bd0000,0x0000000014cd0000)]
  0x0000000013131000 JavaThread "C2 CompilerThread0" daemon [_thread_blocked, id=15380, stack(0x0000000014ad0000,0x0000000014bd0000)]
  0x000000001312f000 JavaThread "Attach Listener" daemon [_thread_blocked, id=6536, stack(0x00000000149d0000,0x0000000014ad0000)]
  0x0000000014513000 JavaThread "Signal Dispatcher" daemon [_thread_blocked, id=14076, stack(0x00000000148d0000,0x00000000149d0000)]
  0x0000000002db8800 JavaThread "Finalizer" daemon [_thread_blocked, id=16904, stack(0x0000000014370000,0x0000000014470000)]
  0x0000000002db5000 JavaThread "Reference Handler" daemon [_thread_blocked, id=14524, stack(0x0000000014270000,0x0000000014370000)]
  0x0000000002cc5000 JavaThread "main" [_thread_in_native, id=2728, stack(0x0000000002b30000,0x0000000002c30000)]

Other Threads:
  0x00000000130e7000 VMThread [stack: 0x0000000014170000,0x0000000014270000] [id=14732]
  0x000000001455a000 WatcherThread [stack: 0x0000000014ed0000,0x0000000014fd0000] [id=16852]

VM state:not at safepoint (normal execution)

VM Mutex/Monitor currently owned by a thread: None

Heap:
 PSYoungGen      total 18944K, used 13040K [0x00000000feb00000, 0x0000000100000000, 0x0000000100000000)
  eden space 16384K, 64% used [0x00000000feb00000,0x00000000ff5425a8,0x00000000ffb00000)
  from space 2560K, 99% used [0x00000000ffd80000,0x00000000ffff9ae8,0x0000000100000000)
  to   space 2560K, 0% used [0x00000000ffb00000,0x00000000ffb00000,0x00000000ffd80000)
 ParOldGen       total 44032K, used 5561K [0x00000000fc000000, 0x00000000feb00000, 0x00000000feb00000)
  object space 44032K, 12% used [0x00000000fc000000,0x00000000fc56e498,0x00000000feb00000)
 Metaspace       used 7901K, capacity 8094K, committed 8192K, reserved 1056768K
  class space    used 930K, capacity 1021K, committed 1024K, reserved 1048576K

Card table byte_map: [0x0000000000920000,0x0000000000950000] byte_map_base: 0x0000000000140000

Marking Bits: (ParMarkBitMap*) 0x0000000060632d00
 Begin Bits: [0x0000000012580000, 0x0000000012680000)
 End Bits:   [0x0000000012680000, 0x0000000012780000)

Polling page: 0x00000000005f0000

CodeCache: size=245760Kb used=3872Kb max_used=3882Kb free=241887Kb
 bounds [0x0000000002dc0000, 0x0000000003190000, 0x0000000011dc0000]
 total_blobs=1354 nmethods=1018 adapters=248
 compilation: enabled

Compilation events (10 events):
Event: 3.611 Thread 0x0000000013131000 1011       4       org.objectweb.asm.MethodWriter::a (38 bytes)
Event: 3.613 Thread 0x0000000013131000 nmethod 1011 0x0000000003165b90 code [0x0000000003165ce0, 0x0000000003165df8]
Event: 3.613 Thread 0x0000000013131000 1014       4       org.objectweb.asm.MethodWriter::visitLineNumber (50 bytes)
Event: 3.618 Thread 0x0000000013131000 nmethod 1014 0x000000000316cfd0 code [0x000000000316d140, 0x000000000316d5b8]
Event: 4.162 Thread 0x000000001317d800 1017       3       org.objectweb.asm.tree.IntInsnNode::accept (18 bytes)
Event: 4.162 Thread 0x000000001317d800 nmethod 1017 0x000000000316ca90 code [0x000000000316cc00, 0x000000000316cef8]
Event: 4.171 Thread 0x0000000013131000 1018       4       org.objectweb.asm.MethodVisitor::visitEnd (15 bytes)
Event: 4.172 Thread 0x0000000013131000 nmethod 1018 0x000000000316af90 code [0x000000000316b0c0, 0x000000000316b158]
Event: 4.173 Thread 0x000000001317d800 1019       3       java.nio.Buffer::limit (62 bytes)
Event: 4.173 Thread 0x000000001317d800 nmethod 1019 0x000000000316a050 code [0x000000000316a1c0, 0x000000000316a4c8]

GC Heap History (4 events):
Event: 1.464 GC heap before
{Heap before GC invocations=1 (full 0):
 PSYoungGen      total 18944K, used 16384K [0x00000000feb00000, 0x0000000100000000, 0x0000000100000000)
  eden space 16384K, 100% used [0x00000000feb00000,0x00000000ffb00000,0x00000000ffb00000)
  from space 2560K, 0% used [0x00000000ffd80000,0x00000000ffd80000,0x0000000100000000)
  to   space 2560K, 0% used [0x00000000ffb00000,0x00000000ffb00000,0x00000000ffd80000)
 ParOldGen       total 44032K, used 0K [0x00000000fc000000, 0x00000000feb00000, 0x00000000feb00000)
  object space 44032K, 0% used [0x00000000fc000000,0x00000000fc000000,0x00000000feb00000)
 Metaspace       used 6642K, capacity 6764K, committed 7040K, reserved 1056768K
  class space    used 798K, capacity 856K, committed 896K, reserved 1048576K
Event: 1.471 GC heap after
Heap after GC invocations=1 (full 0):
 PSYoungGen      total 18944K, used 2536K [0x00000000feb00000, 0x0000000100000000, 0x0000000100000000)
  eden space 16384K, 0% used [0x00000000feb00000,0x00000000feb00000,0x00000000ffb00000)
  from space 2560K, 99% used [0x00000000ffb00000,0x00000000ffd7a030,0x00000000ffd80000)
  to   space 2560K, 0% used [0x00000000ffd80000,0x00000000ffd80000,0x0000000100000000)
 ParOldGen       total 44032K, used 1591K [0x00000000fc000000, 0x00000000feb00000, 0x00000000feb00000)
  object space 44032K, 3% used [0x00000000fc000000,0x00000000fc18dc80,0x00000000feb00000)
 Metaspace       used 6642K, capacity 6764K, committed 7040K, reserved 1056768K
  class space    used 798K, capacity 856K, committed 896K, reserved 1048576K
}
Event: 2.166 GC heap before
{Heap before GC invocations=2 (full 0):
 PSYoungGen      total 18944K, used 18920K [0x00000000feb00000, 0x0000000100000000, 0x0000000100000000)
  eden space 16384K, 100% used [0x00000000feb00000,0x00000000ffb00000,0x00000000ffb00000)
  from space 2560K, 99% used [0x00000000ffb00000,0x00000000ffd7a030,0x00000000ffd80000)
  to   space 2560K, 0% used [0x00000000ffd80000,0x00000000ffd80000,0x0000000100000000)
 ParOldGen       total 44032K, used 1591K [0x00000000fc000000, 0x00000000feb00000, 0x00000000feb00000)
  object space 44032K, 3% used [0x00000000fc000000,0x00000000fc18dc80,0x00000000feb00000)
 Metaspace       used 7807K, capacity 7966K, committed 8192K, reserved 1056768K
  class space    used 930K, capacity 1021K, committed 1024K, reserved 1048576K
Event: 2.190 GC heap after
Heap after GC invocations=2 (full 0):
 PSYoungGen      total 18944K, used 2534K [0x00000000feb00000, 0x0000000100000000, 0x0000000100000000)
  eden space 16384K, 0% used [0x00000000feb00000,0x00000000feb00000,0x00000000ffb00000)
  from space 2560K, 99% used [0x00000000ffd80000,0x00000000ffff9ae8,0x0000000100000000)
  to   space 2560K, 0% used [0x00000000ffb00000,0x00000000ffb00000,0x00000000ffd80000)
 ParOldGen       total 44032K, used 5561K [0x00000000fc000000, 0x00000000feb00000, 0x00000000feb00000)
  object space 44032K, 12% used [0x00000000fc000000,0x00000000fc56e498,0x00000000feb00000)
 Metaspace       used 7807K, capacity 7966K, committed 8192K, reserved 1056768K
  class space    used 930K, capacity 1021K, committed 1024K, reserved 1048576K
}

Deoptimization events (10 events):
Event: 1.926 Thread 0x0000000002cc5000 Uncommon trap: reason=class_check action=maybe_recompile pc=0x0000000002fed72c method=com.google.common.collect.TransformedIterator.hasNext()Z @ 4
Event: 1.926 Thread 0x0000000002cc5000 Uncommon trap: reason=class_check action=maybe_recompile pc=0x0000000002fda210 method=com.google.common.collect.Iterators$7.transform(Ljava/lang/Object;)Ljava/lang/Object; @ 5
Event: 1.926 Thread 0x0000000002cc5000 Uncommon trap: reason=class_check action=maybe_recompile pc=0x0000000002fda210 method=com.google.common.collect.Iterators$7.transform(Ljava/lang/Object;)Ljava/lang/Object; @ 5
Event: 2.163 Thread 0x0000000002cc5000 Uncommon trap: reason=unstable_if action=reinterpret pc=0x00000000030ce6cc method=org.objectweb.asm.Item.a(Lorg/objectweb/asm/Item;)Z @ 251
Event: 2.197 Thread 0x0000000002cc5000 Uncommon trap: reason=unstable_if action=reinterpret pc=0x00000000030e9654 method=org.objectweb.asm.ByteVector.putUTF8(Ljava/lang/String;)Lorg/objectweb/asm/ByteVector; @ 91
Event: 2.298 Thread 0x0000000002cc5000 Uncommon trap: reason=unstable_if action=reinterpret pc=0x000000000312acf8 method=org.objectweb.asm.Type.getArgumentsAndReturnSizes(Ljava/lang/String;)I @ 100
Event: 3.322 Thread 0x0000000002cc5000 Uncommon trap: reason=class_check action=maybe_recompile pc=0x0000000003159e08 method=org.objectweb.asm.tree.VarInsnNode.accept(Lorg/objectweb/asm/MethodVisitor;)V @ 9
Event: 3.322 Thread 0x0000000002cc5000 Uncommon trap: reason=class_check action=maybe_recompile pc=0x0000000003159e08 method=org.objectweb.asm.tree.VarInsnNode.accept(Lorg/objectweb/asm/MethodVisitor;)V @ 9
Event: 3.322 Thread 0x0000000002cc5000 Uncommon trap: reason=class_check action=maybe_recompile pc=0x0000000003159e08 method=org.objectweb.asm.tree.VarInsnNode.accept(Lorg/objectweb/asm/MethodVisitor;)V @ 9
Event: 3.322 Thread 0x0000000002cc5000 Uncommon trap: reason=class_check action=maybe_recompile pc=0x0000000003159e08 method=org.objectweb.asm.tree.VarInsnNode.accept(Lorg/objectweb/asm/MethodVisitor;)V @ 9

Classes redefined (0 events):
No events

Internal exceptions (10 events):
Event: 1.564 Thread 0x0000000002cc5000 Exception <a 'sun/nio/fs/WindowsException'> (0x00000000ff24c680) thrown at [C:\re\workspace\8-2-build-windows-amd64-cygwin\jdk8u181\11358\hotspot\src\share\vm\prims\jni.cpp, line 709]
Event: 1.668 Thread 0x0000000002cc5000 Exception <a 'sun/nio/fs/WindowsException'> (0x00000000ff251ae8) thrown at [C:\re\workspace\8-2-build-windows-amd64-cygwin\jdk8u181\11358\hotspot\src\share\vm\prims\jni.cpp, line 709]
Event: 1.880 Thread 0x0000000002cc5000 Exception <a 'sun/nio/fs/WindowsException'> (0x00000000ff6504e8) thrown at [C:\re\workspace\8-2-build-windows-amd64-cygwin\jdk8u181\11358\hotspot\src\share\vm\prims\jni.cpp, line 709]
Event: 1.880 Thread 0x0000000002cc5000 Exception <a 'sun/nio/fs/WindowsException'> (0x00000000ff650a40) thrown at [C:\re\workspace\8-2-build-windows-amd64-cygwin\jdk8u181\11358\hotspot\src\share\vm\prims\jni.cpp, line 709]
Event: 3.269 Thread 0x0000000002cc5000 Exception <a 'sun/nio/fs/WindowsException'> (0x00000000fed3baa8) thrown at [C:\re\workspace\8-2-build-windows-amd64-cygwin\jdk8u181\11358\hotspot\src\share\vm\prims\jni.cpp, line 709]
Event: 3.269 Thread 0x0000000002cc5000 Exception <a 'sun/nio/fs/WindowsException'> (0x00000000fed3bf80) thrown at [C:\re\workspace\8-2-build-windows-amd64-cygwin\jdk8u181\11358\hotspot\src\share\vm\prims\jni.cpp, line 709]
Event: 3.305 Thread 0x0000000002cc5000 Exception <a 'sun/nio/fs/WindowsException'> (0x00000000fedbbf38) thrown at [C:\re\workspace\8-2-build-windows-amd64-cygwin\jdk8u181\11358\hotspot\src\share\vm\prims\jni.cpp, line 709]
Event: 3.305 Thread 0x0000000002cc5000 Exception <a 'sun/nio/fs/WindowsException'> (0x00000000fedbc410) thrown at [C:\re\workspace\8-2-build-windows-amd64-cygwin\jdk8u181\11358\hotspot\src\share\vm\prims\jni.cpp, line 709]
Event: 4.157 Thread 0x0000000002cc5000 Exception <a 'sun/nio/fs/WindowsException'> (0x00000000ff4c2f28) thrown at [C:\re\workspace\8-2-build-windows-amd64-cygwin\jdk8u181\11358\hotspot\src\share\vm\prims\jni.cpp, line 709]
Event: 4.157 Thread 0x0000000002cc5000 Exception <a 'sun/nio/fs/WindowsException'> (0x00000000ff4c3400) thrown at [C:\re\workspace\8-2-build-windows-amd64-cygwin\jdk8u181\11358\hotspot\src\share\vm\prims\jni.cpp, line 709]

Events (10 events):
Event: 3.580 Thread 0x0000000002cc5000 DEOPT PACKING pc=0x000000000309b2dd sp=0x0000000002c2e770
Event: 3.580 Thread 0x0000000002cc5000 DEOPT UNPACKING pc=0x0000000002e07890 sp=0x0000000002c2e720 mode 0
Event: 3.596 Thread 0x0000000002cc5000 DEOPT PACKING pc=0x000000000309b2dd sp=0x0000000002c2e770
Event: 3.596 Thread 0x0000000002cc5000 DEOPT UNPACKING pc=0x0000000002e07890 sp=0x0000000002c2e720 mode 0
Event: 3.599 Thread 0x0000000002cc5000 DEOPT PACKING pc=0x000000000309b2dd sp=0x0000000002c2e770
Event: 3.599 Thread 0x0000000002cc5000 DEOPT UNPACKING pc=0x0000000002e07890 sp=0x0000000002c2e720 mode 0
Event: 3.600 Thread 0x0000000002cc5000 DEOPT PACKING pc=0x000000000309b2dd sp=0x0000000002c2e770
Event: 3.600 Thread 0x0000000002cc5000 DEOPT UNPACKING pc=0x0000000002e07890 sp=0x0000000002c2e720 mode 0
Event: 3.602 Thread 0x0000000002cc5000 DEOPT PACKING pc=0x000000000309b2dd sp=0x0000000002c2e770
Event: 3.602 Thread 0x0000000002cc5000 DEOPT UNPACKING pc=0x0000000002e07890 sp=0x0000000002c2e720 mode 0


Dynamic libraries:
0x00007ff6bcdb0000 - 0x00007ff6bcde7000 	C:\Program Files\Java\jdk1.8.0_181\bin\java.exe
0x00007ff999e70000 - 0x00007ff99a051000 	C:\WINDOWS\SYSTEM32\ntdll.dll
0x00007ff997760000 - 0x00007ff997812000 	C:\WINDOWS\System32\KERNEL32.DLL
0x00007ff9969c0000 - 0x00007ff996c33000 	C:\WINDOWS\System32\KERNELBASE.dll
0x00007ff999750000 - 0x00007ff9997f1000 	C:\WINDOWS\System32\ADVAPI32.dll
0x00007ff999da0000 - 0x00007ff999e3e000 	C:\WINDOWS\System32\msvcrt.dll
0x00007ff999360000 - 0x00007ff9993bb000 	C:\WINDOWS\System32\sechost.dll
0x00007ff999470000 - 0x00007ff999594000 	C:\WINDOWS\System32\RPCRT4.dll
0x00007ff9991d0000 - 0x00007ff999360000 	C:\WINDOWS\System32\USER32.dll
0x00007ff996290000 - 0x00007ff9962b0000 	C:\WINDOWS\System32\win32u.dll
0x00007ff999720000 - 0x00007ff999748000 	C:\WINDOWS\System32\GDI32.dll
0x00007ff9970b0000 - 0x00007ff997242000 	C:\WINDOWS\System32\gdi32full.dll
0x00007ff996f10000 - 0x00007ff996faf000 	C:\WINDOWS\System32\msvcp_win.dll
0x00007ff996fb0000 - 0x00007ff9970aa000 	C:\WINDOWS\System32\ucrtbase.dll
0x00007ff98d300000 - 0x00007ff98d569000 	C:\WINDOWS\WinSxS\amd64_microsoft.windows.common-controls_6595b64144ccf1df_6.0.17134.285_none_fb4297e330656775\COMCTL32.dll
0x00007ff998ea0000 - 0x00007ff9991c3000 	C:\WINDOWS\System32\combase.dll
0x00007ff996c40000 - 0x00007ff996cba000 	C:\WINDOWS\System32\bcryptPrimitives.dll
0x00007ff999b30000 - 0x00007ff999b5d000 	C:\WINDOWS\System32\IMM32.DLL
0x0000000062820000 - 0x00000000628f2000 	C:\Program Files\Java\jdk1.8.0_181\jre\bin\msvcr100.dll
0x000000005fe10000 - 0x00000000606b2000 	C:\Program Files\Java\jdk1.8.0_181\jre\bin\server\jvm.dll
0x00007ff999800000 - 0x00007ff999808000 	C:\WINDOWS\System32\PSAPI.DLL
0x00007ff98fb70000 - 0x00007ff98fb79000 	C:\WINDOWS\SYSTEM32\WSOCK32.dll
0x00007ff998dc0000 - 0x00007ff998e2c000 	C:\WINDOWS\System32\WS2_32.dll
0x00007ff98fca0000 - 0x00007ff98fcaa000 	C:\WINDOWS\SYSTEM32\VERSION.dll
0x00007ff993350000 - 0x00007ff993373000 	C:\WINDOWS\SYSTEM32\WINMM.dll
0x00007ff9932d0000 - 0x00007ff9932fa000 	C:\WINDOWS\SYSTEM32\WINMMBASE.dll
0x00007ff996240000 - 0x00007ff996289000 	C:\WINDOWS\System32\cfgmgr32.dll
0x0000000062810000 - 0x000000006281f000 	C:\Program Files\Java\jdk1.8.0_181\jre\bin\verify.dll
0x00000000627e0000 - 0x0000000062809000 	C:\Program Files\Java\jdk1.8.0_181\jre\bin\java.dll
0x00000000612a0000 - 0x00000000612b6000 	C:\Program Files\Java\jdk1.8.0_181\jre\bin\zip.dll
0x00007ff997820000 - 0x00007ff998c60000 	C:\WINDOWS\System32\SHELL32.dll
0x00007ff9993c0000 - 0x00007ff999469000 	C:\WINDOWS\System32\shcore.dll
0x00007ff9962b0000 - 0x00007ff9969bd000 	C:\WINDOWS\System32\windows.storage.dll
0x00007ff9998e0000 - 0x00007ff999931000 	C:\WINDOWS\System32\shlwapi.dll
0x00007ff9961e0000 - 0x00007ff9961f1000 	C:\WINDOWS\System32\kernel.appcore.dll
0x00007ff996200000 - 0x00007ff99621f000 	C:\WINDOWS\System32\profapi.dll
0x00007ff996180000 - 0x00007ff9961cc000 	C:\WINDOWS\System32\powrprof.dll
0x00007ff9961d0000 - 0x00007ff9961da000 	C:\WINDOWS\System32\FLTLIB.DLL
0x00007ff995b90000 - 0x00007ff995ba7000 	C:\WINDOWS\SYSTEM32\CRYPTSP.dll
0x00007ff995560000 - 0x00007ff995593000 	C:\WINDOWS\system32\rsaenh.dll
0x00007ff995cc0000 - 0x00007ff995ce5000 	C:\WINDOWS\SYSTEM32\bcrypt.dll
0x00007ff996080000 - 0x00007ff9960a8000 	C:\WINDOWS\SYSTEM32\USERENV.dll
0x00007ff995bb0000 - 0x00007ff995bbb000 	C:\WINDOWS\SYSTEM32\CRYPTBASE.dll
0x0000000061280000 - 0x000000006129a000 	C:\Program Files\Java\jdk1.8.0_181\jre\bin\net.dll
0x00007ff9959e0000 - 0x00007ff995a46000 	C:\WINDOWS\system32\mswsock.dll
0x00007ff995760000 - 0x00007ff995798000 	C:\WINDOWS\SYSTEM32\IPHLPAPI.DLL
0x00007ff998e90000 - 0x00007ff998e98000 	C:\WINDOWS\System32\NSI.dll
0x00007ff990300000 - 0x00007ff990316000 	C:\WINDOWS\SYSTEM32\dhcpcsvc6.DLL
0x00007ff990750000 - 0x00007ff99076a000 	C:\WINDOWS\SYSTEM32\dhcpcsvc.DLL
0x0000000061260000 - 0x0000000061271000 	C:\Program Files\Java\jdk1.8.0_181\jre\bin\nio.dll

VM Arguments:
jvm_args: -Djava.awt.headless=true -Xmx64M -Dfile.encoding=GBK -Duser.country=CN -Duser.language=zh -Duser.variant 
java_command: com.google.devtools.build.android.desugar.Desugar --input D:\ZNGJ\ZNJT\build\intermediates\transforms\stackFramesFixer\debug\8.jar --output D:\ZNGJ\ZNJT\build\intermediates\transforms\desugar\debug\10.jar --input D:\ZNGJ\ZNJT\build\intermediates\transforms\stackFramesFixer\debug\14.jar --output D:\ZNGJ\ZNJT\build\intermediates\transforms\desugar\debug\16.jar --input D:\ZNGJ\ZNJT\build\intermediates\transforms\stackFramesFixer\debug\26.jar --output D:\ZNGJ\ZNJT\build\intermediates\transforms\desugar\debug\28.jar --input D:\ZNGJ\ZNJT\build\intermediates\transforms\stackFramesFixer\debug\11.jar --output D:\ZNGJ\ZNJT\build\intermediates\transforms\desugar\debug\13.jar --input D:\ZNGJ\ZNJT\build\intermediates\transforms\stackFramesFixer\debug\23.jar --output D:\ZNGJ\ZNJT\build\intermediates\transforms\desugar\debug\25.jar --input D:\ZNGJ\ZNJT\build\intermediates\transforms\stackFramesFixer\debug\5.jar --output D:\ZNGJ\ZNJT\build\intermediates\transforms\desugar\debug\7.jar --input D:\ZNGJ\ZNJT\build\intermediates\transforms\stackFramesFixer\debug\22.jar --output D:\ZNGJ\ZNJT\build\intermediates\transforms\desugar\debug\24.jar --input D:\ZNGJ\ZNJT\build\intermediates\transforms\stackFramesFixer\debug\27.jar --output D:\ZNGJ\ZNJT\build\intermediates\transforms\desugar\debug\29.jar --input D:\ZNGJ\ZNJT\build\intermediates\transforms\stackFramesFixer\debug\33.jar --output D:\ZNGJ\ZNJT\build\intermediates\transforms\desugar\debug\35.jar --classpath_entry D:\ZNGJ\idcardcamera\build\intermediates\intermediate-jars\debug\classes.jar --classpath_entry D:\ZNGJ\ZNJT\build\intermediates\classes\debug --classpath_entry D:\ZNGJ\ZNJT\build\intermediates\transforms\stackFramesFixer\debug\0.jar --classpath_entry D:\ZNGJ\ZNJT\build\intermediates\transforms\stackFramesFixer\debug\1.jar --classpath_entry D:\ZNGJ\ZNJT\build\intermediates\transforms\stackFramesFixer\debug\2.jar --classpath_entry D:\ZNGJ\ZNJT\build\intermediates\transforms\stackFramesFixer\debug\3.jar --classpa
java_class_path (initial): C:\Users\ThinkPad\AppData\Local\Temp\desugar_deploy.jar261940988231029253
Launcher Type: SUN_STANDARD

Environment Variables:
JAVA_HOME=C:\Program Files\Java\jdk1.8.0_181
CLASSPATH=.;C:\Program Files\Java\jdk1.8.0_181\lib;C:\Program Files\Java\jdk1.8.0_181\lib\tools.jar
PATH=D:\app\ThinkPad\product\11.2.0\dbhome_1\bin;C:\Program Files (x86)\Common Files\Oracle\Java\javapath;C:\Users\ThinkPad\Downloads\bin;C:\Program Files\Microsoft SQL Server\110\DTS\Binn\;C:\Program Files (x86)\Microsoft SQL Server\110\Tools\Binn\;C:\Program Files\Microsoft SQL Server\110\Tools\Binn\;C:\Program Files (x86)\Microsoft SQL Server\110\Tools\Binn\ManagementStudio\;C:\Program Files (x86)\Microsoft Visual Studio 10.0\Common7\IDE\PrivateAssemblies\;C:\Program Files (x86)\Microsoft SQL Server\110\DTS\Binn\;C:\Program Files\TortoiseSVN\bin;C:\Program Files\TortoiseGit\bin;E:\apache-maven-3.5.3\bin;C:\Program Files\nodejs\;C:\Program Files\Git\cmd;D:\a\platform-tools;E:\springBoot\spring-1.3.0.RELEASE\bin;C:\Program Files\Java\jdk1.8.0_181\bin;C:\Program Files\Java\jdk1.8.0_181\jre\bin;;C:\WINDOWS\system32;C:\WINDOWS;C:\WINDOWS\System32\Wbem;C:\WINDOWS\System32\WindowsPowerShell\v1.0\;C:\WINDOWS\System32\OpenSSH\;C:\Users\ThinkPad\AppData\Local\Microsoft\WindowsApps;C:\Users\ThinkPad\AppData\Roaming\npm;
USERNAME=ThinkPad
OS=Windows_NT
PROCESSOR_IDENTIFIER=Intel64 Family 6 Model 78 Stepping 3, GenuineIntel



---------------  S Y S T E M  ---------------

OS: Windows 10.0 , 64 bit Build 17134 (10.0.17134.1)

CPU:total 4 (initial active 4) (2 cores per cpu, 2 threads per core) family 6 model 78 stepping 3, cmov, cx8, fxsr, mmx, sse, sse2, sse3, ssse3, sse4.1, sse4.2, popcnt, avx, avx2, aes, clmul, erms, rtm, 3dnowpref, lzcnt, ht, tsc, tscinvbit, bmi1, bmi2, adx

Memory: 4k page, physical 8289272k(1676892k free), swap 13409272k(2044k free)

vm_info: Java HotSpot(TM) 64-Bit Server VM (25.181-b13) for windows-amd64 JRE (1.8.0_181-b13), built on Jul  7 2018 04:01:33 by "java_re" with MS VC++ 10.0 (VS2010)

time: Mon Sep 17 18:58:00 2018
elapsed time: 4 seconds (0d 0h 0m 4s)

