#
# There is insufficient memory for the Java Runtime Environment to continue.
# Native memory allocation (malloc) failed to allocate 32744 bytes for ChunkPool::allocate
# Possible reasons:
#   The system is out of physical RAM or swap space
#   In 32 bit mode, the process size limit was hit
# Possible solutions:
#   Reduce memory load on the system
#   Increase physical memory or swap space
#   Check if swap backing store is full
#   Use 64 bit Java on a 64 bit OS
#   Decrease Java heap size (-Xmx/-Xms)
#   Decrease number of Java threads
#   Decrease Java thread stack sizes (-Xss)
#   Set larger code cache with -XX:ReservedCodeCacheSize=
# This output file may be truncated or incomplete.
#
#  Out of Memory Error (allocation.cpp:273), pid=3052, tid=0x00000000000039f0
#
# JRE version: Java(TM) SE Runtime Environment (8.0_181-b13) (build 1.8.0_181-b13)
# Java VM: Java HotSpot(TM) 64-Bit Server VM (25.181-b13 mixed mode windows-amd64 compressed oops)
# Failed to write core dump. Minidumps are not enabled by default on client versions of Windows
#

---------------  T H R E A D  ---------------

Current thread (0x0000000012f1d800):  JavaThread "C1 CompilerThread2" daemon [_thread_in_native, id=14832, stack(0x0000000014a20000,0x0000000014b20000)]

Stack: [0x0000000014a20000,0x0000000014b20000]
[error occurred during error reporting (printing stack bounds), id 0xc0000005]

Native frames: (J=compiled Java code, j=interpreted, Vv=VM code, C=native code)


Current CompileTask:
C1:   3492  766       3       org.objectweb.asm.ClassReader::a (3587 bytes)


---------------  P R O C E S S  ---------------

Java Threads: ( => current thread )
  0x0000000014288000 JavaThread "Service Thread" daemon [_thread_blocked, id=9940, stack(0x0000000014b20000,0x0000000014c20000)]
=>0x0000000012f1d800 JavaThread "C1 CompilerThread2" daemon [_thread_in_native, id=14832, stack(0x0000000014a20000,0x0000000014b20000)]
  0x0000000012ee7000 JavaThread "C2 CompilerThread1" daemon [_thread_in_native, id=17020, stack(0x0000000014920000,0x0000000014a20000)]
  0x0000000014263800 JavaThread "C2 CompilerThread0" daemon [_thread_in_native, id=16028, stack(0x0000000014820000,0x0000000014920000)]
  0x0000000012ed2000 JavaThread "Attach Listener" daemon [_thread_blocked, id=15696, stack(0x0000000014720000,0x0000000014820000)]
  0x0000000012ee4000 JavaThread "Signal Dispatcher" daemon [_thread_blocked, id=4424, stack(0x0000000014620000,0x0000000014720000)]
  0x0000000002b58800 JavaThread "Finalizer" daemon [_thread_blocked, id=6160, stack(0x0000000014120000,0x0000000014220000)]
  0x0000000002b55000 JavaThread "Reference Handler" daemon [_thread_blocked, id=13840, stack(0x0000000014020000,0x0000000014120000)]
  0x0000000002a64800 JavaThread "main" [_thread_in_Java, id=14840, stack(0x0000000002960000,0x0000000002a60000)]

Other Threads:
  0x0000000012e87000 VMThread [stack: 0x0000000013f20000,0x0000000014020000] [id=13092]
  0x00000000142ba000 WatcherThread [stack: 0x0000000014c20000,0x0000000014d20000] [id=6356]

VM state:not at safepoint (normal execution)

VM Mutex/Monitor currently owned by a thread: None

Heap:
 PSYoungGen      total 18944K, used 17965K [0x00000000feb00000, 0x0000000100000000, 0x0000000100000000)
  eden space 16384K, 94% used [0x00000000feb00000,0x00000000ffa115c0,0x00000000ffb00000)
  from space 2560K, 99% used [0x00000000ffb00000,0x00000000ffd7a030,0x00000000ffd80000)
  to   space 2560K, 0% used [0x00000000ffd80000,0x00000000ffd80000,0x0000000100000000)
 ParOldGen       total 44032K, used 1582K [0x00000000fc000000, 0x00000000feb00000, 0x00000000feb00000)
  object space 44032K, 3% used [0x00000000fc000000,0x00000000fc18b808,0x00000000feb00000)
 Metaspace       used 7735K, capacity 7902K, committed 7936K, reserved 1056768K
  class space    used 931K, capacity 1021K, committed 1024K, reserved 1048576K

Card table byte_map: [0x0000000000650000,0x0000000000680000] byte_map_base: 0xffffffffffe70000

Marking Bits: (ParMarkBitMap*) 0x0000000060632d00
 Begin Bits: [0x0000000012320000, 0x0000000012420000)
 End Bits:   [0x0000000012420000, 0x0000000012520000)

Polling page: 0x0000000000620000

CodeCache: size=245760Kb used=2840Kb max_used=2840Kb free=242920Kb
 bounds [0x0000000002b60000, 0x0000000002e30000, 0x0000000011b60000]
 total_blobs=1108 nmethods=771 adapters=248
 compilation: enabled

Compilation events (10 events):
Event: 3.478 Thread 0x0000000012ee7000 nmethod 773 0x0000000002e25a90 code [0x0000000002e25c00, 0x0000000002e26158]
Event: 3.478 Thread 0x0000000012ee7000  779       4       org.objectweb.asm.ClassReader::readUTF8 (60 bytes)
Event: 3.479 Thread 0x0000000014263800 nmethod 774 0x0000000002e264d0 code [0x0000000002e26620, 0x0000000002e26878]
Event: 3.479 Thread 0x0000000014263800  778       4       org.objectweb.asm.ClassReader::readInt (52 bytes)
Event: 3.480 Thread 0x0000000014263800 nmethod 778 0x0000000002e21f50 code [0x0000000002e22080, 0x0000000002e22178]
Event: 3.480 Thread 0x0000000014263800  783       4       java.lang.String::startsWith (7 bytes)
Event: 3.482 Thread 0x0000000014263800 nmethod 783 0x0000000002e23610 code [0x0000000002e23760, 0x0000000002e238f8]
Event: 3.482 Thread 0x0000000014263800  785       4       org.objectweb.asm.MethodVisitor::visitVarInsn (17 bytes)
Event: 3.483 Thread 0x0000000014263800 nmethod 785 0x0000000002e0f650 code [0x0000000002e0f780, 0x0000000002e0f818]
Event: 3.483 Thread 0x0000000014263800  787       4       org.objectweb.asm.Item::a (143 bytes)

GC Heap History (2 events):
Event: 2.267 GC heap before
{Heap before GC invocations=1 (full 0):
 PSYoungGen      total 18944K, used 16384K [0x00000000feb00000, 0x0000000100000000, 0x0000000100000000)
  eden space 16384K, 100% used [0x00000000feb00000,0x00000000ffb00000,0x00000000ffb00000)
  from space 2560K, 0% used [0x00000000ffd80000,0x00000000ffd80000,0x0000000100000000)
  to   space 2560K, 0% used [0x00000000ffb00000,0x00000000ffb00000,0x00000000ffd80000)
 ParOldGen       total 44032K, used 0K [0x00000000fc000000, 0x00000000feb00000, 0x00000000feb00000)
  object space 44032K, 0% used [0x00000000fc000000,0x00000000fc000000,0x00000000feb00000)
 Metaspace       used 6632K, capacity 6764K, committed 7040K, reserved 1056768K
  class space    used 799K, capacity 856K, committed 896K, reserved 1048576K
Event: 2.272 GC heap after
Heap after GC invocations=1 (full 0):
 PSYoungGen      total 18944K, used 2536K [0x00000000feb00000, 0x0000000100000000, 0x0000000100000000)
  eden space 16384K, 0% used [0x00000000feb00000,0x00000000feb00000,0x00000000ffb00000)
  from space 2560K, 99% used [0x00000000ffb00000,0x00000000ffd7a030,0x00000000ffd80000)
  to   space 2560K, 0% used [0x00000000ffd80000,0x00000000ffd80000,0x0000000100000000)
 ParOldGen       total 44032K, used 1582K [0x00000000fc000000, 0x00000000feb00000, 0x00000000feb00000)
  object space 44032K, 3% used [0x00000000fc000000,0x00000000fc18b808,0x00000000feb00000)
 Metaspace       used 6632K, capacity 6764K, committed 7040K, reserved 1056768K
  class space    used 799K, capacity 856K, committed 896K, reserved 1048576K
}

Deoptimization events (10 events):
Event: 2.410 Thread 0x0000000002a64800 Uncommon trap: reason=unloaded action=reinterpret pc=0x0000000002d90dc4 method=java.util.zip.ZipEntry.setExtra0([BZ)V @ 37
Event: 3.270 Thread 0x0000000002a64800 Uncommon trap: reason=unstable_if action=reinterpret pc=0x0000000002d2e878 method=java.lang.String.<init>([CII)V @ 18
Event: 3.288 Thread 0x0000000002a64800 Uncommon trap: reason=class_check action=maybe_recompile pc=0x0000000002d9262c method=com.google.common.collect.TransformedIterator.hasNext()Z @ 4
Event: 3.288 Thread 0x0000000002a64800 Uncommon trap: reason=class_check action=maybe_recompile pc=0x0000000002d75550 method=com.google.common.collect.Iterators$7.transform(Ljava/lang/Object;)Ljava/lang/Object; @ 5
Event: 3.288 Thread 0x0000000002a64800 Uncommon trap: reason=class_check action=maybe_recompile pc=0x0000000002d9262c method=com.google.common.collect.TransformedIterator.hasNext()Z @ 4
Event: 3.288 Thread 0x0000000002a64800 Uncommon trap: reason=class_check action=maybe_recompile pc=0x0000000002d9262c method=com.google.common.collect.TransformedIterator.hasNext()Z @ 4
Event: 3.288 Thread 0x0000000002a64800 Uncommon trap: reason=class_check action=maybe_recompile pc=0x0000000002d75550 method=com.google.common.collect.Iterators$7.transform(Ljava/lang/Object;)Ljava/lang/Object; @ 5
Event: 3.288 Thread 0x0000000002a64800 Uncommon trap: reason=class_check action=maybe_recompile pc=0x0000000002d9262c method=com.google.common.collect.TransformedIterator.hasNext()Z @ 4
Event: 3.288 Thread 0x0000000002a64800 Uncommon trap: reason=class_check action=maybe_recompile pc=0x0000000002d75550 method=com.google.common.collect.Iterators$7.transform(Ljava/lang/Object;)Ljava/lang/Object; @ 5
Event: 3.288 Thread 0x0000000002a64800 Uncommon trap: reason=class_check action=maybe_recompile pc=0x0000000002d75550 method=com.google.common.collect.Iterators$7.transform(Ljava/lang/Object;)Ljava/lang/Object; @ 5

Classes redefined (0 events):
No events

Internal exceptions (10 events):
Event: 2.299 Thread 0x0000000002a64800 Implicit null exception at 0x0000000002d85ecf to 0x0000000002d867b1
Event: 2.425 Thread 0x0000000002a64800 Exception <a 'sun/nio/fs/WindowsException'> (0x00000000ff24e6e8) thrown at [C:\re\workspace\8-2-build-windows-amd64-cygwin\jdk8u181\11358\hotspot\src\share\vm\prims\jni.cpp, line 709]
Event: 2.426 Thread 0x0000000002a64800 Exception <a 'sun/nio/fs/WindowsException'> (0x00000000ff24ecb8) thrown at [C:\re\workspace\8-2-build-windows-amd64-cygwin\jdk8u181\11358\hotspot\src\share\vm\prims\jni.cpp, line 709]
Event: 2.444 Thread 0x0000000002a64800 Exception <a 'sun/nio/fs/WindowsException'> (0x00000000ff24f2a8) thrown at [C:\re\workspace\8-2-build-windows-amd64-cygwin\jdk8u181\11358\hotspot\src\share\vm\prims\jni.cpp, line 709]
Event: 2.444 Thread 0x0000000002a64800 Exception <a 'sun/nio/fs/WindowsException'> (0x00000000ff24fa78) thrown at [C:\re\workspace\8-2-build-windows-amd64-cygwin\jdk8u181\11358\hotspot\src\share\vm\prims\jni.cpp, line 709]
Event: 2.444 Thread 0x0000000002a64800 Exception <a 'sun/nio/fs/WindowsException'> (0x00000000ff250040) thrown at [C:\re\workspace\8-2-build-windows-amd64-cygwin\jdk8u181\11358\hotspot\src\share\vm\prims\jni.cpp, line 709]
Event: 2.444 Thread 0x0000000002a64800 Exception <a 'sun/nio/fs/WindowsException'> (0x00000000ff250800) thrown at [C:\re\workspace\8-2-build-windows-amd64-cygwin\jdk8u181\11358\hotspot\src\share\vm\prims\jni.cpp, line 709]
Event: 3.056 Thread 0x0000000002a64800 Exception <a 'sun/nio/fs/WindowsException'> (0x00000000ff255c28) thrown at [C:\re\workspace\8-2-build-windows-amd64-cygwin\jdk8u181\11358\hotspot\src\share\vm\prims\jni.cpp, line 709]
Event: 3.256 Thread 0x0000000002a64800 Exception <a 'sun/nio/fs/WindowsException'> (0x00000000ff654ed0) thrown at [C:\re\workspace\8-2-build-windows-amd64-cygwin\jdk8u181\11358\hotspot\src\share\vm\prims\jni.cpp, line 709]
Event: 3.256 Thread 0x0000000002a64800 Exception <a 'sun/nio/fs/WindowsException'> (0x00000000ff655428) thrown at [C:\re\workspace\8-2-build-windows-amd64-cygwin\jdk8u181\11358\hotspot\src\share\vm\prims\jni.cpp, line 709]

Events (10 events):
Event: 3.398 loading class sun/util/calendar/CalendarUtils
Event: 3.398 loading class sun/util/calendar/CalendarUtils done
Event: 3.398 loading class java/util/zip/ZipOutputStream$XEntry
Event: 3.398 loading class java/util/zip/ZipOutputStream$XEntry done
Event: 3.400 loading class org/objectweb/asm/tree/TryCatchBlockNode
Event: 3.400 loading class org/objectweb/asm/tree/TryCatchBlockNode done
Event: 3.401 loading class org/objectweb/asm/Handler
Event: 3.401 loading class org/objectweb/asm/Handler done
Event: 3.416 loading class org/objectweb/asm/Opcodes
Event: 3.416 loading class org/objectweb/asm/Opcodes done


Dynamic libraries:
0x00007ff6bcdb0000 - 0x00007ff6bcde7000 	C:\Program Files\Java\jdk1.8.0_181\bin\java.exe
0x00007ff999e70000 - 0x00007ff99a051000 	C:\WINDOWS\SYSTEM32\ntdll.dll
0x00007ff997760000 - 0x00007ff997812000 	C:\WINDOWS\System32\KERNEL32.DLL
0x00007ff9969c0000 - 0x00007ff996c33000 	C:\WINDOWS\System32\KERNELBASE.dll
0x00007ff999750000 - 0x00007ff9997f1000 	C:\WINDOWS\System32\ADVAPI32.dll
0x00007ff999da0000 - 0x00007ff999e3e000 	C:\WINDOWS\System32\msvcrt.dll
0x00007ff999360000 - 0x00007ff9993bb000 	C:\WINDOWS\System32\sechost.dll
0x00007ff999470000 - 0x00007ff999594000 	C:\WINDOWS\System32\RPCRT4.dll
0x00007ff9991d0000 - 0x00007ff999360000 	C:\WINDOWS\System32\USER32.dll
0x00007ff996290000 - 0x00007ff9962b0000 	C:\WINDOWS\System32\win32u.dll
0x00007ff999720000 - 0x00007ff999748000 	C:\WINDOWS\System32\GDI32.dll
0x00007ff9970b0000 - 0x00007ff997242000 	C:\WINDOWS\System32\gdi32full.dll
0x00007ff996f10000 - 0x00007ff996faf000 	C:\WINDOWS\System32\msvcp_win.dll
0x00007ff996fb0000 - 0x00007ff9970aa000 	C:\WINDOWS\System32\ucrtbase.dll
0x00007ff98d300000 - 0x00007ff98d569000 	C:\WINDOWS\WinSxS\amd64_microsoft.windows.common-controls_6595b64144ccf1df_6.0.17134.285_none_fb4297e330656775\COMCTL32.dll
0x00007ff998ea0000 - 0x00007ff9991c3000 	C:\WINDOWS\System32\combase.dll
0x00007ff996c40000 - 0x00007ff996cba000 	C:\WINDOWS\System32\bcryptPrimitives.dll
0x00007ff999b30000 - 0x00007ff999b5d000 	C:\WINDOWS\System32\IMM32.DLL
0x0000000062820000 - 0x00000000628f2000 	C:\Program Files\Java\jdk1.8.0_181\jre\bin\msvcr100.dll
0x000000005fe10000 - 0x00000000606b2000 	C:\Program Files\Java\jdk1.8.0_181\jre\bin\server\jvm.dll
0x00007ff999800000 - 0x00007ff999808000 	C:\WINDOWS\System32\PSAPI.DLL
0x00007ff98fb70000 - 0x00007ff98fb79000 	C:\WINDOWS\SYSTEM32\WSOCK32.dll
0x00007ff998dc0000 - 0x00007ff998e2c000 	C:\WINDOWS\System32\WS2_32.dll
0x00007ff993350000 - 0x00007ff993373000 	C:\WINDOWS\SYSTEM32\WINMM.dll
0x00007ff9932d0000 - 0x00007ff9932fa000 	C:\WINDOWS\SYSTEM32\winmmbase.dll
0x00007ff996240000 - 0x00007ff996289000 	C:\WINDOWS\System32\cfgmgr32.dll
0x00007ff98fca0000 - 0x00007ff98fcaa000 	C:\WINDOWS\SYSTEM32\VERSION.dll
0x0000000062810000 - 0x000000006281f000 	C:\Program Files\Java\jdk1.8.0_181\jre\bin\verify.dll
0x00000000627e0000 - 0x0000000062809000 	C:\Program Files\Java\jdk1.8.0_181\jre\bin\java.dll
0x00000000612a0000 - 0x00000000612b6000 	C:\Program Files\Java\jdk1.8.0_181\jre\bin\zip.dll
0x00007ff997820000 - 0x00007ff998c60000 	C:\WINDOWS\System32\SHELL32.dll
0x00007ff9993c0000 - 0x00007ff999469000 	C:\WINDOWS\System32\shcore.dll
0x00007ff9962b0000 - 0x00007ff9969bd000 	C:\WINDOWS\System32\windows.storage.dll
0x00007ff9998e0000 - 0x00007ff999931000 	C:\WINDOWS\System32\shlwapi.dll
0x00007ff9961e0000 - 0x00007ff9961f1000 	C:\WINDOWS\System32\kernel.appcore.dll
0x00007ff996200000 - 0x00007ff99621f000 	C:\WINDOWS\System32\profapi.dll
0x00007ff996180000 - 0x00007ff9961cc000 	C:\WINDOWS\System32\powrprof.dll
0x00007ff9961d0000 - 0x00007ff9961da000 	C:\WINDOWS\System32\FLTLIB.DLL
0x00007ff995b90000 - 0x00007ff995ba7000 	C:\WINDOWS\SYSTEM32\CRYPTSP.dll
0x00007ff995560000 - 0x00007ff995593000 	C:\WINDOWS\system32\rsaenh.dll
0x00007ff995cc0000 - 0x00007ff995ce5000 	C:\WINDOWS\SYSTEM32\bcrypt.dll
0x00007ff996080000 - 0x00007ff9960a8000 	C:\WINDOWS\SYSTEM32\USERENV.dll
0x00007ff995bb0000 - 0x00007ff995bbb000 	C:\WINDOWS\SYSTEM32\CRYPTBASE.dll
0x0000000061280000 - 0x000000006129a000 	C:\Program Files\Java\jdk1.8.0_181\jre\bin\net.dll
0x00007ff9959e0000 - 0x00007ff995a46000 	C:\WINDOWS\system32\mswsock.dll
0x00007ff995760000 - 0x00007ff995798000 	C:\WINDOWS\SYSTEM32\IPHLPAPI.DLL
0x00007ff998e90000 - 0x00007ff998e98000 	C:\WINDOWS\System32\NSI.dll
0x00007ff990300000 - 0x00007ff990316000 	C:\WINDOWS\SYSTEM32\dhcpcsvc6.DLL
0x00007ff990750000 - 0x00007ff99076a000 	C:\WINDOWS\SYSTEM32\dhcpcsvc.DLL
0x0000000061260000 - 0x0000000061271000 	C:\Program Files\Java\jdk1.8.0_181\jre\bin\nio.dll

VM Arguments:
jvm_args: -Djava.awt.headless=true -Xmx64M -Dfile.encoding=GBK -Duser.country=CN -Duser.language=zh -Duser.variant 
java_command: com.google.devtools.build.android.desugar.Desugar --input D:\ZNGJ\idcardcamera\build\intermediates\intermediate-jars\debug\classes.jar --output D:\ZNGJ\ZNJT\build\intermediates\transforms\desugar\debug\0.jar --input D:\ZNGJ\ZNJT\build\intermediates\transforms\stackFramesFixer\debug\25.jar --output D:\ZNGJ\ZNJT\build\intermediates\transforms\desugar\debug\27.jar --input D:\ZNGJ\ZNJT\build\intermediates\transforms\stackFramesFixer\debug\20.jar --output D:\ZNGJ\ZNJT\build\intermediates\transforms\desugar\debug\22.jar --input D:\ZNGJ\ZNJT\build\intermediates\transforms\stackFramesFixer\debug\4.jar --output D:\ZNGJ\ZNJT\build\intermediates\transforms\desugar\debug\6.jar --input D:\ZNGJ\ZNJT\build\intermediates\transforms\stackFramesFixer\debug\3.jar --output D:\ZNGJ\ZNJT\build\intermediates\transforms\desugar\debug\5.jar --input D:\ZNGJ\ZNJT\build\intermediates\transforms\stackFramesFixer\debug\28.jar --output D:\ZNGJ\ZNJT\build\intermediates\transforms\desugar\debug\30.jar --input D:\ZNGJ\ZNJT\build\intermediates\transforms\stackFramesFixer\debug\0.jar --output D:\ZNGJ\ZNJT\build\intermediates\transforms\desugar\debug\2.jar --input D:\ZNGJ\ZNJT\build\intermediates\transforms\stackFramesFixer\debug\19.jar --output D:\ZNGJ\ZNJT\build\intermediates\transforms\desugar\debug\21.jar --input D:\ZNGJ\ZNJT\build\intermediates\transforms\stackFramesFixer\debug\18.jar --output D:\ZNGJ\ZNJT\build\intermediates\transforms\desugar\debug\20.jar --classpath_entry D:\ZNGJ\idcardcamera\build\intermediates\intermediate-jars\debug\classes.jar --classpath_entry D:\ZNGJ\ZNJT\build\intermediates\classes\debug --classpath_entry D:\ZNGJ\ZNJT\build\intermediates\transforms\stackFramesFixer\debug\0.jar --classpath_entry D:\ZNGJ\ZNJT\build\intermediates\transforms\stackFramesFixer\debug\1.jar --classpath_entry D:\ZNGJ\ZNJT\build\intermediates\transforms\stackFramesFixer\debug\2.jar --classpath_entry D:\ZNGJ\ZNJT\build\intermediates\transforms\stackFramesFixer\debug\3.jar --classpat
java_class_path (initial): C:\Users\ThinkPad\AppData\Local\Temp\desugar_deploy.jar261940988231029253
Launcher Type: SUN_STANDARD

Environment Variables:
JAVA_HOME=C:\Program Files\Java\jdk1.8.0_181
CLASSPATH=.;C:\Program Files\Java\jdk1.8.0_181\lib;C:\Program Files\Java\jdk1.8.0_181\lib\tools.jar
PATH=D:\app\ThinkPad\product\11.2.0\dbhome_1\bin;C:\Program Files (x86)\Common Files\Oracle\Java\javapath;C:\Users\ThinkPad\Downloads\bin;C:\Program Files\Microsoft SQL Server\110\DTS\Binn\;C:\Program Files (x86)\Microsoft SQL Server\110\Tools\Binn\;C:\Program Files\Microsoft SQL Server\110\Tools\Binn\;C:\Program Files (x86)\Microsoft SQL Server\110\Tools\Binn\ManagementStudio\;C:\Program Files (x86)\Microsoft Visual Studio 10.0\Common7\IDE\PrivateAssemblies\;C:\Program Files (x86)\Microsoft SQL Server\110\DTS\Binn\;C:\Program Files\TortoiseSVN\bin;C:\Program Files\TortoiseGit\bin;E:\apache-maven-3.5.3\bin;C:\Program Files\nodejs\;C:\Program Files\Git\cmd;D:\a\platform-tools;E:\springBoot\spring-1.3.0.RELEASE\bin;C:\Program Files\Java\jdk1.8.0_181\bin;C:\Program Files\Java\jdk1.8.0_181\jre\bin;;C:\WINDOWS\system32;C:\WINDOWS;C:\WINDOWS\System32\Wbem;C:\WINDOWS\System32\WindowsPowerShell\v1.0\;C:\WINDOWS\System32\OpenSSH\;C:\Users\ThinkPad\AppData\Local\Microsoft\WindowsApps;C:\Users\ThinkPad\AppData\Roaming\npm;
USERNAME=ThinkPad
OS=Windows_NT
PROCESSOR_IDENTIFIER=Intel64 Family 6 Model 78 Stepping 3, GenuineIntel



---------------  S Y S T E M  ---------------

OS: Windows 10.0 , 64 bit Build 17134 (10.0.17134.1)

CPU:total 4 (initial active 4) (2 cores per cpu, 2 threads per core) family 6 model 78 stepping 3, cmov, cx8, fxsr, mmx, sse, sse2, sse3, ssse3, sse4.1, sse4.2, popcnt, avx, avx2, aes, clmul, erms, rtm, 3dnowpref, lzcnt, ht, tsc, tscinvbit, bmi1, bmi2, adx

Memory: 4k page, physical 8289272k(1432372k free), swap 13409272k(3068k free)

vm_info: Java HotSpot(TM) 64-Bit Server VM (25.181-b13) for windows-amd64 JRE (1.8.0_181-b13), built on Jul  7 2018 04:01:33 by "java_re" with MS VC++ 10.0 (VS2010)

time: Mon Sep 17 19:01:13 2018
elapsed time: 3 seconds (0d 0h 0m 3s)

