#
# There is insufficient memory for the Java Runtime Environment to continue.
# Native memory allocation (malloc) failed to allocate 1671856 bytes for Chunk::new
# Possible reasons:
#   The system is out of physical RAM or swap space
#   In 32 bit mode, the process size limit was hit
# Possible solutions:
#   Reduce memory load on the system
#   Increase physical memory or swap space
#   Check if swap backing store is full
#   Use 64 bit Java on a 64 bit OS
#   Decrease Java heap size (-Xmx/-Xms)
#   Decrease number of Java threads
#   Decrease Java thread stack sizes (-Xss)
#   Set larger code cache with -XX:ReservedCodeCacheSize=
# This output file may be truncated or incomplete.
#
#  Out of Memory Error (allocation.cpp:390), pid=16420, tid=0x0000000000001148
#
# JRE version: Java(TM) SE Runtime Environment (8.0_181-b13) (build 1.8.0_181-b13)
# Java VM: Java HotSpot(TM) 64-Bit Server VM (25.181-b13 mixed mode windows-amd64 compressed oops)
# Failed to write core dump. Minidumps are not enabled by default on client versions of Windows
#

---------------  T H R E A D  ---------------

Current thread (0x0000000012dd6000):  JavaThread "C2 CompilerThread0" daemon [_thread_in_native, id=4424, stack(0x00000000146e0000,0x00000000147e0000)]

Stack: [0x00000000146e0000,0x00000000147e0000]
[error occurred during error reporting (printing stack bounds), id 0xc0000005]

Native frames: (J=compiled Java code, j=interpreted, Vv=VM code, C=native code)


Current CompileTask:
C2:   4163 1142 %     4       org.objectweb.asm.ClassReader::a @ 1577 (3587 bytes)


---------------  P R O C E S S  ---------------

Java Threads: ( => current thread )
  0x0000000014161000 JavaThread "Service Thread" daemon [_thread_blocked, id=17232, stack(0x00000000149e0000,0x0000000014ae0000)]
  0x0000000014143000 JavaThread "C1 CompilerThread2" daemon [_thread_blocked, id=1796, stack(0x00000000148e0000,0x00000000149e0000)]
  0x0000000012dd9800 JavaThread "C2 CompilerThread1" daemon [_thread_in_native, id=7104, stack(0x00000000147e0000,0x00000000148e0000)]
=>0x0000000012dd6000 JavaThread "C2 CompilerThread0" daemon [_thread_in_native, id=4424, stack(0x00000000146e0000,0x00000000147e0000)]
  0x0000000012d90800 JavaThread "Attach Listener" daemon [_thread_blocked, id=13212, stack(0x00000000145e0000,0x00000000146e0000)]
  0x0000000012d8f800 JavaThread "Signal Dispatcher" daemon [_thread_blocked, id=15164, stack(0x00000000144e0000,0x00000000145e0000)]
  0x0000000012d6a800 JavaThread "Finalizer" daemon [_thread_blocked, id=12080, stack(0x0000000013fe0000,0x00000000140e0000)]
  0x0000000012d49000 JavaThread "Reference Handler" daemon [_thread_blocked, id=16980, stack(0x0000000013ee0000,0x0000000013fe0000)]
  0x0000000002924800 JavaThread "main" [_thread_in_Java, id=14660, stack(0x0000000002720000,0x0000000002820000)]

Other Threads:
  0x0000000012d48000 VMThread [stack: 0x0000000013de0000,0x0000000013ee0000] [id=368]
  0x000000001416b000 WatcherThread [stack: 0x0000000014ae0000,0x0000000014be0000] [id=16444]

VM state:not at safepoint (normal execution)

VM Mutex/Monitor currently owned by a thread: None

Heap:
 PSYoungGen      total 18944K, used 4894K [0x00000000feb00000, 0x0000000100000000, 0x0000000100000000)
  eden space 16384K, 14% used [0x00000000feb00000,0x00000000fed4aa78,0x00000000ffb00000)
  from space 2560K, 99% used [0x00000000ffb00000,0x00000000ffd7d180,0x00000000ffd80000)
  to   space 2560K, 0% used [0x00000000ffd80000,0x00000000ffd80000,0x0000000100000000)
 ParOldGen       total 44032K, used 5644K [0x00000000fc000000, 0x00000000feb00000, 0x00000000feb00000)
  object space 44032K, 12% used [0x00000000fc000000,0x00000000fc583038,0x00000000feb00000)
 Metaspace       used 7974K, capacity 8174K, committed 8192K, reserved 1056768K
  class space    used 933K, capacity 1021K, committed 1024K, reserved 1048576K

Card table byte_map: [0x00000000007a0000,0x00000000007d0000] byte_map_base: 0xfffffffffffc0000

Marking Bits: (ParMarkBitMap*) 0x0000000060632d00
 Begin Bits: [0x00000000121e0000, 0x00000000122e0000)
 End Bits:   [0x00000000122e0000, 0x00000000123e0000)

Polling page: 0x0000000000770000

CodeCache: size=245760Kb used=4617Kb max_used=4618Kb free=241142Kb
 bounds [0x0000000002a20000, 0x0000000002eb0000, 0x0000000011a20000]
 total_blobs=1477 nmethods=1141 adapters=248
 compilation: enabled

Compilation events (10 events):
Event: 4.010 Thread 0x0000000012dd9800 1138       4       java.lang.String::<init> (82 bytes)
Event: 4.014 Thread 0x0000000012dd9800 nmethod 1138 0x0000000002ea5b90 code [0x0000000002ea5ce0, 0x0000000002ea5fd8]
Event: 4.015 Thread 0x0000000014143000 1139       3       org.objectweb.asm.ClassWriter::b (70 bytes)
Event: 4.016 Thread 0x0000000014143000 nmethod 1139 0x0000000002ea53d0 code [0x0000000002ea5580, 0x0000000002ea59b8]
Event: 4.018 Thread 0x0000000014143000 1140   !   3       org.objectweb.asm.ClassReader::a (163 bytes)
Event: 4.019 Thread 0x0000000014143000 nmethod 1140 0x0000000002ea3f90 code [0x0000000002ea41c0, 0x0000000002ea4ec8]
Event: 4.020 Thread 0x0000000014143000 1141       3       org.objectweb.asm.MethodWriter::visitFieldInsn (256 bytes)
Event: 4.020 Thread 0x0000000014143000 nmethod 1141 0x0000000002ea3110 code [0x0000000002ea32e0, 0x0000000002ea3bb8]
Event: 4.021 Thread 0x0000000012dd6000 1142 %     4       org.objectweb.asm.ClassReader::a @ 1577 (3587 bytes)
Event: 4.161 Thread 0x0000000012dd9800 1143       4       org.objectweb.asm.MethodWriter::visitMethodInsn (228 bytes)

GC Heap History (6 events):
Event: 1.398 GC heap before
{Heap before GC invocations=1 (full 0):
 PSYoungGen      total 18944K, used 16384K [0x00000000feb00000, 0x0000000100000000, 0x0000000100000000)
  eden space 16384K, 100% used [0x00000000feb00000,0x00000000ffb00000,0x00000000ffb00000)
  from space 2560K, 0% used [0x00000000ffd80000,0x00000000ffd80000,0x0000000100000000)
  to   space 2560K, 0% used [0x00000000ffb00000,0x00000000ffb00000,0x00000000ffd80000)
 ParOldGen       total 44032K, used 0K [0x00000000fc000000, 0x00000000feb00000, 0x00000000feb00000)
  object space 44032K, 0% used [0x00000000fc000000,0x00000000fc000000,0x00000000feb00000)
 Metaspace       used 6634K, capacity 6844K, committed 7040K, reserved 1056768K
  class space    used 799K, capacity 856K, committed 896K, reserved 1048576K
Event: 1.402 GC heap after
Heap after GC invocations=1 (full 0):
 PSYoungGen      total 18944K, used 2536K [0x00000000feb00000, 0x0000000100000000, 0x0000000100000000)
  eden space 16384K, 0% used [0x00000000feb00000,0x00000000feb00000,0x00000000ffb00000)
  from space 2560K, 99% used [0x00000000ffb00000,0x00000000ffd7a030,0x00000000ffd80000)
  to   space 2560K, 0% used [0x00000000ffd80000,0x00000000ffd80000,0x0000000100000000)
 ParOldGen       total 44032K, used 1581K [0x00000000fc000000, 0x00000000feb00000, 0x00000000feb00000)
  object space 44032K, 3% used [0x00000000fc000000,0x00000000fc18b620,0x00000000feb00000)
 Metaspace       used 6634K, capacity 6844K, committed 7040K, reserved 1056768K
  class space    used 799K, capacity 856K, committed 896K, reserved 1048576K
}
Event: 2.296 GC heap before
{Heap before GC invocations=2 (full 0):
 PSYoungGen      total 18944K, used 18920K [0x00000000feb00000, 0x0000000100000000, 0x0000000100000000)
  eden space 16384K, 100% used [0x00000000feb00000,0x00000000ffb00000,0x00000000ffb00000)
  from space 2560K, 99% used [0x00000000ffb00000,0x00000000ffd7a030,0x00000000ffd80000)
  to   space 2560K, 0% used [0x00000000ffd80000,0x00000000ffd80000,0x0000000100000000)
 ParOldGen       total 44032K, used 1581K [0x00000000fc000000, 0x00000000feb00000, 0x00000000feb00000)
  object space 44032K, 3% used [0x00000000fc000000,0x00000000fc18b620,0x00000000feb00000)
 Metaspace       used 7762K, capacity 7982K, committed 8192K, reserved 1056768K
  class space    used 932K, capacity 1021K, committed 1024K, reserved 1048576K
Event: 2.360 GC heap after
Heap after GC invocations=2 (full 0):
 PSYoungGen      total 18944K, used 2548K [0x00000000feb00000, 0x0000000100000000, 0x0000000100000000)
  eden space 16384K, 0% used [0x00000000feb00000,0x00000000feb00000,0x00000000ffb00000)
  from space 2560K, 99% used [0x00000000ffd80000,0x00000000ffffd180,0x0000000100000000)
  to   space 2560K, 0% used [0x00000000ffb00000,0x00000000ffb00000,0x00000000ffd80000)
 ParOldGen       total 44032K, used 5540K [0x00000000fc000000, 0x00000000feb00000, 0x00000000feb00000)
  object space 44032K, 12% used [0x00000000fc000000,0x00000000fc569038,0x00000000feb00000)
 Metaspace       used 7762K, capacity 7982K, committed 8192K, reserved 1056768K
  class space    used 932K, capacity 1021K, committed 1024K, reserved 1048576K
}
Event: 3.593 GC heap before
{Heap before GC invocations=3 (full 0):
 PSYoungGen      total 18944K, used 18932K [0x00000000feb00000, 0x0000000100000000, 0x0000000100000000)
  eden space 16384K, 100% used [0x00000000feb00000,0x00000000ffb00000,0x00000000ffb00000)
  from space 2560K, 99% used [0x00000000ffd80000,0x00000000ffffd180,0x0000000100000000)
  to   space 2560K, 0% used [0x00000000ffb00000,0x00000000ffb00000,0x00000000ffd80000)
 ParOldGen       total 44032K, used 5540K [0x00000000fc000000, 0x00000000feb00000, 0x00000000feb00000)
  object space 44032K, 12% used [0x00000000fc000000,0x00000000fc569038,0x00000000feb00000)
 Metaspace       used 7920K, capacity 8110K, committed 8192K, reserved 1056768K
  class space    used 933K, capacity 1021K, committed 1024K, reserved 1048576K
Event: 3.981 GC heap after
Heap after GC invocations=3 (full 0):
 PSYoungGen      total 18944K, used 2548K [0x00000000feb00000, 0x0000000100000000, 0x0000000100000000)
  eden space 16384K, 0% used [0x00000000feb00000,0x00000000feb00000,0x00000000ffb00000)
  from space 2560K, 99% used [0x00000000ffb00000,0x00000000ffd7d180,0x00000000ffd80000)
  to   space 2560K, 0% used [0x00000000ffd80000,0x00000000ffd80000,0x0000000100000000)
 ParOldGen       total 44032K, used 5644K [0x00000000fc000000, 0x00000000feb00000, 0x00000000feb00000)
  object space 44032K, 12% used [0x00000000fc000000,0x00000000fc583038,0x00000000feb00000)
 Metaspace       used 7920K, capacity 8110K, committed 8192K, reserved 1056768K
  class space    used 933K, capacity 1021K, committed 1024K, reserved 1048576K
}

Deoptimization events (10 events):
Event: 1.932 Thread 0x0000000002924800 Uncommon trap: reason=class_check action=maybe_recompile pc=0x0000000002c4c0ec method=com.google.common.collect.TransformedIterator.hasNext()Z @ 4
Event: 1.932 Thread 0x0000000002924800 Uncommon trap: reason=class_check action=maybe_recompile pc=0x0000000002c4c0ec method=com.google.common.collect.TransformedIterator.hasNext()Z @ 4
Event: 1.932 Thread 0x0000000002924800 Uncommon trap: reason=class_check action=maybe_recompile pc=0x0000000002c43d90 method=com.google.common.collect.Iterators$7.transform(Ljava/lang/Object;)Ljava/lang/Object; @ 5
Event: 1.933 Thread 0x0000000002924800 Uncommon trap: reason=class_check action=maybe_recompile pc=0x0000000002c4c0ec method=com.google.common.collect.TransformedIterator.hasNext()Z @ 4
Event: 1.933 Thread 0x0000000002924800 Uncommon trap: reason=class_check action=maybe_recompile pc=0x0000000002c43d90 method=com.google.common.collect.Iterators$7.transform(Ljava/lang/Object;)Ljava/lang/Object; @ 5
Event: 1.933 Thread 0x0000000002924800 Uncommon trap: reason=class_check action=maybe_recompile pc=0x0000000002c43d90 method=com.google.common.collect.Iterators$7.transform(Ljava/lang/Object;)Ljava/lang/Object; @ 5
Event: 2.030 Thread 0x0000000002924800 Uncommon trap: reason=unstable_if action=reinterpret pc=0x0000000002bf6938 method=java.lang.String.<init>([CII)V @ 18
Event: 3.521 Thread 0x0000000002924800 Uncommon trap: reason=unstable_if action=reinterpret pc=0x0000000002e0fbe4 method=org.objectweb.asm.ClassReader.a(Lorg/objectweb/asm/MethodVisitor;Lorg/objectweb/asm/Context;I)V @ 485
Event: 3.553 Thread 0x0000000002924800 Uncommon trap: reason=null_check action=make_not_entrant pc=0x0000000002e4f004 method=com.google.devtools.build.android.desugar.InterfaceDesugaring$InterfaceInvocationRewriter.visitMethodInsn(ILjava/lang/String;Ljava/lang/String;Ljava/lang/String;Z)V @ 10
Event: 4.016 Thread 0x0000000002924800 Uncommon trap: reason=unstable_if action=reinterpret pc=0x0000000002e00320 method=org.objectweb.asm.MethodWriter.visitFieldInsn(ILjava/lang/String;Ljava/lang/String;Ljava/lang/String;)V @ 141

Classes redefined (0 events):
No events

Internal exceptions (10 events):
Event: 1.583 Thread 0x0000000002924800 Exception <a 'sun/nio/fs/WindowsException'> (0x00000000ff24b638) thrown at [C:\re\workspace\8-2-build-windows-amd64-cygwin\jdk8u181\11358\hotspot\src\share\vm\prims\jni.cpp, line 709]
Event: 1.583 Thread 0x0000000002924800 Exception <a 'sun/nio/fs/WindowsException'> (0x00000000ff24bdf8) thrown at [C:\re\workspace\8-2-build-windows-amd64-cygwin\jdk8u181\11358\hotspot\src\share\vm\prims\jni.cpp, line 709]
Event: 1.711 Thread 0x0000000002924800 Exception <a 'sun/nio/fs/WindowsException'> (0x00000000ff251260) thrown at [C:\re\workspace\8-2-build-windows-amd64-cygwin\jdk8u181\11358\hotspot\src\share\vm\prims\jni.cpp, line 709]
Event: 1.890 Thread 0x0000000002924800 Exception <a 'sun/nio/fs/WindowsException'> (0x00000000ff64f798) thrown at [C:\re\workspace\8-2-build-windows-amd64-cygwin\jdk8u181\11358\hotspot\src\share\vm\prims\jni.cpp, line 709]
Event: 1.890 Thread 0x0000000002924800 Exception <a 'sun/nio/fs/WindowsException'> (0x00000000ff64fcf0) thrown at [C:\re\workspace\8-2-build-windows-amd64-cygwin\jdk8u181\11358\hotspot\src\share\vm\prims\jni.cpp, line 709]
Event: 2.067 Thread 0x0000000002924800 Exception <a 'sun/nio/fs/WindowsException'> (0x00000000ff8cd5f8) thrown at [C:\re\workspace\8-2-build-windows-amd64-cygwin\jdk8u181\11358\hotspot\src\share\vm\prims\jni.cpp, line 709]
Event: 2.067 Thread 0x0000000002924800 Exception <a 'sun/nio/fs/WindowsException'> (0x00000000ff8cdad0) thrown at [C:\re\workspace\8-2-build-windows-amd64-cygwin\jdk8u181\11358\hotspot\src\share\vm\prims\jni.cpp, line 709]
Event: 2.154 Thread 0x0000000002924800 Exception <a 'sun/nio/fs/WindowsException'> (0x00000000ff94f788) thrown at [C:\re\workspace\8-2-build-windows-amd64-cygwin\jdk8u181\11358\hotspot\src\share\vm\prims\jni.cpp, line 709]
Event: 2.154 Thread 0x0000000002924800 Exception <a 'sun/nio/fs/WindowsException'> (0x00000000ff94fc60) thrown at [C:\re\workspace\8-2-build-windows-amd64-cygwin\jdk8u181\11358\hotspot\src\share\vm\prims\jni.cpp, line 709]
Event: 3.553 Thread 0x0000000002924800 Implicit null exception at 0x0000000002e4ded3 to 0x0000000002e4efe1

Events (10 events):
Event: 3.553 Thread 0x0000000002924800 Uncommon trap: trap_request=0xfffffff4 fr.pc=0x0000000002e4f004
Event: 3.553 Thread 0x0000000002924800 DEOPT PACKING pc=0x0000000002e4f004 sp=0x000000000281e900
Event: 3.554 Thread 0x0000000002924800 DEOPT UNPACKING pc=0x0000000002a6583b sp=0x000000000281e850 mode 2
Event: 3.555 Thread 0x0000000002924800 DEOPT PACKING pc=0x0000000002d41d30 sp=0x000000000281e8d0
Event: 3.555 Thread 0x0000000002924800 DEOPT UNPACKING pc=0x0000000002a67890 sp=0x000000000281e5f8 mode 0
Event: 3.592 Executing VM operation: ParallelGCFailedAllocation
Event: 3.981 Executing VM operation: ParallelGCFailedAllocation done
Event: 4.016 Thread 0x0000000002924800 Uncommon trap: trap_request=0xffffff65 fr.pc=0x0000000002e00320
Event: 4.016 Thread 0x0000000002924800 DEOPT PACKING pc=0x0000000002e00320 sp=0x000000000281e7a0
Event: 4.016 Thread 0x0000000002924800 DEOPT UNPACKING pc=0x0000000002a6583b sp=0x000000000281e768 mode 2


Dynamic libraries:
0x00007ff6bcdb0000 - 0x00007ff6bcde7000 	C:\Program Files\Java\jdk1.8.0_181\bin\java.exe
0x00007ff999e70000 - 0x00007ff99a051000 	C:\WINDOWS\SYSTEM32\ntdll.dll
0x00007ff997760000 - 0x00007ff997812000 	C:\WINDOWS\System32\KERNEL32.DLL
0x00007ff9969c0000 - 0x00007ff996c33000 	C:\WINDOWS\System32\KERNELBASE.dll
0x00007ff999750000 - 0x00007ff9997f1000 	C:\WINDOWS\System32\ADVAPI32.dll
0x00007ff999da0000 - 0x00007ff999e3e000 	C:\WINDOWS\System32\msvcrt.dll
0x00007ff999360000 - 0x00007ff9993bb000 	C:\WINDOWS\System32\sechost.dll
0x00007ff999470000 - 0x00007ff999594000 	C:\WINDOWS\System32\RPCRT4.dll
0x00007ff9991d0000 - 0x00007ff999360000 	C:\WINDOWS\System32\USER32.dll
0x00007ff996290000 - 0x00007ff9962b0000 	C:\WINDOWS\System32\win32u.dll
0x00007ff999720000 - 0x00007ff999748000 	C:\WINDOWS\System32\GDI32.dll
0x00007ff9970b0000 - 0x00007ff997242000 	C:\WINDOWS\System32\gdi32full.dll
0x00007ff996f10000 - 0x00007ff996faf000 	C:\WINDOWS\System32\msvcp_win.dll
0x00007ff996fb0000 - 0x00007ff9970aa000 	C:\WINDOWS\System32\ucrtbase.dll
0x00007ff98d300000 - 0x00007ff98d569000 	C:\WINDOWS\WinSxS\amd64_microsoft.windows.common-controls_6595b64144ccf1df_6.0.17134.285_none_fb4297e330656775\COMCTL32.dll
0x00007ff998ea0000 - 0x00007ff9991c3000 	C:\WINDOWS\System32\combase.dll
0x00007ff996c40000 - 0x00007ff996cba000 	C:\WINDOWS\System32\bcryptPrimitives.dll
0x00007ff999b30000 - 0x00007ff999b5d000 	C:\WINDOWS\System32\IMM32.DLL
0x0000000062820000 - 0x00000000628f2000 	C:\Program Files\Java\jdk1.8.0_181\jre\bin\msvcr100.dll
0x000000005fe10000 - 0x00000000606b2000 	C:\Program Files\Java\jdk1.8.0_181\jre\bin\server\jvm.dll
0x00007ff999800000 - 0x00007ff999808000 	C:\WINDOWS\System32\PSAPI.DLL
0x00007ff98fb70000 - 0x00007ff98fb79000 	C:\WINDOWS\SYSTEM32\WSOCK32.dll
0x00007ff998dc0000 - 0x00007ff998e2c000 	C:\WINDOWS\System32\WS2_32.dll
0x00007ff993350000 - 0x00007ff993373000 	C:\WINDOWS\SYSTEM32\WINMM.dll
0x00007ff98fca0000 - 0x00007ff98fcaa000 	C:\WINDOWS\SYSTEM32\VERSION.dll
0x00007ff9932d0000 - 0x00007ff9932fa000 	C:\WINDOWS\SYSTEM32\winmmbase.dll
0x00007ff996240000 - 0x00007ff996289000 	C:\WINDOWS\System32\cfgmgr32.dll
0x0000000062810000 - 0x000000006281f000 	C:\Program Files\Java\jdk1.8.0_181\jre\bin\verify.dll
0x00000000627e0000 - 0x0000000062809000 	C:\Program Files\Java\jdk1.8.0_181\jre\bin\java.dll
0x00000000612a0000 - 0x00000000612b6000 	C:\Program Files\Java\jdk1.8.0_181\jre\bin\zip.dll
0x00007ff997820000 - 0x00007ff998c60000 	C:\WINDOWS\System32\SHELL32.dll
0x00007ff9993c0000 - 0x00007ff999469000 	C:\WINDOWS\System32\shcore.dll
0x00007ff9962b0000 - 0x00007ff9969bd000 	C:\WINDOWS\System32\windows.storage.dll
0x00007ff9998e0000 - 0x00007ff999931000 	C:\WINDOWS\System32\shlwapi.dll
0x00007ff9961e0000 - 0x00007ff9961f1000 	C:\WINDOWS\System32\kernel.appcore.dll
0x00007ff996200000 - 0x00007ff99621f000 	C:\WINDOWS\System32\profapi.dll
0x00007ff996180000 - 0x00007ff9961cc000 	C:\WINDOWS\System32\powrprof.dll
0x00007ff9961d0000 - 0x00007ff9961da000 	C:\WINDOWS\System32\FLTLIB.DLL
0x00007ff995b90000 - 0x00007ff995ba7000 	C:\WINDOWS\SYSTEM32\CRYPTSP.dll
0x00007ff995560000 - 0x00007ff995593000 	C:\WINDOWS\system32\rsaenh.dll
0x00007ff995cc0000 - 0x00007ff995ce5000 	C:\WINDOWS\SYSTEM32\bcrypt.dll
0x00007ff996080000 - 0x00007ff9960a8000 	C:\WINDOWS\SYSTEM32\USERENV.dll
0x00007ff995bb0000 - 0x00007ff995bbb000 	C:\WINDOWS\SYSTEM32\CRYPTBASE.dll
0x0000000061280000 - 0x000000006129a000 	C:\Program Files\Java\jdk1.8.0_181\jre\bin\net.dll
0x00007ff9959e0000 - 0x00007ff995a46000 	C:\WINDOWS\system32\mswsock.dll
0x00007ff995760000 - 0x00007ff995798000 	C:\WINDOWS\SYSTEM32\IPHLPAPI.DLL
0x00007ff998e90000 - 0x00007ff998e98000 	C:\WINDOWS\System32\NSI.dll
0x00007ff990300000 - 0x00007ff990316000 	C:\WINDOWS\SYSTEM32\dhcpcsvc6.DLL
0x00007ff990750000 - 0x00007ff99076a000 	C:\WINDOWS\SYSTEM32\dhcpcsvc.DLL
0x0000000061260000 - 0x0000000061271000 	C:\Program Files\Java\jdk1.8.0_181\jre\bin\nio.dll

VM Arguments:
jvm_args: -Djava.awt.headless=true -Xmx64M -Dfile.encoding=GBK -Duser.country=CN -Duser.language=zh -Duser.variant 
java_command: com.google.devtools.build.android.desugar.Desugar --input D:\ZNGJ\ZNJT\build\intermediates\transforms\stackFramesFixer\debug\25.jar --output D:\ZNGJ\ZNJT\build\intermediates\transforms\desugar\debug\27.jar --input D:\ZNGJ\ZNJT\build\intermediates\transforms\stackFramesFixer\debug\31.jar --output D:\ZNGJ\ZNJT\build\intermediates\transforms\desugar\debug\33.jar --input D:\ZNGJ\ZNJT\build\intermediates\transforms\stackFramesFixer\debug\12.jar --output D:\ZNGJ\ZNJT\build\intermediates\transforms\desugar\debug\14.jar --input D:\ZNGJ\ZNJT\build\intermediates\transforms\stackFramesFixer\debug\32.jar --output D:\ZNGJ\ZNJT\build\intermediates\transforms\desugar\debug\34.jar --input D:\ZNGJ\ZNJT\build\intermediates\transforms\stackFramesFixer\debug\21.jar --output D:\ZNGJ\ZNJT\build\intermediates\transforms\desugar\debug\23.jar --input D:\ZNGJ\ZNJT\build\intermediates\transforms\stackFramesFixer\debug\0.jar --output D:\ZNGJ\ZNJT\build\intermediates\transforms\desugar\debug\2.jar --input D:\ZNGJ\ZNJT\build\intermediates\transforms\stackFramesFixer\debug\30.jar --output D:\ZNGJ\ZNJT\build\intermediates\transforms\desugar\debug\32.jar --input D:\ZNGJ\ZNJT\build\intermediates\classes\debug --output D:\ZNGJ\ZNJT\build\intermediates\transforms\desugar\debug\1 --input D:\ZNGJ\ZNJT\build\intermediates\transforms\stackFramesFixer\debug\19.jar --output D:\ZNGJ\ZNJT\build\intermediates\transforms\desugar\debug\21.jar --classpath_entry D:\ZNGJ\idcardcamera\build\intermediates\intermediate-jars\debug\classes.jar --classpath_entry D:\ZNGJ\ZNJT\build\intermediates\classes\debug --classpath_entry D:\ZNGJ\ZNJT\build\intermediates\transforms\stackFramesFixer\debug\0.jar --classpath_entry D:\ZNGJ\ZNJT\build\intermediates\transforms\stackFramesFixer\debug\1.jar --classpath_entry D:\ZNGJ\ZNJT\build\intermediates\transforms\stackFramesFixer\debug\2.jar --classpath_entry D:\ZNGJ\ZNJT\build\intermediates\transforms\stackFramesFixer\debug\3.jar --classpath_entry D:\ZNGJ\ZNJT\build\int
java_class_path (initial): C:\Users\ThinkPad\AppData\Local\Temp\desugar_deploy.jar261940988231029253
Launcher Type: SUN_STANDARD

Environment Variables:
JAVA_HOME=C:\Program Files\Java\jdk1.8.0_181
CLASSPATH=.;C:\Program Files\Java\jdk1.8.0_181\lib;C:\Program Files\Java\jdk1.8.0_181\lib\tools.jar
PATH=D:\app\ThinkPad\product\11.2.0\dbhome_1\bin;C:\Program Files (x86)\Common Files\Oracle\Java\javapath;C:\Users\ThinkPad\Downloads\bin;C:\Program Files\Microsoft SQL Server\110\DTS\Binn\;C:\Program Files (x86)\Microsoft SQL Server\110\Tools\Binn\;C:\Program Files\Microsoft SQL Server\110\Tools\Binn\;C:\Program Files (x86)\Microsoft SQL Server\110\Tools\Binn\ManagementStudio\;C:\Program Files (x86)\Microsoft Visual Studio 10.0\Common7\IDE\PrivateAssemblies\;C:\Program Files (x86)\Microsoft SQL Server\110\DTS\Binn\;C:\Program Files\TortoiseSVN\bin;C:\Program Files\TortoiseGit\bin;E:\apache-maven-3.5.3\bin;C:\Program Files\nodejs\;C:\Program Files\Git\cmd;D:\a\platform-tools;E:\springBoot\spring-1.3.0.RELEASE\bin;C:\Program Files\Java\jdk1.8.0_181\bin;C:\Program Files\Java\jdk1.8.0_181\jre\bin;;C:\WINDOWS\system32;C:\WINDOWS;C:\WINDOWS\System32\Wbem;C:\WINDOWS\System32\WindowsPowerShell\v1.0\;C:\WINDOWS\System32\OpenSSH\;C:\Users\ThinkPad\AppData\Local\Microsoft\WindowsApps;C:\Users\ThinkPad\AppData\Roaming\npm;
USERNAME=ThinkPad
OS=Windows_NT
PROCESSOR_IDENTIFIER=Intel64 Family 6 Model 78 Stepping 3, GenuineIntel



---------------  S Y S T E M  ---------------

OS: Windows 10.0 , 64 bit Build 17134 (10.0.17134.1)

CPU:total 4 (initial active 4) (2 cores per cpu, 2 threads per core) family 6 model 78 stepping 3, cmov, cx8, fxsr, mmx, sse, sse2, sse3, ssse3, sse4.1, sse4.2, popcnt, avx, avx2, aes, clmul, erms, rtm, 3dnowpref, lzcnt, ht, tsc, tscinvbit, bmi1, bmi2, adx

Memory: 4k page, physical 8289272k(1679916k free), swap 13409272k(1036k free)

vm_info: Java HotSpot(TM) 64-Bit Server VM (25.181-b13) for windows-amd64 JRE (1.8.0_181-b13), built on Jul  7 2018 04:01:33 by "java_re" with MS VC++ 10.0 (VS2010)

time: Mon Sep 17 18:58:00 2018
elapsed time: 4 seconds (0d 0h 0m 4s)

